[0.529s] Invoking command in '/home/irene/examen/examen_ros2/ex_recu_24_preg_02': PYTHONPATH=/home/irene/examen/examen_ros2/ex_recu_24_preg_02/build/ex_recu_24_preg_02/prefix_override:/usr/lib/python3/dist-packages/colcon_core/task/python/colcon_distutils_commands:/home/irene/examen/examen_ros2/ex_recu_24_preg_02/install/ex_recu_24_preg_02/lib/python3.8/site-packages:${PYTHONPATH} /usr/bin/python3 -W ignore:setup.py install is deprecated -W ignore:easy_install command is deprecated setup.py egg_info --egg-base build/ex_recu_24_preg_02 build --build-base /home/irene/examen/examen_ros2/ex_recu_24_preg_02/build/ex_recu_24_preg_02/build install --record /home/irene/examen/examen_ros2/ex_recu_24_preg_02/build/ex_recu_24_preg_02/install.log --single-version-externally-managed install_data
[0.709s] running egg_info
[0.709s] creating build/ex_recu_24_preg_02/ex_recu_24_preg_02.egg-info
[0.709s] writing build/ex_recu_24_preg_02/ex_recu_24_preg_02.egg-info/PKG-INFO
[0.710s] writing dependency_links to build/ex_recu_24_preg_02/ex_recu_24_preg_02.egg-info/dependency_links.txt
[0.710s] writing entry points to build/ex_recu_24_preg_02/ex_recu_24_preg_02.egg-info/entry_points.txt
[0.710s] writing requirements to build/ex_recu_24_preg_02/ex_recu_24_preg_02.egg-info/requires.txt
[0.710s] writing top-level names to build/ex_recu_24_preg_02/ex_recu_24_preg_02.egg-info/top_level.txt
[0.711s] writing manifest file 'build/ex_recu_24_preg_02/ex_recu_24_preg_02.egg-info/SOURCES.txt'
[0.733s] reading manifest file 'build/ex_recu_24_preg_02/ex_recu_24_preg_02.egg-info/SOURCES.txt'
[0.733s] writing manifest file 'build/ex_recu_24_preg_02/ex_recu_24_preg_02.egg-info/SOURCES.txt'
[0.733s] running build
[0.734s] running build_py
[0.734s] creating /home/irene/examen/examen_ros2/ex_recu_24_preg_02/build/ex_recu_24_preg_02/build
[0.734s] creating /home/irene/examen/examen_ros2/ex_recu_24_preg_02/build/ex_recu_24_preg_02/build/lib
[0.734s] creating /home/irene/examen/examen_ros2/ex_recu_24_preg_02/build/ex_recu_24_preg_02/build/lib/ex_recu_24_preg_02
[0.734s] copying ex_recu_24_preg_02/__init__.py -> /home/irene/examen/examen_ros2/ex_recu_24_preg_02/build/ex_recu_24_preg_02/build/lib/ex_recu_24_preg_02
[0.734s] running install
[0.734s] running install_lib
[0.735s] creating /home/irene/examen/examen_ros2/ex_recu_24_preg_02/install/ex_recu_24_preg_02/lib/python3.8/site-packages/ex_recu_24_preg_02
[0.735s] copying /home/irene/examen/examen_ros2/ex_recu_24_preg_02/build/ex_recu_24_preg_02/build/lib/ex_recu_24_preg_02/__init__.py -> /home/irene/examen/examen_ros2/ex_recu_24_preg_02/install/ex_recu_24_preg_02/lib/python3.8/site-packages/ex_recu_24_preg_02
[0.735s] byte-compiling /home/irene/examen/examen_ros2/ex_recu_24_preg_02/install/ex_recu_24_preg_02/lib/python3.8/site-packages/ex_recu_24_preg_02/__init__.py to __init__.cpython-38.pyc
[0.736s] running install_data
[0.736s] creating /home/irene/examen/examen_ros2/ex_recu_24_preg_02/install/ex_recu_24_preg_02/share/ament_index
[0.736s] creating /home/irene/examen/examen_ros2/ex_recu_24_preg_02/install/ex_recu_24_preg_02/share/ament_index/resource_index
[0.736s] creating /home/irene/examen/examen_ros2/ex_recu_24_preg_02/install/ex_recu_24_preg_02/share/ament_index/resource_index/packages
[0.736s] copying resource/ex_recu_24_preg_02 -> /home/irene/examen/examen_ros2/ex_recu_24_preg_02/install/ex_recu_24_preg_02/share/ament_index/resource_index/packages
[0.736s] copying package.xml -> /home/irene/examen/examen_ros2/ex_recu_24_preg_02/install/ex_recu_24_preg_02/share/ex_recu_24_preg_02
[0.737s] creating /home/irene/examen/examen_ros2/ex_recu_24_preg_02/install/ex_recu_24_preg_02/share/ex_recu_24_preg_02/config
[0.737s] copying config/office_map.yaml -> /home/irene/examen/examen_ros2/ex_recu_24_preg_02/install/ex_recu_24_preg_02/share/ex_recu_24_preg_02/config
[0.737s] copying config/my_nav2_params_full.yaml -> /home/irene/examen/examen_ros2/ex_recu_24_preg_02/install/ex_recu_24_preg_02/share/ex_recu_24_preg_02/config
[0.737s] copying config/office_map.png -> /home/irene/examen/examen_ros2/ex_recu_24_preg_02/install/ex_recu_24_preg_02/share/ex_recu_24_preg_02/config
[0.737s] copying config/my_slam.rviz -> /home/irene/examen/examen_ros2/ex_recu_24_preg_02/install/ex_recu_24_preg_02/share/ex_recu_24_preg_02/config
[0.737s] creating /home/irene/examen/examen_ros2/ex_recu_24_preg_02/install/ex_recu_24_preg_02/share/ex_recu_24_preg_02/launch
[0.737s] copying launch/ex_recu_24_preg_02.launch.py -> /home/irene/examen/examen_ros2/ex_recu_24_preg_02/install/ex_recu_24_preg_02/share/ex_recu_24_preg_02/launch
[0.737s] running install_egg_info
[0.739s] Copying build/ex_recu_24_preg_02/ex_recu_24_preg_02.egg-info to /home/irene/examen/examen_ros2/ex_recu_24_preg_02/install/ex_recu_24_preg_02/lib/python3.8/site-packages/ex_recu_24_preg_02-0.0.0-py3.8.egg-info
[0.739s] running install_scripts
[0.751s] writing list of installed files to '/home/irene/examen/examen_ros2/ex_recu_24_preg_02/build/ex_recu_24_preg_02/install.log'
[0.766s] Invoked command in '/home/irene/examen/examen_ros2/ex_recu_24_preg_02' returned '0': PYTHONPATH=/home/irene/examen/examen_ros2/ex_recu_24_preg_02/build/ex_recu_24_preg_02/prefix_override:/usr/lib/python3/dist-packages/colcon_core/task/python/colcon_distutils_commands:/home/irene/examen/examen_ros2/ex_recu_24_preg_02/install/ex_recu_24_preg_02/lib/python3.8/site-packages:${PYTHONPATH} /usr/bin/python3 -W ignore:setup.py install is deprecated -W ignore:easy_install command is deprecated setup.py egg_info --egg-base build/ex_recu_24_preg_02 build --build-base /home/irene/examen/examen_ros2/ex_recu_24_preg_02/build/ex_recu_24_preg_02/build install --record /home/irene/examen/examen_ros2/ex_recu_24_preg_02/build/ex_recu_24_preg_02/install.log --single-version-externally-managed install_data
