[0.165s] DEBUG:colcon:Command line arguments: ['/usr/bin/colcon', 'build', '--packages-select', 'ex_recu_24_preg_01']
[0.165s] DEBUG:colcon:Parsed command line arguments: Namespace(allow_overriding=[], ament_cmake_args=None, base_paths=['.'], build_base='build', catkin_cmake_args=None, catkin_skip_building_tests=False, cmake_args=None, cmake_clean_cache=False, cmake_clean_first=False, cmake_force_configure=False, cmake_target=None, cmake_target_skip_unavailable=False, continue_on_error=False, event_handlers=None, executor='parallel', ignore_user_meta=False, install_base='install', log_base=None, log_level=None, main=<bound method BuildVerb.main of <colcon_core.verb.build.BuildVerb object at 0x7efe13c289d0>>, merge_install=False, metas=['./colcon.meta'], mixin=None, mixin_files=None, mixin_verb=('build',), packages_above=None, packages_above_and_dependencies=None, packages_above_depth=None, packages_end=None, packages_ignore=None, packages_ignore_regex=None, packages_select=['ex_recu_24_preg_01'], packages_select_build_failed=False, packages_select_by_dep=None, packages_select_regex=None, packages_select_test_failures=False, packages_skip=None, packages_skip_build_finished=False, packages_skip_by_dep=None, packages_skip_regex=None, packages_skip_test_passed=False, packages_skip_up_to=None, packages_start=None, packages_up_to=None, packages_up_to_regex=None, parallel_workers=16, paths=None, symlink_install=False, test_result_base=None, verb_extension=<colcon_core.verb.build.BuildVerb object at 0x7efe13c289d0>, verb_name='build', verb_parser=<colcon_mixin.mixin.mixin_argument.MixinArgumentDecorator object at 0x7efe13c3c280>)
[0.295s] Level 1:colcon.colcon_core.package_discovery:discover_packages(colcon_meta) check parameters
[0.295s] Level 1:colcon.colcon_core.package_discovery:discover_packages(recursive) check parameters
[0.295s] Level 1:colcon.colcon_core.package_discovery:discover_packages(ignore) check parameters
[0.295s] Level 1:colcon.colcon_core.package_discovery:discover_packages(path) check parameters
[0.295s] Level 1:colcon.colcon_core.package_discovery:discover_packages(colcon_meta) discover
[0.295s] Level 1:colcon.colcon_core.package_discovery:discover_packages(recursive) discover
[0.295s] INFO:colcon.colcon_core.package_discovery:Crawling recursively for packages in '/home/irene/examen'
[0.295s] Level 1:colcon.colcon_core.package_identification:_identify(.) by extensions ['ignore', 'ignore_ament_install']
[0.295s] Level 1:colcon.colcon_core.package_identification:_identify(.) by extension 'ignore'
[0.295s] Level 1:colcon.colcon_core.package_identification:_identify(.) by extension 'ignore_ament_install'
[0.295s] Level 1:colcon.colcon_core.package_identification:_identify(.) by extensions ['colcon_pkg']
[0.295s] Level 1:colcon.colcon_core.package_identification:_identify(.) by extension 'colcon_pkg'
[0.295s] Level 1:colcon.colcon_core.package_identification:_identify(.) by extensions ['colcon_meta']
[0.295s] Level 1:colcon.colcon_core.package_identification:_identify(.) by extension 'colcon_meta'
[0.295s] Level 1:colcon.colcon_core.package_identification:_identify(.) by extensions ['ros']
[0.295s] Level 1:colcon.colcon_core.package_identification:_identify(.) by extension 'ros'
[0.303s] Level 1:colcon.colcon_core.package_identification:_identify(.) by extensions ['cmake', 'python']
[0.303s] Level 1:colcon.colcon_core.package_identification:_identify(.) by extension 'cmake'
[0.303s] Level 1:colcon.colcon_core.package_identification:_identify(.) by extension 'python'
[0.303s] Level 1:colcon.colcon_core.package_identification:_identify(.) by extensions ['python_setup_py']
[0.303s] Level 1:colcon.colcon_core.package_identification:_identify(.) by extension 'python_setup_py'
[0.303s] Level 1:colcon.colcon_core.package_identification:_identify(build) by extensions ['ignore', 'ignore_ament_install']
[0.303s] Level 1:colcon.colcon_core.package_identification:_identify(build) by extension 'ignore'
[0.303s] Level 1:colcon.colcon_core.package_identification:_identify(build) ignored
[0.303s] Level 1:colcon.colcon_core.package_identification:_identify(ex_recu_24_preg_01) by extensions ['ignore', 'ignore_ament_install']
[0.304s] Level 1:colcon.colcon_core.package_identification:_identify(ex_recu_24_preg_01) by extension 'ignore'
[0.304s] Level 1:colcon.colcon_core.package_identification:_identify(ex_recu_24_preg_01) by extension 'ignore_ament_install'
[0.304s] Level 1:colcon.colcon_core.package_identification:_identify(ex_recu_24_preg_01) by extensions ['colcon_pkg']
[0.304s] Level 1:colcon.colcon_core.package_identification:_identify(ex_recu_24_preg_01) by extension 'colcon_pkg'
[0.304s] Level 1:colcon.colcon_core.package_identification:_identify(ex_recu_24_preg_01) by extensions ['colcon_meta']
[0.304s] Level 1:colcon.colcon_core.package_identification:_identify(ex_recu_24_preg_01) by extension 'colcon_meta'
[0.304s] Level 1:colcon.colcon_core.package_identification:_identify(ex_recu_24_preg_01) by extensions ['ros']
[0.304s] Level 1:colcon.colcon_core.package_identification:_identify(ex_recu_24_preg_01) by extension 'ros'
[0.306s] DEBUG:colcon.colcon_core.package_identification:Package 'ex_recu_24_preg_01' with type 'ros.ament_cmake' and name 'ex_recu_24_preg_01'
[0.306s] Level 1:colcon.colcon_core.package_identification:_identify(install) by extensions ['ignore', 'ignore_ament_install']
[0.306s] Level 1:colcon.colcon_core.package_identification:_identify(install) by extension 'ignore'
[0.306s] Level 1:colcon.colcon_core.package_identification:_identify(install) ignored
[0.306s] Level 1:colcon.colcon_core.package_identification:_identify(log) by extensions ['ignore', 'ignore_ament_install']
[0.306s] Level 1:colcon.colcon_core.package_identification:_identify(log) by extension 'ignore'
[0.306s] Level 1:colcon.colcon_core.package_identification:_identify(log) ignored
[0.306s] Level 1:colcon.colcon_core.package_discovery:discover_packages(recursive) using defaults
[0.306s] Level 1:colcon.colcon_core.package_discovery:discover_packages(ignore) discover
[0.306s] Level 1:colcon.colcon_core.package_discovery:discover_packages(ignore) using defaults
[0.306s] Level 1:colcon.colcon_core.package_discovery:discover_packages(path) discover
[0.306s] Level 1:colcon.colcon_core.package_discovery:discover_packages(path) using defaults
[0.326s] Level 1:colcon.colcon_core.package_discovery:discover_packages(prefix_path) check parameters
[0.326s] Level 1:colcon.colcon_core.package_discovery:discover_packages(prefix_path) discover
[0.327s] DEBUG:colcon.colcon_installed_package_information.package_discovery:Found 14 installed packages in /home/irene/turtlebot3_ws/install
[0.329s] DEBUG:colcon.colcon_installed_package_information.package_discovery:Found 337 installed packages in /opt/ros/galactic
[0.330s] Level 1:colcon.colcon_core.package_discovery:discover_packages(prefix_path) using defaults
[0.381s] Level 5:colcon.colcon_core.verb:set package 'ex_recu_24_preg_01' build argument 'cmake_args' from command line to 'None'
[0.381s] Level 5:colcon.colcon_core.verb:set package 'ex_recu_24_preg_01' build argument 'cmake_target' from command line to 'None'
[0.381s] Level 5:colcon.colcon_core.verb:set package 'ex_recu_24_preg_01' build argument 'cmake_target_skip_unavailable' from command line to 'False'
[0.381s] Level 5:colcon.colcon_core.verb:set package 'ex_recu_24_preg_01' build argument 'cmake_clean_cache' from command line to 'False'
[0.382s] Level 5:colcon.colcon_core.verb:set package 'ex_recu_24_preg_01' build argument 'cmake_clean_first' from command line to 'False'
[0.382s] Level 5:colcon.colcon_core.verb:set package 'ex_recu_24_preg_01' build argument 'cmake_force_configure' from command line to 'False'
[0.382s] Level 5:colcon.colcon_core.verb:set package 'ex_recu_24_preg_01' build argument 'ament_cmake_args' from command line to 'None'
[0.382s] Level 5:colcon.colcon_core.verb:set package 'ex_recu_24_preg_01' build argument 'catkin_cmake_args' from command line to 'None'
[0.382s] Level 5:colcon.colcon_core.verb:set package 'ex_recu_24_preg_01' build argument 'catkin_skip_building_tests' from command line to 'False'
[0.382s] DEBUG:colcon.colcon_core.verb:Building package 'ex_recu_24_preg_01' with the following arguments: {'ament_cmake_args': None, 'build_base': '/home/irene/examen/build/ex_recu_24_preg_01', 'catkin_cmake_args': None, 'catkin_skip_building_tests': False, 'cmake_args': None, 'cmake_clean_cache': False, 'cmake_clean_first': False, 'cmake_force_configure': False, 'cmake_target': None, 'cmake_target_skip_unavailable': False, 'install_base': '/home/irene/examen/install/ex_recu_24_preg_01', 'merge_install': False, 'path': '/home/irene/examen/ex_recu_24_preg_01', 'symlink_install': False, 'test_result_base': None}
[0.382s] INFO:colcon.colcon_core.executor:Executing jobs using 'parallel' executor
[0.382s] DEBUG:colcon.colcon_parallel_executor.executor.parallel:run_until_complete
[0.383s] INFO:colcon.colcon_ros.task.ament_cmake.build:Building ROS package in '/home/irene/examen/ex_recu_24_preg_01' with build type 'ament_cmake'
[0.383s] INFO:colcon.colcon_cmake.task.cmake.build:Building CMake package in '/home/irene/examen/ex_recu_24_preg_01'
[0.384s] INFO:colcon.colcon_core.plugin_system:Skipping extension 'colcon_core.shell.bat': Not used on non-Windows systems
[0.384s] INFO:colcon.colcon_core.shell:Skip shell extension 'powershell' for command environment: Not usable outside of PowerShell
[0.384s] DEBUG:colcon.colcon_core.shell:Skip shell extension 'dsv' for command environment
[0.400s] DEBUG:colcon.colcon_core.event_handler.log_command:Invoking command in '/home/irene/examen/build/ex_recu_24_preg_01': CMAKE_PREFIX_PATH=/home/irene/turtlebot3_ws/install/web_video_server:/home/irene/turtlebot3_ws/install/turtlebot3_simulations:/home/irene/turtlebot3_ws/install/my_world:/home/irene/turtlebot3_ws/install/turtlebot3_gazebo:/home/irene/turtlebot3_ws/install/turtlebot3_fake_node:/home/irene/turtlebot3_ws/install/package_name:/home/irene/turtlebot3_ws/install/custom_interface:/home/irene/turtlebot3_ws/install/show_msg:/home/irene/turtlebot3_ws/install/my_nav2_system:/home/irene/turtlebot3_ws/install/my_first_subscriber:/home/irene/turtlebot3_ws/install/my_first_service:/home/irene/turtlebot3_ws/install/my_first_publisher:/home/irene/turtlebot3_ws/install/my_first_node:/opt/ros/galactic:/home/irene/turtlebot3_ws/install/async_web_server_cpp /usr/bin/cmake /home/irene/examen/ex_recu_24_preg_01 -DCMAKE_INSTALL_PREFIX=/home/irene/examen/install/ex_recu_24_preg_01
[0.414s] DEBUG:colcon.colcon_core.event_handler.log_command:Invoked command in '/home/irene/examen/build/ex_recu_24_preg_01' returned '1': CMAKE_PREFIX_PATH=/home/irene/turtlebot3_ws/install/web_video_server:/home/irene/turtlebot3_ws/install/turtlebot3_simulations:/home/irene/turtlebot3_ws/install/my_world:/home/irene/turtlebot3_ws/install/turtlebot3_gazebo:/home/irene/turtlebot3_ws/install/turtlebot3_fake_node:/home/irene/turtlebot3_ws/install/package_name:/home/irene/turtlebot3_ws/install/custom_interface:/home/irene/turtlebot3_ws/install/show_msg:/home/irene/turtlebot3_ws/install/my_nav2_system:/home/irene/turtlebot3_ws/install/my_first_subscriber:/home/irene/turtlebot3_ws/install/my_first_service:/home/irene/turtlebot3_ws/install/my_first_publisher:/home/irene/turtlebot3_ws/install/my_first_node:/opt/ros/galactic:/home/irene/turtlebot3_ws/install/async_web_server_cpp /usr/bin/cmake /home/irene/examen/ex_recu_24_preg_01 -DCMAKE_INSTALL_PREFIX=/home/irene/examen/install/ex_recu_24_preg_01
[0.424s] Level 1:colcon.colcon_core.environment:create_environment_scripts_only(ex_recu_24_preg_01)
[0.429s] Level 1:colcon.colcon_core.environment:checking '/home/irene/examen/install/ex_recu_24_preg_01' for CMake module files
[0.430s] Level 1:colcon.colcon_core.environment:checking '/home/irene/examen/install/ex_recu_24_preg_01' for CMake config files
[0.431s] Level 1:colcon.colcon_core.environment:checking '/home/irene/examen/install/ex_recu_24_preg_01/bin'
[0.431s] Level 1:colcon.colcon_core.environment:checking '/home/irene/examen/install/ex_recu_24_preg_01/lib/pkgconfig/ex_recu_24_preg_01.pc'
[0.431s] Level 1:colcon.colcon_core.environment:checking '/home/irene/examen/install/ex_recu_24_preg_01/lib/python3.8/site-packages'
[0.432s] Level 1:colcon.colcon_core.environment:checking '/home/irene/examen/install/ex_recu_24_preg_01/bin'
[0.432s] INFO:colcon.colcon_core.shell:Creating package script '/home/irene/examen/install/ex_recu_24_preg_01/share/ex_recu_24_preg_01/package.ps1'
[0.434s] INFO:colcon.colcon_core.shell:Creating package descriptor '/home/irene/examen/install/ex_recu_24_preg_01/share/ex_recu_24_preg_01/package.dsv'
[0.435s] INFO:colcon.colcon_core.shell:Creating package script '/home/irene/examen/install/ex_recu_24_preg_01/share/ex_recu_24_preg_01/package.sh'
[0.435s] INFO:colcon.colcon_core.shell:Creating package script '/home/irene/examen/install/ex_recu_24_preg_01/share/ex_recu_24_preg_01/package.bash'
[0.436s] INFO:colcon.colcon_core.shell:Creating package script '/home/irene/examen/install/ex_recu_24_preg_01/share/ex_recu_24_preg_01/package.zsh'
[0.436s] Level 1:colcon.colcon_core.environment:create_file_with_runtime_dependencies(/home/irene/examen/install/ex_recu_24_preg_01/share/colcon-core/packages/ex_recu_24_preg_01)
[0.447s] DEBUG:colcon.colcon_parallel_executor.executor.parallel:closing loop
[0.447s] DEBUG:colcon.colcon_parallel_executor.executor.parallel:loop closed
[0.447s] DEBUG:colcon.colcon_parallel_executor.executor.parallel:run_until_complete finished with '1'
[0.447s] DEBUG:colcon.colcon_core.event_reactor:joining thread
[0.459s] INFO:colcon.colcon_core.plugin_system:Skipping extension 'colcon_notification.desktop_notification.terminal_notifier': Not used on non-Darwin systems
[0.459s] INFO:colcon.colcon_core.plugin_system:Skipping extension 'colcon_notification.desktop_notification.win32': Not used on non-Windows systems
[0.459s] INFO:colcon.colcon_notification.desktop_notification:Sending desktop notification using 'notify2'
[0.479s] DEBUG:colcon.colcon_core.event_reactor:joined thread
[0.480s] INFO:colcon.colcon_core.shell:Creating prefix script '/home/irene/examen/install/local_setup.ps1'
[0.482s] INFO:colcon.colcon_core.shell:Creating prefix util module '/home/irene/examen/install/_local_setup_util_ps1.py'
[0.485s] INFO:colcon.colcon_core.shell:Creating prefix chain script '/home/irene/examen/install/setup.ps1'
[0.488s] INFO:colcon.colcon_core.shell:Creating prefix script '/home/irene/examen/install/local_setup.sh'
[0.489s] INFO:colcon.colcon_core.shell:Creating prefix util module '/home/irene/examen/install/_local_setup_util_sh.py'
[0.489s] INFO:colcon.colcon_core.shell:Creating prefix chain script '/home/irene/examen/install/setup.sh'
[0.492s] INFO:colcon.colcon_core.shell:Creating prefix script '/home/irene/examen/install/local_setup.bash'
[0.492s] INFO:colcon.colcon_core.shell:Creating prefix chain script '/home/irene/examen/install/setup.bash'
[0.493s] INFO:colcon.colcon_core.shell:Creating prefix script '/home/irene/examen/install/local_setup.zsh'
[0.493s] INFO:colcon.colcon_core.shell:Creating prefix chain script '/home/irene/examen/install/setup.zsh'
