[0.014s] Invoking command in '/home/irene/examen/build/ex_recu_24_preg_01': CMAKE_PREFIX_PATH=/home/irene/turtlebot3_ws/install/web_video_server:/home/irene/turtlebot3_ws/install/turtlebot3_simulations:/home/irene/turtlebot3_ws/install/my_world:/home/irene/turtlebot3_ws/install/turtlebot3_gazebo:/home/irene/turtlebot3_ws/install/turtlebot3_fake_node:/home/irene/turtlebot3_ws/install/package_name:/home/irene/turtlebot3_ws/install/custom_interface:/home/irene/turtlebot3_ws/install/show_msg:/home/irene/turtlebot3_ws/install/my_nav2_system:/home/irene/turtlebot3_ws/install/my_first_subscriber:/home/irene/turtlebot3_ws/install/my_first_service:/home/irene/turtlebot3_ws/install/my_first_publisher:/home/irene/turtlebot3_ws/install/my_first_node:/opt/ros/galactic:/home/irene/turtlebot3_ws/install/async_web_server_cpp /usr/bin/cmake /home/irene/examen/ex_recu_24_preg_01 -DCMAKE_INSTALL_PREFIX=/home/irene/examen/install/ex_recu_24_preg_01
[0.081s] -- The C compiler identification is GNU 9.4.0
[0.146s] -- The CXX compiler identification is GNU 9.4.0
[0.153s] -- Check for working C compiler: /usr/bin/cc
[0.249s] -- Check for working C compiler: /usr/bin/cc -- works
[0.250s] -- Detecting C compiler ABI info
[0.361s] -- Detecting C compiler ABI info - done
[0.372s] -- Detecting C compile features
[0.372s] -- Detecting C compile features - done
[0.374s] -- Check for working CXX compiler: /usr/bin/c++
[0.494s] -- Check for working CXX compiler: /usr/bin/c++ -- works
[0.496s] -- Detecting CXX compiler ABI info
[0.607s] -- Detecting CXX compiler ABI info - done
[0.616s] -- Detecting CXX compile features
[0.617s] -- Detecting CXX compile features - done
[0.620s] -- Found ament_cmake: 1.1.6 (/opt/ros/galactic/share/ament_cmake/cmake)
[0.651s] -- Found PythonInterp: /usr/bin/python3 (found suitable version "3.8.10", minimum required is "3") 
[0.651s] -- Using PYTHON_EXECUTABLE: /usr/bin/python3
[0.738s] -- Found PkgConfig: /usr/bin/pkg-config (found version "0.29.1") 
[0.742s] -- Checking for module 'bullet>=2.82'
[0.769s] --   Found bullet, version 2.88
[1.019s] -- Found ccd: /usr/include (found suitable version "2.0", minimum required is "2.0") 
[1.142s] -- Found fcl: /usr/include (found suitable version "0.5.0", minimum required is "0.3.2") 
[1.263s] -- Found assimp: /usr/include (found version "5.0.0") 
[1.286s] -- Found DART: /usr/include (Required is at least version "6.6") found components: dart 
[1.720s] -- Found Boost: /usr/lib/x86_64-linux-gnu/cmake/Boost-1.71.0/BoostConfig.cmake (found suitable version "1.71.0", minimum required is "1.40.0") found components: thread system filesystem program_options regex iostreams date_time 
[1.740s] -- Found Protobuf: /usr/lib/x86_64-linux-gnu/libprotobuf.so;-lpthread (found version "3.6.1") 
[1.745s] -- Looking for ignition-math6 -- found version 6.15.1
[1.751s] -- Searching for dependencies of ignition-math6
[1.752s] -- Looking for OGRE...
[1.753s] -- OGRE_PREFIX_WATCH changed.
[1.757s] -- Checking for module 'OGRE'
[1.794s] --   Found OGRE, version 1.9.0
[1.871s] -- Found Ogre Ghadamon (1.9.0)
[1.878s] -- Found OGRE: optimized;/usr/lib/x86_64-linux-gnu/libOgreMain.so;debug;/usr/lib/x86_64-linux-gnu/libOgreMain.so
[1.885s] -- Looking for OGRE_Paging...
[1.890s] -- Found OGRE_Paging: optimized;/usr/lib/x86_64-linux-gnu/libOgrePaging.so;debug;/usr/lib/x86_64-linux-gnu/libOgrePaging.so
[1.890s] -- Looking for OGRE_Terrain...
[1.895s] -- Found OGRE_Terrain: optimized;/usr/lib/x86_64-linux-gnu/libOgreTerrain.so;debug;/usr/lib/x86_64-linux-gnu/libOgreTerrain.so
[1.895s] -- Looking for OGRE_Property...
[1.900s] -- Found OGRE_Property: optimized;/usr/lib/x86_64-linux-gnu/libOgreProperty.so;debug;/usr/lib/x86_64-linux-gnu/libOgreProperty.so
[1.900s] -- Looking for OGRE_RTShaderSystem...
[1.905s] -- Found OGRE_RTShaderSystem: optimized;/usr/lib/x86_64-linux-gnu/libOgreRTShaderSystem.so;debug;/usr/lib/x86_64-linux-gnu/libOgreRTShaderSystem.so
[1.905s] -- Looking for OGRE_Volume...
[1.910s] -- Found OGRE_Volume: optimized;/usr/lib/x86_64-linux-gnu/libOgreVolume.so;debug;/usr/lib/x86_64-linux-gnu/libOgreVolume.so
[1.910s] -- Looking for OGRE_Overlay...
[1.915s] -- Found OGRE_Overlay: optimized;/usr/lib/x86_64-linux-gnu/libOgreOverlay.so;debug;/usr/lib/x86_64-linux-gnu/libOgreOverlay.so
[2.030s] -- Looking for ignition-math6 -- found version 6.15.1
[2.032s] -- Looking for ignition-transport8 -- found version 8.3.0
[2.033s] -- Searching for dependencies of ignition-transport8
[2.054s] -- Found Protobuf: /usr/lib/x86_64-linux-gnu/libprotobuf.so;-lpthread (found suitable version "3.6.1", minimum required is "3") 
[2.071s] -- Config-file not installed for ZeroMQ -- checking for pkg-config
[2.074s] -- Checking for module 'libzmq >= 4'
[2.111s] --   Found libzmq , version 4.3.2
[2.203s] -- Found ZeroMQ: TRUE (Required is at least version "4") 
[2.208s] -- Checking for module 'uuid'
[2.249s] --   Found uuid, version 2.34.0
[2.346s] -- Found UUID: TRUE  
[2.351s] -- Looking for ignition-msgs5 -- found version 5.10.0
[2.352s] -- Searching for dependencies of ignition-msgs5
[2.376s] -- Looking for ignition-math6 -- found version 6.15.1
[2.384s] -- Checking for module 'tinyxml2'
[2.418s] --   Found tinyxml2, version 6.2.0
[2.519s] -- Looking for ignition-msgs5 -- found version 5.10.0
[2.523s] -- Looking for ignition-common3 -- found version 3.14.2
[2.524s] -- Searching for dependencies of ignition-common3
[2.524s] -- Looking for dlfcn.h - found
[2.525s] -- Looking for libdl - found
[2.526s] -- Found DL: TRUE  
[2.533s] -- Searching for <ignition-common3> component [graphics]
[2.536s] -- Looking for ignition-common3-graphics -- found version 3.14.2
[2.536s] -- Searching for dependencies of ignition-common3-graphics
[2.537s] -- Looking for ignition-math6 -- found version 6.15.1
[2.540s] -- Looking for ignition-fuel_tools4 -- found version 4.6.0
[2.540s] -- Searching for dependencies of ignition-fuel_tools4
[2.696s] -- Found CURL: /usr/lib/x86_64-linux-gnu/libcurl.so (found version "7.68.0")  
[2.705s] -- Checking for module 'jsoncpp'
[2.740s] --   Found jsoncpp, version 1.7.4
[2.830s] -- Found JSONCPP: TRUE  
[2.839s] -- Checking for module 'libzip'
[2.875s] --   Found libzip, version 1.5.1
[2.966s] -- Found ZIP: TRUE  
[2.966s] -- Looking for ignition-common3 -- found version 3.14.2
[2.967s] -- Looking for ignition-math6 -- found version 6.15.1
[2.967s] -- Looking for ignition-msgs5 -- found version 5.10.0
[2.970s] -- Found gazebo_ros_pkgs: 3.5.2 (/opt/ros/galactic/share/gazebo_ros_pkgs/cmake)
[2.972s] -- Found geometry_msgs: 2.2.4 (/opt/ros/galactic/share/geometry_msgs/cmake)
[2.999s] -- Using all available rosidl_typesupport_c: rosidl_typesupport_fastrtps_c;rosidl_typesupport_introspection_c
[3.007s] -- Found rosidl_adapter: 2.2.3 (/opt/ros/galactic/share/rosidl_adapter/cmake)
[3.156s] -- Found OpenSSL: /usr/lib/x86_64-linux-gnu/libcrypto.so (found version "1.1.1f")  
[3.180s] -- Found FastRTPS: /opt/ros/galactic/include  
[3.249s] -- Using all available rosidl_typesupport_cpp: rosidl_typesupport_fastrtps_cpp;rosidl_typesupport_introspection_cpp
[3.311s] -- Found nav_msgs: 2.2.4 (/opt/ros/galactic/share/nav_msgs/cmake)
[3.361s] -- Found rclcpp: 9.2.2 (/opt/ros/galactic/share/rclcpp/cmake)
[3.407s] -- Found rmw_implementation_cmake: 3.3.1 (/opt/ros/galactic/share/rmw_implementation_cmake/cmake)
[3.411s] -- Found rmw_cyclonedds_cpp: 0.22.6 (/opt/ros/galactic/share/rmw_cyclonedds_cpp/cmake)
[3.426s] -- Using RMW implementation 'rmw_cyclonedds_cpp' as default
[3.427s] -- Found Threads: TRUE  
[3.530s] -- Found sensor_msgs: 2.2.4 (/opt/ros/galactic/share/sensor_msgs/cmake)
[3.581s] -- Found tf2: 0.17.5 (/opt/ros/galactic/share/tf2/cmake)
[3.589s] -- Found turtlebot3_gazebo: 2.2.4 (/home/irene/turtlebot3_ws/install/turtlebot3_gazebo/share/turtlebot3_gazebo/cmake)
[3.677s] -- Configuring done
[3.684s] -- Generating done
[3.688s] -- Build files have been written to: /home/irene/examen/build/ex_recu_24_preg_01
[3.697s] Invoked command in '/home/irene/examen/build/ex_recu_24_preg_01' returned '0': CMAKE_PREFIX_PATH=/home/irene/turtlebot3_ws/install/web_video_server:/home/irene/turtlebot3_ws/install/turtlebot3_simulations:/home/irene/turtlebot3_ws/install/my_world:/home/irene/turtlebot3_ws/install/turtlebot3_gazebo:/home/irene/turtlebot3_ws/install/turtlebot3_fake_node:/home/irene/turtlebot3_ws/install/package_name:/home/irene/turtlebot3_ws/install/custom_interface:/home/irene/turtlebot3_ws/install/show_msg:/home/irene/turtlebot3_ws/install/my_nav2_system:/home/irene/turtlebot3_ws/install/my_first_subscriber:/home/irene/turtlebot3_ws/install/my_first_service:/home/irene/turtlebot3_ws/install/my_first_publisher:/home/irene/turtlebot3_ws/install/my_first_node:/opt/ros/galactic:/home/irene/turtlebot3_ws/install/async_web_server_cpp /usr/bin/cmake /home/irene/examen/ex_recu_24_preg_01 -DCMAKE_INSTALL_PREFIX=/home/irene/examen/install/ex_recu_24_preg_01
[3.703s] Invoking command in '/home/irene/examen/build/ex_recu_24_preg_01': CMAKE_PREFIX_PATH=/home/irene/turtlebot3_ws/install/web_video_server:/home/irene/turtlebot3_ws/install/turtlebot3_simulations:/home/irene/turtlebot3_ws/install/my_world:/home/irene/turtlebot3_ws/install/turtlebot3_gazebo:/home/irene/turtlebot3_ws/install/turtlebot3_fake_node:/home/irene/turtlebot3_ws/install/package_name:/home/irene/turtlebot3_ws/install/custom_interface:/home/irene/turtlebot3_ws/install/show_msg:/home/irene/turtlebot3_ws/install/my_nav2_system:/home/irene/turtlebot3_ws/install/my_first_subscriber:/home/irene/turtlebot3_ws/install/my_first_service:/home/irene/turtlebot3_ws/install/my_first_publisher:/home/irene/turtlebot3_ws/install/my_first_node:/opt/ros/galactic:/home/irene/turtlebot3_ws/install/async_web_server_cpp /usr/bin/cmake --build /home/irene/examen/build/ex_recu_24_preg_01 -- -j16 -l16
[3.754s] [35m[1mScanning dependencies of target turtlebot3_drive[0m
[3.804s] [ 50%] [32mBuilding CXX object CMakeFiles/turtlebot3_drive.dir/src/turtlebot3_drive.cpp.o[0m
[10.529s] [100%] [32m[1mLinking CXX executable turtlebot3_drive[0m
[10.849s] [100%] Built target turtlebot3_drive
[10.869s] Invoked command in '/home/irene/examen/build/ex_recu_24_preg_01' returned '0': CMAKE_PREFIX_PATH=/home/irene/turtlebot3_ws/install/web_video_server:/home/irene/turtlebot3_ws/install/turtlebot3_simulations:/home/irene/turtlebot3_ws/install/my_world:/home/irene/turtlebot3_ws/install/turtlebot3_gazebo:/home/irene/turtlebot3_ws/install/turtlebot3_fake_node:/home/irene/turtlebot3_ws/install/package_name:/home/irene/turtlebot3_ws/install/custom_interface:/home/irene/turtlebot3_ws/install/show_msg:/home/irene/turtlebot3_ws/install/my_nav2_system:/home/irene/turtlebot3_ws/install/my_first_subscriber:/home/irene/turtlebot3_ws/install/my_first_service:/home/irene/turtlebot3_ws/install/my_first_publisher:/home/irene/turtlebot3_ws/install/my_first_node:/opt/ros/galactic:/home/irene/turtlebot3_ws/install/async_web_server_cpp /usr/bin/cmake --build /home/irene/examen/build/ex_recu_24_preg_01 -- -j16 -l16
[10.891s] Invoking command in '/home/irene/examen/build/ex_recu_24_preg_01': CMAKE_PREFIX_PATH=/home/irene/turtlebot3_ws/install/web_video_server:/home/irene/turtlebot3_ws/install/turtlebot3_simulations:/home/irene/turtlebot3_ws/install/my_world:/home/irene/turtlebot3_ws/install/turtlebot3_gazebo:/home/irene/turtlebot3_ws/install/turtlebot3_fake_node:/home/irene/turtlebot3_ws/install/package_name:/home/irene/turtlebot3_ws/install/custom_interface:/home/irene/turtlebot3_ws/install/show_msg:/home/irene/turtlebot3_ws/install/my_nav2_system:/home/irene/turtlebot3_ws/install/my_first_subscriber:/home/irene/turtlebot3_ws/install/my_first_service:/home/irene/turtlebot3_ws/install/my_first_publisher:/home/irene/turtlebot3_ws/install/my_first_node:/opt/ros/galactic:/home/irene/turtlebot3_ws/install/async_web_server_cpp /usr/bin/cmake --install /home/irene/examen/build/ex_recu_24_preg_01
[10.905s] -- Install configuration: ""
[10.905s] -- Installing: /home/irene/examen/install/ex_recu_24_preg_01/lib/ex_recu_24_preg_01/turtlebot3_drive
[10.909s] -- Set runtime path of "/home/irene/examen/install/ex_recu_24_preg_01/lib/ex_recu_24_preg_01/turtlebot3_drive" to ""
[10.910s] -- Installing: /home/irene/examen/install/ex_recu_24_preg_01/share/ex_recu_24_preg_01//launch
[10.910s] -- Installing: /home/irene/examen/install/ex_recu_24_preg_01/share/ex_recu_24_preg_01//launch/ex_recu_24_preg_01_tb3.launch.py
[10.910s] -- Installing: /home/irene/examen/install/ex_recu_24_preg_01/share/ex_recu_24_preg_01//world
[10.910s] -- Installing: /home/irene/examen/install/ex_recu_24_preg_01/share/ex_recu_24_preg_01//world/burger_office.world
[10.910s] -- Installing: /home/irene/examen/install/ex_recu_24_preg_01/share/ex_recu_24_preg_01//urdf
[10.911s] -- Installing: /home/irene/examen/install/ex_recu_24_preg_01/share/ex_recu_24_preg_01//urdf/turtlebot3_burger.urdf
[10.911s] -- Installing: /home/irene/examen/install/ex_recu_24_preg_01/share/ex_recu_24_preg_01//models
[10.911s] -- Installing: /home/irene/examen/install/ex_recu_24_preg_01/share/ex_recu_24_preg_01//models/conference_table_large
[10.911s] -- Installing: /home/irene/examen/install/ex_recu_24_preg_01/share/ex_recu_24_preg_01//models/conference_table_large/model.sdf
[10.911s] -- Installing: /home/irene/examen/install/ex_recu_24_preg_01/share/ex_recu_24_preg_01//models/conference_table_large/model.config
[10.911s] -- Installing: /home/irene/examen/install/ex_recu_24_preg_01/share/ex_recu_24_preg_01//models/conference_table_large/meshes
[10.911s] -- Installing: /home/irene/examen/install/ex_recu_24_preg_01/share/ex_recu_24_preg_01//models/conference_table_large/meshes/conference_table_large.obj
[10.911s] -- Installing: /home/irene/examen/install/ex_recu_24_preg_01/share/ex_recu_24_preg_01//models/conference_table_large/meshes/conference_table_large.mtl
[10.911s] -- Installing: /home/irene/examen/install/ex_recu_24_preg_01/share/ex_recu_24_preg_01//models/tv_stand
[10.911s] -- Installing: /home/irene/examen/install/ex_recu_24_preg_01/share/ex_recu_24_preg_01//models/tv_stand/model.sdf
[10.911s] -- Installing: /home/irene/examen/install/ex_recu_24_preg_01/share/ex_recu_24_preg_01//models/tv_stand/model.config
[10.911s] -- Installing: /home/irene/examen/install/ex_recu_24_preg_01/share/ex_recu_24_preg_01//models/tv_stand/materials
[10.912s] -- Installing: /home/irene/examen/install/ex_recu_24_preg_01/share/ex_recu_24_preg_01//models/tv_stand/materials/textures
[10.912s] -- Installing: /home/irene/examen/install/ex_recu_24_preg_01/share/ex_recu_24_preg_01//models/tv_stand/materials/textures/tv_diffuse.png
[10.912s] -- Installing: /home/irene/examen/install/ex_recu_24_preg_01/share/ex_recu_24_preg_01//models/tv_stand/materials/textures/stand_specular.png
[10.912s] -- Installing: /home/irene/examen/install/ex_recu_24_preg_01/share/ex_recu_24_preg_01//models/tv_stand/materials/textures/tv_specular.png
[10.912s] -- Installing: /home/irene/examen/install/ex_recu_24_preg_01/share/ex_recu_24_preg_01//models/tv_stand/materials/textures/stand_diffuse.png
[10.913s] -- Installing: /home/irene/examen/install/ex_recu_24_preg_01/share/ex_recu_24_preg_01//models/tv_stand/meshes
[10.913s] -- Installing: /home/irene/examen/install/ex_recu_24_preg_01/share/ex_recu_24_preg_01//models/tv_stand/meshes/tv_stand.dae
[10.913s] -- Installing: /home/irene/examen/install/ex_recu_24_preg_01/share/ex_recu_24_preg_01//models/media
[10.913s] -- Installing: /home/irene/examen/install/ex_recu_24_preg_01/share/ex_recu_24_preg_01//models/media/materials
[10.913s] -- Installing: /home/irene/examen/install/ex_recu_24_preg_01/share/ex_recu_24_preg_01//models/media/materials/textures
[10.913s] -- Installing: /home/irene/examen/install/ex_recu_24_preg_01/share/ex_recu_24_preg_01//models/media/materials/textures/cubicle_wall.png
[10.913s] -- Installing: /home/irene/examen/install/ex_recu_24_preg_01/share/ex_recu_24_preg_01//models/media/materials/textures/bathroom.png
[10.915s] -- Installing: /home/irene/examen/install/ex_recu_24_preg_01/share/ex_recu_24_preg_01//models/media/materials/textures/door_wall.png
[10.915s] -- Installing: /home/irene/examen/install/ex_recu_24_preg_01/share/ex_recu_24_preg_01//models/media/materials/textures/wall_window_and_elevator.png
[10.916s] -- Installing: /home/irene/examen/install/ex_recu_24_preg_01/share/ex_recu_24_preg_01//models/media/materials/textures/wall_color.png
[10.916s] -- Installing: /home/irene/examen/install/ex_recu_24_preg_01/share/ex_recu_24_preg_01//models/media/materials/textures/floors.png
[10.917s] -- Installing: /home/irene/examen/install/ex_recu_24_preg_01/share/ex_recu_24_preg_01//models/media/materials/textures/hallway.png
[10.917s] -- Installing: /home/irene/examen/install/ex_recu_24_preg_01/share/ex_recu_24_preg_01//models/media/materials/textures/plain.png
[10.917s] -- Installing: /home/irene/examen/install/ex_recu_24_preg_01/share/ex_recu_24_preg_01//models/media/materials/textures/wall_plain_and_door.png
[10.917s] -- Installing: /home/irene/examen/install/ex_recu_24_preg_01/share/ex_recu_24_preg_01//models/media/materials/textures/ceiling.png
[10.917s] -- Installing: /home/irene/examen/install/ex_recu_24_preg_01/share/ex_recu_24_preg_01//models/media/materials/textures/sink.png
[10.918s] -- Installing: /home/irene/examen/install/ex_recu_24_preg_01/share/ex_recu_24_preg_01//models/media/materials/textures/window.png
[10.918s] -- Installing: /home/irene/examen/install/ex_recu_24_preg_01/share/ex_recu_24_preg_01//models/media/materials/textures/elevator.png
[10.918s] -- Installing: /home/irene/examen/install/ex_recu_24_preg_01/share/ex_recu_24_preg_01//models/media/materials/scripts
[10.918s] -- Installing: /home/irene/examen/install/ex_recu_24_preg_01/share/ex_recu_24_preg_01//models/media/materials/scripts/servicesim.material
[10.918s] -- Installing: /home/irene/examen/install/ex_recu_24_preg_01/share/ex_recu_24_preg_01//models/media/meshes
[10.918s] -- Installing: /home/irene/examen/install/ex_recu_24_preg_01/share/ex_recu_24_preg_01//models/media/meshes/wall_plain.obj
[10.919s] -- Installing: /home/irene/examen/install/ex_recu_24_preg_01/share/ex_recu_24_preg_01//models/media/meshes/cubicle_wall.obj
[10.919s] -- Installing: /home/irene/examen/install/ex_recu_24_preg_01/share/ex_recu_24_preg_01//models/media/meshes/wall_door.obj
[10.919s] -- Installing: /home/irene/examen/install/ex_recu_24_preg_01/share/ex_recu_24_preg_01//models/media/meshes/carpet.obj
[10.919s] -- Installing: /home/irene/examen/install/ex_recu_24_preg_01/share/ex_recu_24_preg_01//models/media/meshes/wall_elevator.obj
[10.919s] -- Installing: /home/irene/examen/install/ex_recu_24_preg_01/share/ex_recu_24_preg_01//models/media/meshes/sink.obj
[10.919s] -- Installing: /home/irene/examen/install/ex_recu_24_preg_01/share/ex_recu_24_preg_01//models/media/meshes/tile.obj
[10.919s] -- Installing: /home/irene/examen/install/ex_recu_24_preg_01/share/ex_recu_24_preg_01//models/media/meshes/office_large.obj
[10.919s] -- Installing: /home/irene/examen/install/ex_recu_24_preg_01/share/ex_recu_24_preg_01//models/media/meshes/wall_window.obj
[10.919s] -- Installing: /home/irene/examen/install/ex_recu_24_preg_01/share/ex_recu_24_preg_01//models/media/meshes/hallway.obj
[10.919s] -- Installing: /home/irene/examen/install/ex_recu_24_preg_01/share/ex_recu_24_preg_01//models/media/meshes/cubicle_wall.mtl
[10.920s] -- Installing: /home/irene/examen/install/ex_recu_24_preg_01/share/ex_recu_24_preg_01//models/media/meshes/ceiling.obj
[10.920s] -- Installing: /home/irene/examen/install/ex_recu_24_preg_01/share/ex_recu_24_preg_01//models/media/meshes/reception.obj
[10.920s] -- Installing: /home/irene/examen/install/ex_recu_24_preg_01/share/ex_recu_24_preg_01//models/media/meshes/office.mtl
[10.920s] -- Installing: /home/irene/examen/install/ex_recu_24_preg_01/share/ex_recu_24_preg_01//models/media/meshes/bathroom.obj
[10.920s] -- Installing: /home/irene/examen/install/ex_recu_24_preg_01/share/ex_recu_24_preg_01//models/media/meshes/refreshment_area.obj
[10.920s] -- Installing: /home/irene/examen/install/ex_recu_24_preg_01/share/ex_recu_24_preg_01//models/media/meshes/office_small.obj
[10.920s] -- Installing: /home/irene/examen/install/ex_recu_24_preg_01/share/ex_recu_24_preg_01//models/media/meshes/meeting_room_small.obj
[10.920s] -- Installing: /home/irene/examen/install/ex_recu_24_preg_01/share/ex_recu_24_preg_01//models/media/meshes/meeting_room_large.obj
[10.920s] -- Installing: /home/irene/examen/install/ex_recu_24_preg_01/share/ex_recu_24_preg_01//models/office_lamp
[10.920s] -- Installing: /home/irene/examen/install/ex_recu_24_preg_01/share/ex_recu_24_preg_01//models/office_lamp/model.sdf
[10.920s] -- Installing: /home/irene/examen/install/ex_recu_24_preg_01/share/ex_recu_24_preg_01//models/office_lamp/model.config
[10.921s] -- Installing: /home/irene/examen/install/ex_recu_24_preg_01/share/ex_recu_24_preg_01//models/office_lamp/materials
[10.921s] -- Installing: /home/irene/examen/install/ex_recu_24_preg_01/share/ex_recu_24_preg_01//models/office_lamp/materials/textures
[10.921s] -- Installing: /home/irene/examen/install/ex_recu_24_preg_01/share/ex_recu_24_preg_01//models/office_lamp/materials/textures/office_lamp_specular.png
[10.922s] -- Installing: /home/irene/examen/install/ex_recu_24_preg_01/share/ex_recu_24_preg_01//models/office_lamp/materials/textures/office_lamp_diffuse.png
[10.923s] -- Installing: /home/irene/examen/install/ex_recu_24_preg_01/share/ex_recu_24_preg_01//models/office_lamp/materials/textures/office_lamp_illumination.png
[10.924s] -- Installing: /home/irene/examen/install/ex_recu_24_preg_01/share/ex_recu_24_preg_01//models/office_lamp/meshes
[10.924s] -- Installing: /home/irene/examen/install/ex_recu_24_preg_01/share/ex_recu_24_preg_01//models/office_lamp/meshes/office_lamp.dae
[10.924s] -- Installing: /home/irene/examen/install/ex_recu_24_preg_01/share/ex_recu_24_preg_01//models/conference_table_small
[10.924s] -- Installing: /home/irene/examen/install/ex_recu_24_preg_01/share/ex_recu_24_preg_01//models/conference_table_small/model.sdf
[10.924s] -- Installing: /home/irene/examen/install/ex_recu_24_preg_01/share/ex_recu_24_preg_01//models/conference_table_small/model.config
[10.924s] -- Installing: /home/irene/examen/install/ex_recu_24_preg_01/share/ex_recu_24_preg_01//models/conference_table_small/materials
[10.924s] -- Installing: /home/irene/examen/install/ex_recu_24_preg_01/share/ex_recu_24_preg_01//models/conference_table_small/materials/textures
[10.924s] -- Installing: /home/irene/examen/install/ex_recu_24_preg_01/share/ex_recu_24_preg_01//models/conference_table_small/materials/textures/conference_table.png
[10.925s] -- Installing: /home/irene/examen/install/ex_recu_24_preg_01/share/ex_recu_24_preg_01//models/conference_table_small/meshes
[10.925s] -- Installing: /home/irene/examen/install/ex_recu_24_preg_01/share/ex_recu_24_preg_01//models/conference_table_small/meshes/conference_table_small.obj
[10.925s] -- Installing: /home/irene/examen/install/ex_recu_24_preg_01/share/ex_recu_24_preg_01//models/conference_table_small/meshes/conference_table_small.mtl
[10.926s] -- Installing: /home/irene/examen/install/ex_recu_24_preg_01/share/ex_recu_24_preg_01//models/reception_desk
[10.926s] -- Installing: /home/irene/examen/install/ex_recu_24_preg_01/share/ex_recu_24_preg_01//models/reception_desk/model.sdf
[10.926s] -- Installing: /home/irene/examen/install/ex_recu_24_preg_01/share/ex_recu_24_preg_01//models/reception_desk/model.config
[10.926s] -- Installing: /home/irene/examen/install/ex_recu_24_preg_01/share/ex_recu_24_preg_01//models/reception_desk/materials
[10.926s] -- Installing: /home/irene/examen/install/ex_recu_24_preg_01/share/ex_recu_24_preg_01//models/reception_desk/materials/textures
[10.926s] -- Installing: /home/irene/examen/install/ex_recu_24_preg_01/share/ex_recu_24_preg_01//models/reception_desk/materials/textures/reception_desk.png
[10.926s] -- Installing: /home/irene/examen/install/ex_recu_24_preg_01/share/ex_recu_24_preg_01//models/reception_desk/meshes
[10.927s] -- Installing: /home/irene/examen/install/ex_recu_24_preg_01/share/ex_recu_24_preg_01//models/reception_desk/meshes/reception_desk.obj
[10.927s] -- Installing: /home/irene/examen/install/ex_recu_24_preg_01/share/ex_recu_24_preg_01//models/reception_desk/meshes/reception_desk.mtl
[10.927s] -- Installing: /home/irene/examen/install/ex_recu_24_preg_01/share/ex_recu_24_preg_01//models/whiteboard
[10.927s] -- Installing: /home/irene/examen/install/ex_recu_24_preg_01/share/ex_recu_24_preg_01//models/whiteboard/model.sdf
[10.927s] -- Installing: /home/irene/examen/install/ex_recu_24_preg_01/share/ex_recu_24_preg_01//models/whiteboard/model.config
[10.927s] -- Installing: /home/irene/examen/install/ex_recu_24_preg_01/share/ex_recu_24_preg_01//models/whiteboard/materials
[10.927s] -- Installing: /home/irene/examen/install/ex_recu_24_preg_01/share/ex_recu_24_preg_01//models/whiteboard/materials/textures
[10.927s] -- Installing: /home/irene/examen/install/ex_recu_24_preg_01/share/ex_recu_24_preg_01//models/whiteboard/materials/textures/whiteboard.png
[10.927s] -- Installing: /home/irene/examen/install/ex_recu_24_preg_01/share/ex_recu_24_preg_01//models/whiteboard/meshes
[10.927s] -- Installing: /home/irene/examen/install/ex_recu_24_preg_01/share/ex_recu_24_preg_01//models/whiteboard/meshes/whiteboard.mtl
[10.927s] -- Installing: /home/irene/examen/install/ex_recu_24_preg_01/share/ex_recu_24_preg_01//models/whiteboard/meshes/whiteboard.obj
[10.928s] -- Installing: /home/irene/examen/install/ex_recu_24_preg_01/share/ex_recu_24_preg_01//models/office_box
[10.928s] -- Installing: /home/irene/examen/install/ex_recu_24_preg_01/share/ex_recu_24_preg_01//models/office_box/model.sdf
[10.928s] -- Installing: /home/irene/examen/install/ex_recu_24_preg_01/share/ex_recu_24_preg_01//models/office_box/model.config
[10.928s] -- Installing: /home/irene/examen/install/ex_recu_24_preg_01/share/ex_recu_24_preg_01//models/office_box/materials
[10.928s] -- Installing: /home/irene/examen/install/ex_recu_24_preg_01/share/ex_recu_24_preg_01//models/office_box/materials/textures
[10.928s] -- Installing: /home/irene/examen/install/ex_recu_24_preg_01/share/ex_recu_24_preg_01//models/office_box/materials/textures/office_box.png
[10.928s] -- Installing: /home/irene/examen/install/ex_recu_24_preg_01/share/ex_recu_24_preg_01//models/office_box/meshes
[10.929s] -- Installing: /home/irene/examen/install/ex_recu_24_preg_01/share/ex_recu_24_preg_01//models/office_box/meshes/office_box.dae
[10.929s] -- Installing: /home/irene/examen/install/ex_recu_24_preg_01/share/ex_recu_24_preg_01//models/dishwasher
[10.929s] -- Installing: /home/irene/examen/install/ex_recu_24_preg_01/share/ex_recu_24_preg_01//models/dishwasher/model.sdf
[10.929s] -- Installing: /home/irene/examen/install/ex_recu_24_preg_01/share/ex_recu_24_preg_01//models/dishwasher/model.config
[10.929s] -- Installing: /home/irene/examen/install/ex_recu_24_preg_01/share/ex_recu_24_preg_01//models/dishwasher/materials
[10.929s] -- Installing: /home/irene/examen/install/ex_recu_24_preg_01/share/ex_recu_24_preg_01//models/dishwasher/materials/textures
[10.929s] -- Installing: /home/irene/examen/install/ex_recu_24_preg_01/share/ex_recu_24_preg_01//models/dishwasher/materials/textures/dishwasher.png
[10.929s] -- Installing: /home/irene/examen/install/ex_recu_24_preg_01/share/ex_recu_24_preg_01//models/dishwasher/meshes
[10.929s] -- Installing: /home/irene/examen/install/ex_recu_24_preg_01/share/ex_recu_24_preg_01//models/dishwasher/meshes/dishwasher.mtl
[10.929s] -- Installing: /home/irene/examen/install/ex_recu_24_preg_01/share/ex_recu_24_preg_01//models/dishwasher/meshes/dishwasher.obj
[10.930s] -- Installing: /home/irene/examen/install/ex_recu_24_preg_01/share/ex_recu_24_preg_01//models/cubicle_corner
[10.930s] -- Installing: /home/irene/examen/install/ex_recu_24_preg_01/share/ex_recu_24_preg_01//models/cubicle_corner/model.sdf
[10.930s] -- Installing: /home/irene/examen/install/ex_recu_24_preg_01/share/ex_recu_24_preg_01//models/cubicle_corner/model.config
[10.930s] -- Installing: /home/irene/examen/install/ex_recu_24_preg_01/share/ex_recu_24_preg_01//models/cubicle_corner/materials
[10.930s] -- Installing: /home/irene/examen/install/ex_recu_24_preg_01/share/ex_recu_24_preg_01//models/cubicle_corner/materials/textures
[10.930s] -- Installing: /home/irene/examen/install/ex_recu_24_preg_01/share/ex_recu_24_preg_01//models/cubicle_corner/materials/textures/cubicle_corner.png
[10.931s] -- Installing: /home/irene/examen/install/ex_recu_24_preg_01/share/ex_recu_24_preg_01//models/cubicle_corner/meshes
[10.931s] -- Installing: /home/irene/examen/install/ex_recu_24_preg_01/share/ex_recu_24_preg_01//models/cubicle_corner/meshes/cubicle_corner.obj
[10.931s] -- Installing: /home/irene/examen/install/ex_recu_24_preg_01/share/ex_recu_24_preg_01//models/cubicle_corner/meshes/cubicle_corner.mtl
[10.931s] -- Installing: /home/irene/examen/install/ex_recu_24_preg_01/share/ex_recu_24_preg_01//models/office_cafe_table
[10.931s] -- Installing: /home/irene/examen/install/ex_recu_24_preg_01/share/ex_recu_24_preg_01//models/office_cafe_table/model.sdf
[10.931s] -- Installing: /home/irene/examen/install/ex_recu_24_preg_01/share/ex_recu_24_preg_01//models/office_cafe_table/model.config
[10.932s] -- Installing: /home/irene/examen/install/ex_recu_24_preg_01/share/ex_recu_24_preg_01//models/office_cafe_table/materials
[10.932s] -- Installing: /home/irene/examen/install/ex_recu_24_preg_01/share/ex_recu_24_preg_01//models/office_cafe_table/materials/textures
[10.932s] -- Installing: /home/irene/examen/install/ex_recu_24_preg_01/share/ex_recu_24_preg_01//models/office_cafe_table/materials/textures/Maple.jpg
[10.932s] -- Installing: /home/irene/examen/install/ex_recu_24_preg_01/share/ex_recu_24_preg_01//models/office_cafe_table/materials/textures/Wood_Floor_Dark.jpg
[10.932s] -- Installing: /home/irene/examen/install/ex_recu_24_preg_01/share/ex_recu_24_preg_01//models/office_cafe_table/meshes
[10.932s] -- Installing: /home/irene/examen/install/ex_recu_24_preg_01/share/ex_recu_24_preg_01//models/office_cafe_table/meshes/office_cafe_table.dae
[10.932s] -- Installing: /home/irene/examen/install/ex_recu_24_preg_01/share/ex_recu_24_preg_01//models/office_couch
[10.932s] -- Installing: /home/irene/examen/install/ex_recu_24_preg_01/share/ex_recu_24_preg_01//models/office_couch/model.sdf
[10.932s] -- Installing: /home/irene/examen/install/ex_recu_24_preg_01/share/ex_recu_24_preg_01//models/office_couch/model.config
[10.932s] -- Installing: /home/irene/examen/install/ex_recu_24_preg_01/share/ex_recu_24_preg_01//models/office_couch/materials
[10.932s] -- Installing: /home/irene/examen/install/ex_recu_24_preg_01/share/ex_recu_24_preg_01//models/office_couch/materials/textures
[10.933s] -- Installing: /home/irene/examen/install/ex_recu_24_preg_01/share/ex_recu_24_preg_01//models/office_couch/materials/textures/office_couch_specular.png
[10.934s] -- Installing: /home/irene/examen/install/ex_recu_24_preg_01/share/ex_recu_24_preg_01//models/office_couch/materials/textures/office_couch_diffuse.png
[10.936s] -- Installing: /home/irene/examen/install/ex_recu_24_preg_01/share/ex_recu_24_preg_01//models/office_couch/meshes
[10.936s] -- Installing: /home/irene/examen/install/ex_recu_24_preg_01/share/ex_recu_24_preg_01//models/office_couch/meshes/office_couch.dae
[10.936s] -- Installing: /home/irene/examen/install/ex_recu_24_preg_01/share/ex_recu_24_preg_01//models/refrigerator
[10.936s] -- Installing: /home/irene/examen/install/ex_recu_24_preg_01/share/ex_recu_24_preg_01//models/refrigerator/model.sdf
[10.936s] -- Installing: /home/irene/examen/install/ex_recu_24_preg_01/share/ex_recu_24_preg_01//models/refrigerator/model.config
[10.937s] -- Installing: /home/irene/examen/install/ex_recu_24_preg_01/share/ex_recu_24_preg_01//models/refrigerator/materials
[10.937s] -- Installing: /home/irene/examen/install/ex_recu_24_preg_01/share/ex_recu_24_preg_01//models/refrigerator/materials/textures
[10.937s] -- Installing: /home/irene/examen/install/ex_recu_24_preg_01/share/ex_recu_24_preg_01//models/refrigerator/materials/textures/refrigerator.png
[10.937s] -- Installing: /home/irene/examen/install/ex_recu_24_preg_01/share/ex_recu_24_preg_01//models/refrigerator/meshes
[10.937s] -- Installing: /home/irene/examen/install/ex_recu_24_preg_01/share/ex_recu_24_preg_01//models/refrigerator/meshes/refrigerator.obj
[10.937s] -- Installing: /home/irene/examen/install/ex_recu_24_preg_01/share/ex_recu_24_preg_01//models/refrigerator/meshes/refrigerator.mtl
[10.937s] -- Installing: /home/irene/examen/install/ex_recu_24_preg_01/share/ex_recu_24_preg_01//models/microwave
[10.937s] -- Installing: /home/irene/examen/install/ex_recu_24_preg_01/share/ex_recu_24_preg_01//models/microwave/model.sdf
[10.937s] -- Installing: /home/irene/examen/install/ex_recu_24_preg_01/share/ex_recu_24_preg_01//models/microwave/model.config
[10.937s] -- Installing: /home/irene/examen/install/ex_recu_24_preg_01/share/ex_recu_24_preg_01//models/microwave/materials
[10.938s] -- Installing: /home/irene/examen/install/ex_recu_24_preg_01/share/ex_recu_24_preg_01//models/microwave/materials/textures
[10.938s] -- Installing: /home/irene/examen/install/ex_recu_24_preg_01/share/ex_recu_24_preg_01//models/microwave/materials/textures/microwave.png
[10.939s] -- Installing: /home/irene/examen/install/ex_recu_24_preg_01/share/ex_recu_24_preg_01//models/microwave/meshes
[10.939s] -- Installing: /home/irene/examen/install/ex_recu_24_preg_01/share/ex_recu_24_preg_01//models/microwave/meshes/microwave.mtl
[10.939s] -- Installing: /home/irene/examen/install/ex_recu_24_preg_01/share/ex_recu_24_preg_01//models/microwave/meshes/microwave.obj
[10.939s] -- Installing: /home/irene/examen/install/ex_recu_24_preg_01/share/ex_recu_24_preg_01//models/cafe_counter
[10.939s] -- Installing: /home/irene/examen/install/ex_recu_24_preg_01/share/ex_recu_24_preg_01//models/cafe_counter/model.sdf
[10.939s] -- Installing: /home/irene/examen/install/ex_recu_24_preg_01/share/ex_recu_24_preg_01//models/cafe_counter/model.config
[10.939s] -- Installing: /home/irene/examen/install/ex_recu_24_preg_01/share/ex_recu_24_preg_01//models/cafe_counter/materials
[10.939s] -- Installing: /home/irene/examen/install/ex_recu_24_preg_01/share/ex_recu_24_preg_01//models/cafe_counter/materials/textures
[10.939s] -- Installing: /home/irene/examen/install/ex_recu_24_preg_01/share/ex_recu_24_preg_01//models/cafe_counter/materials/textures/cafe_counter.png
[10.940s] -- Installing: /home/irene/examen/install/ex_recu_24_preg_01/share/ex_recu_24_preg_01//models/cafe_counter/meshes
[10.940s] -- Installing: /home/irene/examen/install/ex_recu_24_preg_01/share/ex_recu_24_preg_01//models/cafe_counter/meshes/cafe_counter.mtl
[10.940s] -- Installing: /home/irene/examen/install/ex_recu_24_preg_01/share/ex_recu_24_preg_01//models/cafe_counter/meshes/cafe_counter.obj
[10.941s] -- Installing: /home/irene/examen/install/ex_recu_24_preg_01/share/ex_recu_24_preg_01//models/cafe_counter/meshes/counter_sink.obj
[10.941s] -- Installing: /home/irene/examen/install/ex_recu_24_preg_01/share/ex_recu_24_preg_01//models/cafe_counter/meshes/counter_no_sink.obj
[10.941s] -- Installing: /home/irene/examen/install/ex_recu_24_preg_01/share/ex_recu_24_preg_01//models/office_chair
[10.941s] -- Installing: /home/irene/examen/install/ex_recu_24_preg_01/share/ex_recu_24_preg_01//models/office_chair/model.sdf
[10.941s] -- Installing: /home/irene/examen/install/ex_recu_24_preg_01/share/ex_recu_24_preg_01//models/office_chair/model.config
[10.941s] -- Installing: /home/irene/examen/install/ex_recu_24_preg_01/share/ex_recu_24_preg_01//models/office_chair/materials
[10.941s] -- Installing: /home/irene/examen/install/ex_recu_24_preg_01/share/ex_recu_24_preg_01//models/office_chair/materials/textures
[10.941s] -- Installing: /home/irene/examen/install/ex_recu_24_preg_01/share/ex_recu_24_preg_01//models/office_chair/materials/textures/office_chair_diffuse.png
[10.942s] -- Installing: /home/irene/examen/install/ex_recu_24_preg_01/share/ex_recu_24_preg_01//models/office_chair/materials/textures/office_chair_specular.png
[10.943s] -- Installing: /home/irene/examen/install/ex_recu_24_preg_01/share/ex_recu_24_preg_01//models/office_chair/meshes
[10.943s] -- Installing: /home/irene/examen/install/ex_recu_24_preg_01/share/ex_recu_24_preg_01//models/office_chair/meshes/office_chair.dae
[10.943s] -- Installing: /home/irene/examen/install/ex_recu_24_preg_01/share/ex_recu_24_preg_01//models/cubicle_wall
[10.943s] -- Installing: /home/irene/examen/install/ex_recu_24_preg_01/share/ex_recu_24_preg_01//models/cubicle_wall/model.sdf
[10.943s] -- Installing: /home/irene/examen/install/ex_recu_24_preg_01/share/ex_recu_24_preg_01//models/cubicle_wall/model.config
[10.943s] -- Installing: /home/irene/examen/install/ex_recu_24_preg_01/share/ex_recu_24_preg_01//models/cubicle_wall/materials
[10.944s] -- Installing: /home/irene/examen/install/ex_recu_24_preg_01/share/ex_recu_24_preg_01//models/cubicle_wall/materials/textures
[10.944s] -- Installing: /home/irene/examen/install/ex_recu_24_preg_01/share/ex_recu_24_preg_01//models/cubicle_wall/materials/textures/cubicle_wall.png
[10.944s] -- Installing: /home/irene/examen/install/ex_recu_24_preg_01/share/ex_recu_24_preg_01//models/cubicle_wall/meshes
[10.944s] -- Installing: /home/irene/examen/install/ex_recu_24_preg_01/share/ex_recu_24_preg_01//models/cubicle_wall/meshes/cubicle_wall.obj
[10.944s] -- Installing: /home/irene/examen/install/ex_recu_24_preg_01/share/ex_recu_24_preg_01//models/cubicle_wall/meshes/cubicle_open.obj
[10.944s] -- Installing: /home/irene/examen/install/ex_recu_24_preg_01/share/ex_recu_24_preg_01//models/cubicle_wall/meshes/cubicle_wall.mtl
[10.944s] -- Installing: /home/irene/examen/install/ex_recu_24_preg_01/share/ex_recu_24_preg_01//models/cubicle_wall/meshes/cubicle_closed.obj
[10.944s] -- Installing: /home/irene/examen/install/ex_recu_24_preg_01/share/ex_recu_24_preg_01//models/cubicle_wall/meshes/cubicle_corner.obj
[10.944s] -- Installing: /home/irene/examen/install/ex_recu_24_preg_01/share/ex_recu_24_preg_01//models/servicebot
[10.944s] -- Installing: /home/irene/examen/install/ex_recu_24_preg_01/share/ex_recu_24_preg_01//models/servicebot/model.sdf
[10.945s] -- Installing: /home/irene/examen/install/ex_recu_24_preg_01/share/ex_recu_24_preg_01//models/servicebot/model.config
[10.945s] -- Installing: /home/irene/examen/install/ex_recu_24_preg_01/share/ex_recu_24_preg_01//models/servicebot/materials
[10.945s] -- Installing: /home/irene/examen/install/ex_recu_24_preg_01/share/ex_recu_24_preg_01//models/servicebot/materials/textures
[10.945s] -- Installing: /home/irene/examen/install/ex_recu_24_preg_01/share/ex_recu_24_preg_01//models/servicebot/materials/textures/servicebot.png
[10.946s] -- Installing: /home/irene/examen/install/ex_recu_24_preg_01/share/ex_recu_24_preg_01//models/servicebot/meshes
[10.946s] -- Installing: /home/irene/examen/install/ex_recu_24_preg_01/share/ex_recu_24_preg_01//models/servicebot/meshes/servicebot.mtl
[10.946s] -- Installing: /home/irene/examen/install/ex_recu_24_preg_01/share/ex_recu_24_preg_01//models/servicebot/meshes/servicebot.obj
[10.947s] -- Installing: /home/irene/examen/install/ex_recu_24_preg_01/share/ex_recu_24_preg_01//models/bathroom_sink
[10.947s] -- Installing: /home/irene/examen/install/ex_recu_24_preg_01/share/ex_recu_24_preg_01//models/bathroom_sink/model.sdf
[10.947s] -- Installing: /home/irene/examen/install/ex_recu_24_preg_01/share/ex_recu_24_preg_01//models/bathroom_sink/model.config
[10.947s] -- Installing: /home/irene/examen/install/ex_recu_24_preg_01/share/ex_recu_24_preg_01//models/bathroom_sink/materials
[10.947s] -- Installing: /home/irene/examen/install/ex_recu_24_preg_01/share/ex_recu_24_preg_01//models/bathroom_sink/materials/textures
[10.947s] -- Installing: /home/irene/examen/install/ex_recu_24_preg_01/share/ex_recu_24_preg_01//models/bathroom_sink/materials/textures/bathroom_sink_specular.png
[10.948s] -- Installing: /home/irene/examen/install/ex_recu_24_preg_01/share/ex_recu_24_preg_01//models/bathroom_sink/materials/textures/bathroom_sink_diffuse.png
[10.950s] -- Installing: /home/irene/examen/install/ex_recu_24_preg_01/share/ex_recu_24_preg_01//models/bathroom_sink/meshes
[10.950s] -- Installing: /home/irene/examen/install/ex_recu_24_preg_01/share/ex_recu_24_preg_01//models/bathroom_sink/meshes/bathroom_sink.dae
[10.950s] -- Installing: /home/irene/examen/install/ex_recu_24_preg_01/share/ex_recu_24_preg_01//models/desk_chair
[10.950s] -- Installing: /home/irene/examen/install/ex_recu_24_preg_01/share/ex_recu_24_preg_01//models/desk_chair/model.sdf
[10.950s] -- Installing: /home/irene/examen/install/ex_recu_24_preg_01/share/ex_recu_24_preg_01//models/desk_chair/model.config
[10.950s] -- Installing: /home/irene/examen/install/ex_recu_24_preg_01/share/ex_recu_24_preg_01//models/desk_chair/materials
[10.950s] -- Installing: /home/irene/examen/install/ex_recu_24_preg_01/share/ex_recu_24_preg_01//models/desk_chair/materials/textures
[10.950s] -- Installing: /home/irene/examen/install/ex_recu_24_preg_01/share/ex_recu_24_preg_01//models/desk_chair/materials/textures/desk_chair.png
[10.954s] -- Installing: /home/irene/examen/install/ex_recu_24_preg_01/share/ex_recu_24_preg_01//models/desk_chair/meshes
[10.954s] -- Installing: /home/irene/examen/install/ex_recu_24_preg_01/share/ex_recu_24_preg_01//models/desk_chair/meshes/desk_chair.obj
[10.954s] -- Installing: /home/irene/examen/install/ex_recu_24_preg_01/share/ex_recu_24_preg_01//models/desk_chair/meshes/desk_chair.mtl
[10.954s] -- Installing: /home/irene/examen/install/ex_recu_24_preg_01/share/ex_recu_24_preg_01//models/office_desk
[10.954s] -- Installing: /home/irene/examen/install/ex_recu_24_preg_01/share/ex_recu_24_preg_01//models/office_desk/model.sdf
[10.954s] -- Installing: /home/irene/examen/install/ex_recu_24_preg_01/share/ex_recu_24_preg_01//models/office_desk/model.config
[10.954s] -- Installing: /home/irene/examen/install/ex_recu_24_preg_01/share/ex_recu_24_preg_01//models/office_desk/materials
[10.954s] -- Installing: /home/irene/examen/install/ex_recu_24_preg_01/share/ex_recu_24_preg_01//models/office_desk/materials/textures
[10.954s] -- Installing: /home/irene/examen/install/ex_recu_24_preg_01/share/ex_recu_24_preg_01//models/office_desk/materials/textures/office_desk_diffuse.png
[10.956s] -- Installing: /home/irene/examen/install/ex_recu_24_preg_01/share/ex_recu_24_preg_01//models/office_desk/materials/textures/office_desk_specular.png
[10.956s] -- Installing: /home/irene/examen/install/ex_recu_24_preg_01/share/ex_recu_24_preg_01//models/office_desk/meshes
[10.956s] -- Installing: /home/irene/examen/install/ex_recu_24_preg_01/share/ex_recu_24_preg_01//models/office_desk/meshes/office_desk.dae
[10.956s] -- Installing: /home/irene/examen/install/ex_recu_24_preg_01/share/ex_recu_24_preg_01//models/toilet
[10.956s] -- Installing: /home/irene/examen/install/ex_recu_24_preg_01/share/ex_recu_24_preg_01//models/toilet/model.sdf
[10.957s] -- Installing: /home/irene/examen/install/ex_recu_24_preg_01/share/ex_recu_24_preg_01//models/toilet/model.config
[10.957s] -- Installing: /home/irene/examen/install/ex_recu_24_preg_01/share/ex_recu_24_preg_01//models/toilet/materials
[10.957s] -- Installing: /home/irene/examen/install/ex_recu_24_preg_01/share/ex_recu_24_preg_01//models/toilet/materials/textures
[10.957s] -- Installing: /home/irene/examen/install/ex_recu_24_preg_01/share/ex_recu_24_preg_01//models/toilet/materials/textures/toilet_diffuse_specular.png
[10.957s] -- Installing: /home/irene/examen/install/ex_recu_24_preg_01/share/ex_recu_24_preg_01//models/toilet/meshes
[10.957s] -- Installing: /home/irene/examen/install/ex_recu_24_preg_01/share/ex_recu_24_preg_01//models/toilet/meshes/toilet.dae
[10.957s] -- Installing: /home/irene/examen/install/ex_recu_24_preg_01/share/ex_recu_24_preg_01//models/office_table
[10.957s] -- Installing: /home/irene/examen/install/ex_recu_24_preg_01/share/ex_recu_24_preg_01//models/office_table/model.sdf
[10.957s] -- Installing: /home/irene/examen/install/ex_recu_24_preg_01/share/ex_recu_24_preg_01//models/office_table/model.config
[10.957s] -- Installing: /home/irene/examen/install/ex_recu_24_preg_01/share/ex_recu_24_preg_01//models/office_table/materials
[10.957s] -- Installing: /home/irene/examen/install/ex_recu_24_preg_01/share/ex_recu_24_preg_01//models/office_table/materials/textures
[10.957s] -- Installing: /home/irene/examen/install/ex_recu_24_preg_01/share/ex_recu_24_preg_01//models/office_table/materials/textures/office_table_diffuse.png
[10.958s] -- Installing: /home/irene/examen/install/ex_recu_24_preg_01/share/ex_recu_24_preg_01//models/office_table/materials/textures/office_table_specular.png
[10.958s] -- Installing: /home/irene/examen/install/ex_recu_24_preg_01/share/ex_recu_24_preg_01//models/office_table/meshes
[10.958s] -- Installing: /home/irene/examen/install/ex_recu_24_preg_01/share/ex_recu_24_preg_01//models/office_table/meshes/office_table.dae
[10.959s] -- Installing: /home/irene/examen/install/ex_recu_24_preg_01/share/ex_recu_24_preg_01//models/conference_table_medium
[10.959s] -- Installing: /home/irene/examen/install/ex_recu_24_preg_01/share/ex_recu_24_preg_01//models/conference_table_medium/model.sdf
[10.959s] -- Installing: /home/irene/examen/install/ex_recu_24_preg_01/share/ex_recu_24_preg_01//models/conference_table_medium/model.config
[10.959s] -- Installing: /home/irene/examen/install/ex_recu_24_preg_01/share/ex_recu_24_preg_01//models/conference_table_medium/meshes
[10.959s] -- Installing: /home/irene/examen/install/ex_recu_24_preg_01/share/ex_recu_24_preg_01//models/conference_table_medium/meshes/conference_table_medium.mtl
[10.959s] -- Installing: /home/irene/examen/install/ex_recu_24_preg_01/share/ex_recu_24_preg_01//models/conference_table_medium/meshes/conference_table_medium.obj
[10.959s] -- Installing: /home/irene/examen/install/ex_recu_24_preg_01/share/ex_recu_24_preg_01//models/desk
[10.959s] -- Installing: /home/irene/examen/install/ex_recu_24_preg_01/share/ex_recu_24_preg_01//models/desk/model.sdf
[10.959s] -- Installing: /home/irene/examen/install/ex_recu_24_preg_01/share/ex_recu_24_preg_01//models/desk/model.config
[10.959s] -- Installing: /home/irene/examen/install/ex_recu_24_preg_01/share/ex_recu_24_preg_01//models/desk/materials
[10.959s] -- Installing: /home/irene/examen/install/ex_recu_24_preg_01/share/ex_recu_24_preg_01//models/desk/materials/textures
[10.959s] -- Installing: /home/irene/examen/install/ex_recu_24_preg_01/share/ex_recu_24_preg_01//models/desk/materials/textures/desk.png
[10.960s] -- Installing: /home/irene/examen/install/ex_recu_24_preg_01/share/ex_recu_24_preg_01//models/desk/meshes
[10.960s] -- Installing: /home/irene/examen/install/ex_recu_24_preg_01/share/ex_recu_24_preg_01//models/desk/meshes/desk.mtl
[10.960s] -- Installing: /home/irene/examen/install/ex_recu_24_preg_01/share/ex_recu_24_preg_01//models/desk/meshes/desk.obj
[10.960s] -- Installing: /home/irene/examen/install/ex_recu_24_preg_01/share/ex_recu_24_preg_01//models/cubicle_island
[10.960s] -- Installing: /home/irene/examen/install/ex_recu_24_preg_01/share/ex_recu_24_preg_01//models/cubicle_island/model.sdf
[10.960s] -- Installing: /home/irene/examen/install/ex_recu_24_preg_01/share/ex_recu_24_preg_01//models/cubicle_island/model.config
[10.960s] -- Installing: /home/irene/examen/install/ex_recu_24_preg_01/share/ex_recu_24_preg_01//models/cubicle_island/materials
[10.960s] -- Installing: /home/irene/examen/install/ex_recu_24_preg_01/share/ex_recu_24_preg_01//models/cubicle_island/materials/textures
[10.960s] -- Installing: /home/irene/examen/install/ex_recu_24_preg_01/share/ex_recu_24_preg_01//models/cubicle_island/materials/textures/cubicle_1.png
[10.961s] -- Installing: /home/irene/examen/install/ex_recu_24_preg_01/share/ex_recu_24_preg_01//models/cubicle_island/materials/textures/cubicle_island.png
[10.962s] -- Installing: /home/irene/examen/install/ex_recu_24_preg_01/share/ex_recu_24_preg_01//models/cubicle_island/meshes
[10.962s] -- Installing: /home/irene/examen/install/ex_recu_24_preg_01/share/ex_recu_24_preg_01//models/cubicle_island/meshes/cubicle_island.mtl
[10.962s] -- Installing: /home/irene/examen/install/ex_recu_24_preg_01/share/ex_recu_24_preg_01//models/cubicle_island/meshes/cubicle_island.obj
[10.962s] -- Installing: /home/irene/examen/install/ex_recu_24_preg_01/share/ex_recu_24_preg_01//models/coffee_maker
[10.962s] -- Installing: /home/irene/examen/install/ex_recu_24_preg_01/share/ex_recu_24_preg_01//models/coffee_maker/model.sdf
[10.962s] -- Installing: /home/irene/examen/install/ex_recu_24_preg_01/share/ex_recu_24_preg_01//models/coffee_maker/model.config
[10.962s] -- Installing: /home/irene/examen/install/ex_recu_24_preg_01/share/ex_recu_24_preg_01//models/coffee_maker/materials
[10.962s] -- Installing: /home/irene/examen/install/ex_recu_24_preg_01/share/ex_recu_24_preg_01//models/coffee_maker/materials/textures
[10.962s] -- Installing: /home/irene/examen/install/ex_recu_24_preg_01/share/ex_recu_24_preg_01//models/coffee_maker/materials/textures/coffee_maker.png
[10.963s] -- Installing: /home/irene/examen/install/ex_recu_24_preg_01/share/ex_recu_24_preg_01//models/coffee_maker/meshes
[10.963s] -- Installing: /home/irene/examen/install/ex_recu_24_preg_01/share/ex_recu_24_preg_01//models/coffee_maker/meshes/coffee_maker.obj
[10.963s] -- Installing: /home/irene/examen/install/ex_recu_24_preg_01/share/ex_recu_24_preg_01//models/coffee_maker/meshes/coffee_maker.mtl
[10.963s] -- Installing: /home/irene/examen/install/ex_recu_24_preg_01/share/ex_recu_24_preg_01//models/meshes
[10.963s] -- Installing: /home/irene/examen/install/ex_recu_24_preg_01/share/ex_recu_24_preg_01//models/meshes/wrist.stl
[10.963s] -- Installing: /home/irene/examen/install/ex_recu_24_preg_01/share/ex_recu_24_preg_01//models/meshes/robot_base.stl
[10.963s] -- Installing: /home/irene/examen/install/ex_recu_24_preg_01/share/ex_recu_24_preg_01//models/meshes/office
[10.963s] -- Installing: /home/irene/examen/install/ex_recu_24_preg_01/share/ex_recu_24_preg_01//models/meshes/office/wall_plain.obj
[10.963s] -- Installing: /home/irene/examen/install/ex_recu_24_preg_01/share/ex_recu_24_preg_01//models/meshes/office/cubicle_wall.obj
[10.963s] -- Installing: /home/irene/examen/install/ex_recu_24_preg_01/share/ex_recu_24_preg_01//models/meshes/office/wall_door.obj
[10.963s] -- Installing: /home/irene/examen/install/ex_recu_24_preg_01/share/ex_recu_24_preg_01//models/meshes/office/carpet.obj
[10.964s] -- Installing: /home/irene/examen/install/ex_recu_24_preg_01/share/ex_recu_24_preg_01//models/meshes/office/wall_elevator.obj
[10.964s] -- Installing: /home/irene/examen/install/ex_recu_24_preg_01/share/ex_recu_24_preg_01//models/meshes/office/sink.obj
[10.964s] -- Installing: /home/irene/examen/install/ex_recu_24_preg_01/share/ex_recu_24_preg_01//models/meshes/office/tile.obj
[10.964s] -- Installing: /home/irene/examen/install/ex_recu_24_preg_01/share/ex_recu_24_preg_01//models/meshes/office/office_large.obj
[10.964s] -- Installing: /home/irene/examen/install/ex_recu_24_preg_01/share/ex_recu_24_preg_01//models/meshes/office/wall_window.obj
[10.964s] -- Installing: /home/irene/examen/install/ex_recu_24_preg_01/share/ex_recu_24_preg_01//models/meshes/office/hallway.obj
[10.964s] -- Installing: /home/irene/examen/install/ex_recu_24_preg_01/share/ex_recu_24_preg_01//models/meshes/office/cubicle_wall.mtl
[10.964s] -- Installing: /home/irene/examen/install/ex_recu_24_preg_01/share/ex_recu_24_preg_01//models/meshes/office/ceiling.obj
[10.964s] -- Installing: /home/irene/examen/install/ex_recu_24_preg_01/share/ex_recu_24_preg_01//models/meshes/office/reception.obj
[10.964s] -- Installing: /home/irene/examen/install/ex_recu_24_preg_01/share/ex_recu_24_preg_01//models/meshes/office/office.mtl
[10.964s] -- Installing: /home/irene/examen/install/ex_recu_24_preg_01/share/ex_recu_24_preg_01//models/meshes/office/bathroom.obj
[10.964s] -- Installing: /home/irene/examen/install/ex_recu_24_preg_01/share/ex_recu_24_preg_01//models/meshes/office/refreshment_area.obj
[10.965s] -- Installing: /home/irene/examen/install/ex_recu_24_preg_01/share/ex_recu_24_preg_01//models/meshes/office/office_small.obj
[10.965s] -- Installing: /home/irene/examen/install/ex_recu_24_preg_01/share/ex_recu_24_preg_01//models/meshes/office/meeting_room_small.obj
[10.965s] -- Installing: /home/irene/examen/install/ex_recu_24_preg_01/share/ex_recu_24_preg_01//models/meshes/office/meeting_room_large.obj
[10.965s] -- Installing: /home/irene/examen/install/ex_recu_24_preg_01/share/ex_recu_24_preg_01//models/meshes/cafe
[10.965s] -- Installing: /home/irene/examen/install/ex_recu_24_preg_01/share/ex_recu_24_preg_01//models/meshes/cafe/walk.dae
[10.965s] -- Installing: /home/irene/examen/install/ex_recu_24_preg_01/share/ex_recu_24_preg_01//models/meshes/arm_base.stl
[10.965s] -- Installing: /home/irene/examen/install/ex_recu_24_preg_01/share/ex_recu_24_preg_01//models/meshes/elbow.stl
[10.965s] -- Installing: /home/irene/examen/install/ex_recu_24_preg_01/share/ex_recu_24_preg_01//models/meshes/bicep.stl
[10.965s] -- Installing: /home/irene/examen/install/ex_recu_24_preg_01/share/ex_recu_24_preg_01//models/meshes/wheel.stl
[10.965s] -- Installing: /home/irene/examen/install/ex_recu_24_preg_01/share/ex_recu_24_preg_01//models/turtlebot3_burger
[10.965s] -- Installing: /home/irene/examen/install/ex_recu_24_preg_01/share/ex_recu_24_preg_01//models/turtlebot3_burger/model.sdf
[10.966s] -- Installing: /home/irene/examen/install/ex_recu_24_preg_01/share/ex_recu_24_preg_01//models/turtlebot3_burger/model-1_4.sdf
[10.966s] -- Installing: /home/irene/examen/install/ex_recu_24_preg_01/share/ex_recu_24_preg_01//models/turtlebot3_burger/model.config
[10.966s] -- Installing: /home/irene/examen/install/ex_recu_24_preg_01/share/ex_recu_24_preg_01//models/turtlebot3_burger/meshes
[10.966s] -- Installing: /home/irene/examen/install/ex_recu_24_preg_01/share/ex_recu_24_preg_01//models/turtlebot3_burger/meshes/tire.dae
[10.966s] -- Installing: /home/irene/examen/install/ex_recu_24_preg_01/share/ex_recu_24_preg_01//models/turtlebot3_burger/meshes/lds.dae
[10.966s] -- Installing: /home/irene/examen/install/ex_recu_24_preg_01/share/ex_recu_24_preg_01//models/turtlebot3_burger/meshes/burger_base.dae
[10.966s] -- Installing: /home/irene/examen/install/ex_recu_24_preg_01/share/ex_recu_24_preg_01//models/computer
[10.966s] -- Installing: /home/irene/examen/install/ex_recu_24_preg_01/share/ex_recu_24_preg_01//models/computer/model.sdf
[10.966s] -- Installing: /home/irene/examen/install/ex_recu_24_preg_01/share/ex_recu_24_preg_01//models/computer/model.config
[10.966s] -- Installing: /home/irene/examen/install/ex_recu_24_preg_01/share/ex_recu_24_preg_01//models/computer/materials
[10.966s] -- Installing: /home/irene/examen/install/ex_recu_24_preg_01/share/ex_recu_24_preg_01//models/computer/materials/textures
[10.967s] -- Installing: /home/irene/examen/install/ex_recu_24_preg_01/share/ex_recu_24_preg_01//models/computer/materials/textures/computer.png
[10.967s] -- Installing: /home/irene/examen/install/ex_recu_24_preg_01/share/ex_recu_24_preg_01//models/computer/meshes
[10.967s] -- Installing: /home/irene/examen/install/ex_recu_24_preg_01/share/ex_recu_24_preg_01//models/computer/meshes/computer.mtl
[10.967s] -- Installing: /home/irene/examen/install/ex_recu_24_preg_01/share/ex_recu_24_preg_01//models/computer/meshes/computer_tower.obj
[10.967s] -- Installing: /home/irene/examen/install/ex_recu_24_preg_01/share/ex_recu_24_preg_01//models/computer/meshes/computer_monitor.obj
[10.968s] -- Installing: /home/irene/examen/install/ex_recu_24_preg_01/share/ex_recu_24_preg_01//models/computer/meshes/computer.obj
[10.968s] -- Installing: /home/irene/examen/install/ex_recu_24_preg_01/share/ex_recu_24_preg_01//models/wastebasket
[10.968s] -- Installing: /home/irene/examen/install/ex_recu_24_preg_01/share/ex_recu_24_preg_01//models/wastebasket/model.sdf
[10.968s] -- Installing: /home/irene/examen/install/ex_recu_24_preg_01/share/ex_recu_24_preg_01//models/wastebasket/model.config
[10.968s] -- Installing: /home/irene/examen/install/ex_recu_24_preg_01/share/ex_recu_24_preg_01//models/wastebasket/materials
[10.968s] -- Installing: /home/irene/examen/install/ex_recu_24_preg_01/share/ex_recu_24_preg_01//models/wastebasket/materials/textures
[10.968s] -- Installing: /home/irene/examen/install/ex_recu_24_preg_01/share/ex_recu_24_preg_01//models/wastebasket/materials/textures/wastebasket_diffuse.png
[10.968s] -- Installing: /home/irene/examen/install/ex_recu_24_preg_01/share/ex_recu_24_preg_01//models/wastebasket/meshes
[10.968s] -- Installing: /home/irene/examen/install/ex_recu_24_preg_01/share/ex_recu_24_preg_01//models/wastebasket/meshes/wastebasket.dae
[10.968s] -- Installing: /home/irene/examen/install/ex_recu_24_preg_01/share/ex_recu_24_preg_01//models/mini_fridge
[10.968s] -- Installing: /home/irene/examen/install/ex_recu_24_preg_01/share/ex_recu_24_preg_01//models/mini_fridge/model.sdf
[10.968s] -- Installing: /home/irene/examen/install/ex_recu_24_preg_01/share/ex_recu_24_preg_01//models/mini_fridge/model.config
[10.969s] -- Installing: /home/irene/examen/install/ex_recu_24_preg_01/share/ex_recu_24_preg_01//models/mini_fridge/materials
[10.969s] -- Installing: /home/irene/examen/install/ex_recu_24_preg_01/share/ex_recu_24_preg_01//models/mini_fridge/materials/textures
[10.969s] -- Installing: /home/irene/examen/install/ex_recu_24_preg_01/share/ex_recu_24_preg_01//models/mini_fridge/materials/textures/mini_fridge.png
[10.969s] -- Installing: /home/irene/examen/install/ex_recu_24_preg_01/share/ex_recu_24_preg_01//models/mini_fridge/meshes
[10.969s] -- Installing: /home/irene/examen/install/ex_recu_24_preg_01/share/ex_recu_24_preg_01//models/mini_fridge/meshes/mini_fridge.obj
[10.969s] -- Installing: /home/irene/examen/install/ex_recu_24_preg_01/share/ex_recu_24_preg_01//models/mini_fridge/meshes/mini_fridge.mtl
[10.969s] -- Installing: /home/irene/examen/install/ex_recu_24_preg_01/share/ex_recu_24_preg_01//models/door
[10.969s] -- Installing: /home/irene/examen/install/ex_recu_24_preg_01/share/ex_recu_24_preg_01//models/door/model.sdf
[10.969s] -- Installing: /home/irene/examen/install/ex_recu_24_preg_01/share/ex_recu_24_preg_01//models/door/model.config
[10.970s] -- Installing: /home/irene/examen/install/ex_recu_24_preg_01/share/ex_recu_24_preg_01//models/door/materials
[10.970s] -- Installing: /home/irene/examen/install/ex_recu_24_preg_01/share/ex_recu_24_preg_01//models/door/materials/textures
[10.970s] -- Installing: /home/irene/examen/install/ex_recu_24_preg_01/share/ex_recu_24_preg_01//models/door/materials/textures/door.png
[10.970s] -- Installing: /home/irene/examen/install/ex_recu_24_preg_01/share/ex_recu_24_preg_01//models/door/materials/textures/ceiling.png
[10.970s] -- Installing: /home/irene/examen/install/ex_recu_24_preg_01/share/ex_recu_24_preg_01//models/door/materials/textures/refrigerator.png
[10.970s] -- Installing: /home/irene/examen/install/ex_recu_24_preg_01/share/ex_recu_24_preg_01//models/door/meshes
[10.970s] -- Installing: /home/irene/examen/install/ex_recu_24_preg_01/share/ex_recu_24_preg_01//models/door/meshes/door_door.obj
[10.971s] -- Installing: /home/irene/examen/install/ex_recu_24_preg_01/share/ex_recu_24_preg_01//models/door/meshes/door.obj
[10.971s] -- Installing: /home/irene/examen/install/ex_recu_24_preg_01/share/ex_recu_24_preg_01//models/door/meshes/door.mtl
[10.971s] -- Installing: /home/irene/examen/install/ex_recu_24_preg_01/share/ex_recu_24_preg_01//models/door/meshes/door_frame.obj
[10.971s] -- Installing: /home/irene/examen/install/ex_recu_24_preg_01/share/ex_recu_24_preg_01//models/hangout_chair
[10.971s] -- Installing: /home/irene/examen/install/ex_recu_24_preg_01/share/ex_recu_24_preg_01//models/hangout_chair/model.sdf
[10.971s] -- Installing: /home/irene/examen/install/ex_recu_24_preg_01/share/ex_recu_24_preg_01//models/hangout_chair/model.config
[10.971s] -- Installing: /home/irene/examen/install/ex_recu_24_preg_01/share/ex_recu_24_preg_01//models/hangout_chair/materials
[10.971s] -- Installing: /home/irene/examen/install/ex_recu_24_preg_01/share/ex_recu_24_preg_01//models/hangout_chair/materials/textures
[10.971s] -- Installing: /home/irene/examen/install/ex_recu_24_preg_01/share/ex_recu_24_preg_01//models/hangout_chair/materials/textures/hangout_chair.png
[10.973s] -- Installing: /home/irene/examen/install/ex_recu_24_preg_01/share/ex_recu_24_preg_01//models/hangout_chair/meshes
[10.973s] -- Installing: /home/irene/examen/install/ex_recu_24_preg_01/share/ex_recu_24_preg_01//models/hangout_chair/meshes/hangout_chair.obj
[10.973s] -- Installing: /home/irene/examen/install/ex_recu_24_preg_01/share/ex_recu_24_preg_01//models/hangout_chair/meshes/hangout_chair.mtl
[10.974s] -- Installing: /home/irene/examen/install/ex_recu_24_preg_01/share/ament_index/resource_index/package_run_dependencies/ex_recu_24_preg_01
[10.974s] -- Installing: /home/irene/examen/install/ex_recu_24_preg_01/share/ament_index/resource_index/parent_prefix_path/ex_recu_24_preg_01
[10.974s] -- Installing: /home/irene/examen/install/ex_recu_24_preg_01/share/ex_recu_24_preg_01/environment/ament_prefix_path.sh
[10.974s] -- Installing: /home/irene/examen/install/ex_recu_24_preg_01/share/ex_recu_24_preg_01/environment/ament_prefix_path.dsv
[10.974s] -- Installing: /home/irene/examen/install/ex_recu_24_preg_01/share/ex_recu_24_preg_01/environment/path.sh
[10.974s] -- Installing: /home/irene/examen/install/ex_recu_24_preg_01/share/ex_recu_24_preg_01/environment/path.dsv
[10.974s] -- Installing: /home/irene/examen/install/ex_recu_24_preg_01/share/ex_recu_24_preg_01/local_setup.bash
[10.975s] -- Installing: /home/irene/examen/install/ex_recu_24_preg_01/share/ex_recu_24_preg_01/local_setup.sh
[10.975s] -- Installing: /home/irene/examen/install/ex_recu_24_preg_01/share/ex_recu_24_preg_01/local_setup.zsh
[10.975s] -- Installing: /home/irene/examen/install/ex_recu_24_preg_01/share/ex_recu_24_preg_01/local_setup.dsv
[10.975s] -- Installing: /home/irene/examen/install/ex_recu_24_preg_01/share/ex_recu_24_preg_01/package.dsv
[10.975s] -- Installing: /home/irene/examen/install/ex_recu_24_preg_01/share/ament_index/resource_index/packages/ex_recu_24_preg_01
[10.975s] -- Installing: /home/irene/examen/install/ex_recu_24_preg_01/share/ex_recu_24_preg_01/cmake/ament_cmake_export_include_directories-extras.cmake
[10.976s] -- Installing: /home/irene/examen/install/ex_recu_24_preg_01/share/ex_recu_24_preg_01/cmake/ament_cmake_export_dependencies-extras.cmake
[10.976s] -- Installing: /home/irene/examen/install/ex_recu_24_preg_01/share/ex_recu_24_preg_01/cmake/ex_recu_24_preg_01Config.cmake
[10.976s] -- Installing: /home/irene/examen/install/ex_recu_24_preg_01/share/ex_recu_24_preg_01/cmake/ex_recu_24_preg_01Config-version.cmake
[10.976s] -- Installing: /home/irene/examen/install/ex_recu_24_preg_01/share/ex_recu_24_preg_01/package.xml
[10.978s] Invoked command in '/home/irene/examen/build/ex_recu_24_preg_01' returned '0': CMAKE_PREFIX_PATH=/home/irene/turtlebot3_ws/install/web_video_server:/home/irene/turtlebot3_ws/install/turtlebot3_simulations:/home/irene/turtlebot3_ws/install/my_world:/home/irene/turtlebot3_ws/install/turtlebot3_gazebo:/home/irene/turtlebot3_ws/install/turtlebot3_fake_node:/home/irene/turtlebot3_ws/install/package_name:/home/irene/turtlebot3_ws/install/custom_interface:/home/irene/turtlebot3_ws/install/show_msg:/home/irene/turtlebot3_ws/install/my_nav2_system:/home/irene/turtlebot3_ws/install/my_first_subscriber:/home/irene/turtlebot3_ws/install/my_first_service:/home/irene/turtlebot3_ws/install/my_first_publisher:/home/irene/turtlebot3_ws/install/my_first_node:/opt/ros/galactic:/home/irene/turtlebot3_ws/install/async_web_server_cpp /usr/bin/cmake --install /home/irene/examen/build/ex_recu_24_preg_01
