[0.165s] DEBUG:colcon:Command line arguments: ['/usr/bin/colcon', 'build', '--packages-select', 'ex_recu_24_preg_01']
[0.165s] DEBUG:colcon:Parsed command line arguments: Namespace(allow_overriding=[], ament_cmake_args=None, base_paths=['.'], build_base='build', catkin_cmake_args=None, catkin_skip_building_tests=False, cmake_args=None, cmake_clean_cache=False, cmake_clean_first=False, cmake_force_configure=False, cmake_target=None, cmake_target_skip_unavailable=False, continue_on_error=False, event_handlers=None, executor='parallel', ignore_user_meta=False, install_base='install', log_base=None, log_level=None, main=<bound method BuildVerb.main of <colcon_core.verb.build.BuildVerb object at 0x7f2ae678e9d0>>, merge_install=False, metas=['./colcon.meta'], mixin=None, mixin_files=None, mixin_verb=('build',), packages_above=None, packages_above_and_dependencies=None, packages_above_depth=None, packages_end=None, packages_ignore=None, packages_ignore_regex=None, packages_select=['ex_recu_24_preg_01'], packages_select_build_failed=False, packages_select_by_dep=None, packages_select_regex=None, packages_select_test_failures=False, packages_skip=None, packages_skip_build_finished=False, packages_skip_by_dep=None, packages_skip_regex=None, packages_skip_test_passed=False, packages_skip_up_to=None, packages_start=None, packages_up_to=None, packages_up_to_regex=None, parallel_workers=16, paths=None, symlink_install=False, test_result_base=None, verb_extension=<colcon_core.verb.build.BuildVerb object at 0x7f2ae678e9d0>, verb_name='build', verb_parser=<colcon_mixin.mixin.mixin_argument.MixinArgumentDecorator object at 0x7f2ae67a3280>)
[0.298s] Level 1:colcon.colcon_core.package_discovery:discover_packages(colcon_meta) check parameters
[0.298s] Level 1:colcon.colcon_core.package_discovery:discover_packages(recursive) check parameters
[0.298s] Level 1:colcon.colcon_core.package_discovery:discover_packages(ignore) check parameters
[0.298s] Level 1:colcon.colcon_core.package_discovery:discover_packages(path) check parameters
[0.298s] Level 1:colcon.colcon_core.package_discovery:discover_packages(colcon_meta) discover
[0.298s] Level 1:colcon.colcon_core.package_discovery:discover_packages(recursive) discover
[0.298s] INFO:colcon.colcon_core.package_discovery:Crawling recursively for packages in '/home/irene/examen/examen_ros2/ex_recu_24_preg_01'
[0.298s] Level 1:colcon.colcon_core.package_identification:_identify(.) by extensions ['ignore', 'ignore_ament_install']
[0.298s] Level 1:colcon.colcon_core.package_identification:_identify(.) by extension 'ignore'
[0.298s] Level 1:colcon.colcon_core.package_identification:_identify(.) by extension 'ignore_ament_install'
[0.298s] Level 1:colcon.colcon_core.package_identification:_identify(.) by extensions ['colcon_pkg']
[0.298s] Level 1:colcon.colcon_core.package_identification:_identify(.) by extension 'colcon_pkg'
[0.298s] Level 1:colcon.colcon_core.package_identification:_identify(.) by extensions ['colcon_meta']
[0.298s] Level 1:colcon.colcon_core.package_identification:_identify(.) by extension 'colcon_meta'
[0.298s] Level 1:colcon.colcon_core.package_identification:_identify(.) by extensions ['ros']
[0.298s] Level 1:colcon.colcon_core.package_identification:_identify(.) by extension 'ros'
[0.308s] DEBUG:colcon.colcon_core.package_identification:Package '.' with type 'ros.ament_cmake' and name 'ex_recu_24_preg_01'
[0.308s] Level 1:colcon.colcon_core.package_discovery:discover_packages(recursive) using defaults
[0.308s] Level 1:colcon.colcon_core.package_discovery:discover_packages(ignore) discover
[0.308s] Level 1:colcon.colcon_core.package_discovery:discover_packages(ignore) using defaults
[0.308s] Level 1:colcon.colcon_core.package_discovery:discover_packages(path) discover
[0.308s] Level 1:colcon.colcon_core.package_discovery:discover_packages(path) using defaults
[0.329s] Level 1:colcon.colcon_core.package_discovery:discover_packages(prefix_path) check parameters
[0.329s] Level 1:colcon.colcon_core.package_discovery:discover_packages(prefix_path) discover
[0.331s] DEBUG:colcon.colcon_installed_package_information.package_discovery:Found 14 installed packages in /home/irene/turtlebot3_ws/install
[0.332s] DEBUG:colcon.colcon_installed_package_information.package_discovery:Found 337 installed packages in /opt/ros/galactic
[0.334s] Level 1:colcon.colcon_core.package_discovery:discover_packages(prefix_path) using defaults
[0.388s] Level 5:colcon.colcon_core.verb:set package 'ex_recu_24_preg_01' build argument 'cmake_args' from command line to 'None'
[0.388s] Level 5:colcon.colcon_core.verb:set package 'ex_recu_24_preg_01' build argument 'cmake_target' from command line to 'None'
[0.388s] Level 5:colcon.colcon_core.verb:set package 'ex_recu_24_preg_01' build argument 'cmake_target_skip_unavailable' from command line to 'False'
[0.388s] Level 5:colcon.colcon_core.verb:set package 'ex_recu_24_preg_01' build argument 'cmake_clean_cache' from command line to 'False'
[0.388s] Level 5:colcon.colcon_core.verb:set package 'ex_recu_24_preg_01' build argument 'cmake_clean_first' from command line to 'False'
[0.388s] Level 5:colcon.colcon_core.verb:set package 'ex_recu_24_preg_01' build argument 'cmake_force_configure' from command line to 'False'
[0.388s] Level 5:colcon.colcon_core.verb:set package 'ex_recu_24_preg_01' build argument 'ament_cmake_args' from command line to 'None'
[0.388s] Level 5:colcon.colcon_core.verb:set package 'ex_recu_24_preg_01' build argument 'catkin_cmake_args' from command line to 'None'
[0.388s] Level 5:colcon.colcon_core.verb:set package 'ex_recu_24_preg_01' build argument 'catkin_skip_building_tests' from command line to 'False'
[0.388s] DEBUG:colcon.colcon_core.verb:Building package 'ex_recu_24_preg_01' with the following arguments: {'ament_cmake_args': None, 'build_base': '/home/irene/examen/examen_ros2/ex_recu_24_preg_01/build/ex_recu_24_preg_01', 'catkin_cmake_args': None, 'catkin_skip_building_tests': False, 'cmake_args': None, 'cmake_clean_cache': False, 'cmake_clean_first': False, 'cmake_force_configure': False, 'cmake_target': None, 'cmake_target_skip_unavailable': False, 'install_base': '/home/irene/examen/examen_ros2/ex_recu_24_preg_01/install/ex_recu_24_preg_01', 'merge_install': False, 'path': '/home/irene/examen/examen_ros2/ex_recu_24_preg_01', 'symlink_install': False, 'test_result_base': None}
[0.388s] INFO:colcon.colcon_core.executor:Executing jobs using 'parallel' executor
[0.389s] DEBUG:colcon.colcon_parallel_executor.executor.parallel:run_until_complete
[0.389s] INFO:colcon.colcon_ros.task.ament_cmake.build:Building ROS package in '/home/irene/examen/examen_ros2/ex_recu_24_preg_01' with build type 'ament_cmake'
[0.389s] INFO:colcon.colcon_cmake.task.cmake.build:Building CMake package in '/home/irene/examen/examen_ros2/ex_recu_24_preg_01'
[0.391s] INFO:colcon.colcon_core.plugin_system:Skipping extension 'colcon_core.shell.bat': Not used on non-Windows systems
[0.391s] INFO:colcon.colcon_core.shell:Skip shell extension 'powershell' for command environment: Not usable outside of PowerShell
[0.391s] DEBUG:colcon.colcon_core.shell:Skip shell extension 'dsv' for command environment
[0.402s] DEBUG:colcon.colcon_core.event_handler.log_command:Invoking command in '/home/irene/examen/examen_ros2/ex_recu_24_preg_01/build/ex_recu_24_preg_01': CMAKE_PREFIX_PATH=/home/irene/turtlebot3_ws/install/web_video_server:/home/irene/turtlebot3_ws/install/turtlebot3_simulations:/home/irene/turtlebot3_ws/install/my_world:/home/irene/turtlebot3_ws/install/turtlebot3_gazebo:/home/irene/turtlebot3_ws/install/turtlebot3_fake_node:/home/irene/turtlebot3_ws/install/package_name:/home/irene/turtlebot3_ws/install/custom_interface:/home/irene/turtlebot3_ws/install/show_msg:/home/irene/turtlebot3_ws/install/my_nav2_system:/home/irene/turtlebot3_ws/install/my_first_subscriber:/home/irene/turtlebot3_ws/install/my_first_service:/home/irene/turtlebot3_ws/install/my_first_publisher:/home/irene/turtlebot3_ws/install/my_first_node:/opt/ros/galactic:/home/irene/turtlebot3_ws/install/async_web_server_cpp /usr/bin/cmake /home/irene/examen/examen_ros2/ex_recu_24_preg_01 -DCMAKE_INSTALL_PREFIX=/home/irene/examen/examen_ros2/ex_recu_24_preg_01/install/ex_recu_24_preg_01
[3.904s] DEBUG:colcon.colcon_core.event_handler.log_command:Invoked command in '/home/irene/examen/examen_ros2/ex_recu_24_preg_01/build/ex_recu_24_preg_01' returned '0': CMAKE_PREFIX_PATH=/home/irene/turtlebot3_ws/install/web_video_server:/home/irene/turtlebot3_ws/install/turtlebot3_simulations:/home/irene/turtlebot3_ws/install/my_world:/home/irene/turtlebot3_ws/install/turtlebot3_gazebo:/home/irene/turtlebot3_ws/install/turtlebot3_fake_node:/home/irene/turtlebot3_ws/install/package_name:/home/irene/turtlebot3_ws/install/custom_interface:/home/irene/turtlebot3_ws/install/show_msg:/home/irene/turtlebot3_ws/install/my_nav2_system:/home/irene/turtlebot3_ws/install/my_first_subscriber:/home/irene/turtlebot3_ws/install/my_first_service:/home/irene/turtlebot3_ws/install/my_first_publisher:/home/irene/turtlebot3_ws/install/my_first_node:/opt/ros/galactic:/home/irene/turtlebot3_ws/install/async_web_server_cpp /usr/bin/cmake /home/irene/examen/examen_ros2/ex_recu_24_preg_01 -DCMAKE_INSTALL_PREFIX=/home/irene/examen/examen_ros2/ex_recu_24_preg_01/install/ex_recu_24_preg_01
[3.907s] DEBUG:colcon.colcon_core.event_handler.log_command:Invoking command in '/home/irene/examen/examen_ros2/ex_recu_24_preg_01/build/ex_recu_24_preg_01': CMAKE_PREFIX_PATH=/home/irene/turtlebot3_ws/install/web_video_server:/home/irene/turtlebot3_ws/install/turtlebot3_simulations:/home/irene/turtlebot3_ws/install/my_world:/home/irene/turtlebot3_ws/install/turtlebot3_gazebo:/home/irene/turtlebot3_ws/install/turtlebot3_fake_node:/home/irene/turtlebot3_ws/install/package_name:/home/irene/turtlebot3_ws/install/custom_interface:/home/irene/turtlebot3_ws/install/show_msg:/home/irene/turtlebot3_ws/install/my_nav2_system:/home/irene/turtlebot3_ws/install/my_first_subscriber:/home/irene/turtlebot3_ws/install/my_first_service:/home/irene/turtlebot3_ws/install/my_first_publisher:/home/irene/turtlebot3_ws/install/my_first_node:/opt/ros/galactic:/home/irene/turtlebot3_ws/install/async_web_server_cpp /usr/bin/cmake --build /home/irene/examen/examen_ros2/ex_recu_24_preg_01/build/ex_recu_24_preg_01 -- -j16 -l16
[11.721s] DEBUG:colcon.colcon_core.event_handler.log_command:Invoked command in '/home/irene/examen/examen_ros2/ex_recu_24_preg_01/build/ex_recu_24_preg_01' returned '0': CMAKE_PREFIX_PATH=/home/irene/turtlebot3_ws/install/web_video_server:/home/irene/turtlebot3_ws/install/turtlebot3_simulations:/home/irene/turtlebot3_ws/install/my_world:/home/irene/turtlebot3_ws/install/turtlebot3_gazebo:/home/irene/turtlebot3_ws/install/turtlebot3_fake_node:/home/irene/turtlebot3_ws/install/package_name:/home/irene/turtlebot3_ws/install/custom_interface:/home/irene/turtlebot3_ws/install/show_msg:/home/irene/turtlebot3_ws/install/my_nav2_system:/home/irene/turtlebot3_ws/install/my_first_subscriber:/home/irene/turtlebot3_ws/install/my_first_service:/home/irene/turtlebot3_ws/install/my_first_publisher:/home/irene/turtlebot3_ws/install/my_first_node:/opt/ros/galactic:/home/irene/turtlebot3_ws/install/async_web_server_cpp /usr/bin/cmake --build /home/irene/examen/examen_ros2/ex_recu_24_preg_01/build/ex_recu_24_preg_01 -- -j16 -l16
[11.745s] DEBUG:colcon.colcon_core.event_handler.log_command:Invoking command in '/home/irene/examen/examen_ros2/ex_recu_24_preg_01/build/ex_recu_24_preg_01': CMAKE_PREFIX_PATH=/home/irene/turtlebot3_ws/install/web_video_server:/home/irene/turtlebot3_ws/install/turtlebot3_simulations:/home/irene/turtlebot3_ws/install/my_world:/home/irene/turtlebot3_ws/install/turtlebot3_gazebo:/home/irene/turtlebot3_ws/install/turtlebot3_fake_node:/home/irene/turtlebot3_ws/install/package_name:/home/irene/turtlebot3_ws/install/custom_interface:/home/irene/turtlebot3_ws/install/show_msg:/home/irene/turtlebot3_ws/install/my_nav2_system:/home/irene/turtlebot3_ws/install/my_first_subscriber:/home/irene/turtlebot3_ws/install/my_first_service:/home/irene/turtlebot3_ws/install/my_first_publisher:/home/irene/turtlebot3_ws/install/my_first_node:/opt/ros/galactic:/home/irene/turtlebot3_ws/install/async_web_server_cpp /usr/bin/cmake --install /home/irene/examen/examen_ros2/ex_recu_24_preg_01/build/ex_recu_24_preg_01
[11.840s] Level 1:colcon.colcon_core.environment:create_environment_scripts_only(ex_recu_24_preg_01)
[11.840s] DEBUG:colcon.colcon_core.event_handler.log_command:Invoked command in '/home/irene/examen/examen_ros2/ex_recu_24_preg_01/build/ex_recu_24_preg_01' returned '0': CMAKE_PREFIX_PATH=/home/irene/turtlebot3_ws/install/web_video_server:/home/irene/turtlebot3_ws/install/turtlebot3_simulations:/home/irene/turtlebot3_ws/install/my_world:/home/irene/turtlebot3_ws/install/turtlebot3_gazebo:/home/irene/turtlebot3_ws/install/turtlebot3_fake_node:/home/irene/turtlebot3_ws/install/package_name:/home/irene/turtlebot3_ws/install/custom_interface:/home/irene/turtlebot3_ws/install/show_msg:/home/irene/turtlebot3_ws/install/my_nav2_system:/home/irene/turtlebot3_ws/install/my_first_subscriber:/home/irene/turtlebot3_ws/install/my_first_service:/home/irene/turtlebot3_ws/install/my_first_publisher:/home/irene/turtlebot3_ws/install/my_first_node:/opt/ros/galactic:/home/irene/turtlebot3_ws/install/async_web_server_cpp /usr/bin/cmake --install /home/irene/examen/examen_ros2/ex_recu_24_preg_01/build/ex_recu_24_preg_01
[11.844s] Level 1:colcon.colcon_core.environment:checking '/home/irene/examen/examen_ros2/ex_recu_24_preg_01/install/ex_recu_24_preg_01' for CMake module files
[11.845s] Level 1:colcon.colcon_core.environment:checking '/home/irene/examen/examen_ros2/ex_recu_24_preg_01/install/ex_recu_24_preg_01' for CMake config files
[11.845s] Level 1:colcon.colcon_core.shell:create_environment_hook('ex_recu_24_preg_01', 'cmake_prefix_path')
[11.846s] INFO:colcon.colcon_core.shell:Creating environment hook '/home/irene/examen/examen_ros2/ex_recu_24_preg_01/install/ex_recu_24_preg_01/share/ex_recu_24_preg_01/hook/cmake_prefix_path.ps1'
[11.847s] INFO:colcon.colcon_core.shell:Creating environment descriptor '/home/irene/examen/examen_ros2/ex_recu_24_preg_01/install/ex_recu_24_preg_01/share/ex_recu_24_preg_01/hook/cmake_prefix_path.dsv'
[11.848s] INFO:colcon.colcon_core.shell:Creating environment hook '/home/irene/examen/examen_ros2/ex_recu_24_preg_01/install/ex_recu_24_preg_01/share/ex_recu_24_preg_01/hook/cmake_prefix_path.sh'
[11.848s] Level 1:colcon.colcon_core.environment:checking '/home/irene/examen/examen_ros2/ex_recu_24_preg_01/install/ex_recu_24_preg_01/lib'
[11.848s] Level 1:colcon.colcon_core.environment:checking '/home/irene/examen/examen_ros2/ex_recu_24_preg_01/install/ex_recu_24_preg_01/bin'
[11.848s] Level 1:colcon.colcon_core.environment:checking '/home/irene/examen/examen_ros2/ex_recu_24_preg_01/install/ex_recu_24_preg_01/lib/pkgconfig/ex_recu_24_preg_01.pc'
[11.849s] Level 1:colcon.colcon_core.environment:checking '/home/irene/examen/examen_ros2/ex_recu_24_preg_01/install/ex_recu_24_preg_01/lib/python3.8/site-packages'
[11.849s] Level 1:colcon.colcon_core.environment:checking '/home/irene/examen/examen_ros2/ex_recu_24_preg_01/install/ex_recu_24_preg_01/bin'
[11.849s] INFO:colcon.colcon_core.shell:Creating package script '/home/irene/examen/examen_ros2/ex_recu_24_preg_01/install/ex_recu_24_preg_01/share/ex_recu_24_preg_01/package.ps1'
[11.849s] INFO:colcon.colcon_core.shell:Creating package descriptor '/home/irene/examen/examen_ros2/ex_recu_24_preg_01/install/ex_recu_24_preg_01/share/ex_recu_24_preg_01/package.dsv'
[11.850s] INFO:colcon.colcon_core.shell:Creating package script '/home/irene/examen/examen_ros2/ex_recu_24_preg_01/install/ex_recu_24_preg_01/share/ex_recu_24_preg_01/package.sh'
[11.850s] INFO:colcon.colcon_core.shell:Creating package script '/home/irene/examen/examen_ros2/ex_recu_24_preg_01/install/ex_recu_24_preg_01/share/ex_recu_24_preg_01/package.bash'
[11.851s] INFO:colcon.colcon_core.shell:Creating package script '/home/irene/examen/examen_ros2/ex_recu_24_preg_01/install/ex_recu_24_preg_01/share/ex_recu_24_preg_01/package.zsh'
[11.851s] Level 1:colcon.colcon_core.environment:create_file_with_runtime_dependencies(/home/irene/examen/examen_ros2/ex_recu_24_preg_01/install/ex_recu_24_preg_01/share/colcon-core/packages/ex_recu_24_preg_01)
[11.852s] Level 1:colcon.colcon_core.environment:create_environment_scripts_only(ex_recu_24_preg_01)
[11.852s] Level 1:colcon.colcon_core.environment:checking '/home/irene/examen/examen_ros2/ex_recu_24_preg_01/install/ex_recu_24_preg_01' for CMake module files
[11.852s] Level 1:colcon.colcon_core.environment:checking '/home/irene/examen/examen_ros2/ex_recu_24_preg_01/install/ex_recu_24_preg_01' for CMake config files
[11.852s] Level 1:colcon.colcon_core.shell:create_environment_hook('ex_recu_24_preg_01', 'cmake_prefix_path')
[11.852s] INFO:colcon.colcon_core.shell:Creating environment hook '/home/irene/examen/examen_ros2/ex_recu_24_preg_01/install/ex_recu_24_preg_01/share/ex_recu_24_preg_01/hook/cmake_prefix_path.ps1'
[11.853s] INFO:colcon.colcon_core.shell:Creating environment descriptor '/home/irene/examen/examen_ros2/ex_recu_24_preg_01/install/ex_recu_24_preg_01/share/ex_recu_24_preg_01/hook/cmake_prefix_path.dsv'
[11.853s] INFO:colcon.colcon_core.shell:Creating environment hook '/home/irene/examen/examen_ros2/ex_recu_24_preg_01/install/ex_recu_24_preg_01/share/ex_recu_24_preg_01/hook/cmake_prefix_path.sh'
[11.853s] Level 1:colcon.colcon_core.environment:checking '/home/irene/examen/examen_ros2/ex_recu_24_preg_01/install/ex_recu_24_preg_01/lib'
[11.853s] Level 1:colcon.colcon_core.environment:checking '/home/irene/examen/examen_ros2/ex_recu_24_preg_01/install/ex_recu_24_preg_01/bin'
[11.853s] Level 1:colcon.colcon_core.environment:checking '/home/irene/examen/examen_ros2/ex_recu_24_preg_01/install/ex_recu_24_preg_01/lib/pkgconfig/ex_recu_24_preg_01.pc'
[11.853s] Level 1:colcon.colcon_core.environment:checking '/home/irene/examen/examen_ros2/ex_recu_24_preg_01/install/ex_recu_24_preg_01/lib/python3.8/site-packages'
[11.854s] Level 1:colcon.colcon_core.environment:checking '/home/irene/examen/examen_ros2/ex_recu_24_preg_01/install/ex_recu_24_preg_01/bin'
[11.854s] INFO:colcon.colcon_core.shell:Creating package script '/home/irene/examen/examen_ros2/ex_recu_24_preg_01/install/ex_recu_24_preg_01/share/ex_recu_24_preg_01/package.ps1'
[11.854s] INFO:colcon.colcon_core.shell:Creating package descriptor '/home/irene/examen/examen_ros2/ex_recu_24_preg_01/install/ex_recu_24_preg_01/share/ex_recu_24_preg_01/package.dsv'
[11.854s] INFO:colcon.colcon_core.shell:Creating package script '/home/irene/examen/examen_ros2/ex_recu_24_preg_01/install/ex_recu_24_preg_01/share/ex_recu_24_preg_01/package.sh'
[11.855s] INFO:colcon.colcon_core.shell:Creating package script '/home/irene/examen/examen_ros2/ex_recu_24_preg_01/install/ex_recu_24_preg_01/share/ex_recu_24_preg_01/package.bash'
[11.855s] INFO:colcon.colcon_core.shell:Creating package script '/home/irene/examen/examen_ros2/ex_recu_24_preg_01/install/ex_recu_24_preg_01/share/ex_recu_24_preg_01/package.zsh'
[11.855s] Level 1:colcon.colcon_core.environment:create_file_with_runtime_dependencies(/home/irene/examen/examen_ros2/ex_recu_24_preg_01/install/ex_recu_24_preg_01/share/colcon-core/packages/ex_recu_24_preg_01)
[11.856s] DEBUG:colcon.colcon_parallel_executor.executor.parallel:closing loop
[11.856s] DEBUG:colcon.colcon_parallel_executor.executor.parallel:loop closed
[11.856s] DEBUG:colcon.colcon_parallel_executor.executor.parallel:run_until_complete finished with '0'
[11.856s] DEBUG:colcon.colcon_core.event_reactor:joining thread
[11.864s] INFO:colcon.colcon_core.plugin_system:Skipping extension 'colcon_notification.desktop_notification.terminal_notifier': Not used on non-Darwin systems
[11.864s] INFO:colcon.colcon_core.plugin_system:Skipping extension 'colcon_notification.desktop_notification.win32': Not used on non-Windows systems
[11.864s] INFO:colcon.colcon_notification.desktop_notification:Sending desktop notification using 'notify2'
[11.884s] DEBUG:colcon.colcon_core.event_reactor:joined thread
[11.885s] INFO:colcon.colcon_core.shell:Creating prefix script '/home/irene/examen/examen_ros2/ex_recu_24_preg_01/install/local_setup.ps1'
[11.886s] INFO:colcon.colcon_core.shell:Creating prefix util module '/home/irene/examen/examen_ros2/ex_recu_24_preg_01/install/_local_setup_util_ps1.py'
[11.887s] INFO:colcon.colcon_core.shell:Creating prefix chain script '/home/irene/examen/examen_ros2/ex_recu_24_preg_01/install/setup.ps1'
[11.888s] INFO:colcon.colcon_core.shell:Creating prefix script '/home/irene/examen/examen_ros2/ex_recu_24_preg_01/install/local_setup.sh'
[11.889s] INFO:colcon.colcon_core.shell:Creating prefix util module '/home/irene/examen/examen_ros2/ex_recu_24_preg_01/install/_local_setup_util_sh.py'
[11.889s] INFO:colcon.colcon_core.shell:Creating prefix chain script '/home/irene/examen/examen_ros2/ex_recu_24_preg_01/install/setup.sh'
[11.893s] INFO:colcon.colcon_core.shell:Creating prefix script '/home/irene/examen/examen_ros2/ex_recu_24_preg_01/install/local_setup.bash'
[11.894s] INFO:colcon.colcon_core.shell:Creating prefix chain script '/home/irene/examen/examen_ros2/ex_recu_24_preg_01/install/setup.bash'
[11.896s] INFO:colcon.colcon_core.shell:Creating prefix script '/home/irene/examen/examen_ros2/ex_recu_24_preg_01/install/local_setup.zsh'
[11.896s] INFO:colcon.colcon_core.shell:Creating prefix chain script '/home/irene/examen/examen_ros2/ex_recu_24_preg_01/install/setup.zsh'
