[0.170s] DEBUG:colcon:Command line arguments: ['/usr/bin/colcon', 'build', '--packages-select', 'ex_recu_24_preg_02']
[0.170s] DEBUG:colcon:Parsed command line arguments: Namespace(allow_overriding=[], ament_cmake_args=None, base_paths=['.'], build_base='build', catkin_cmake_args=None, catkin_skip_building_tests=False, cmake_args=None, cmake_clean_cache=False, cmake_clean_first=False, cmake_force_configure=False, cmake_target=None, cmake_target_skip_unavailable=False, continue_on_error=False, event_handlers=None, executor='parallel', ignore_user_meta=False, install_base='install', log_base=None, log_level=None, main=<bound method BuildVerb.main of <colcon_core.verb.build.BuildVerb object at 0x7f97e05bf9d0>>, merge_install=False, metas=['./colcon.meta'], mixin=None, mixin_files=None, mixin_verb=('build',), packages_above=None, packages_above_and_dependencies=None, packages_above_depth=None, packages_end=None, packages_ignore=None, packages_ignore_regex=None, packages_select=['ex_recu_24_preg_02'], packages_select_build_failed=False, packages_select_by_dep=None, packages_select_regex=None, packages_select_test_failures=False, packages_skip=None, packages_skip_build_finished=False, packages_skip_by_dep=None, packages_skip_regex=None, packages_skip_test_passed=False, packages_skip_up_to=None, packages_start=None, packages_up_to=None, packages_up_to_regex=None, parallel_workers=16, paths=None, symlink_install=False, test_result_base=None, verb_extension=<colcon_core.verb.build.BuildVerb object at 0x7f97e05bf9d0>, verb_name='build', verb_parser=<colcon_mixin.mixin.mixin_argument.MixinArgumentDecorator object at 0x7f97e05d4280>)
[0.307s] Level 1:colcon.colcon_core.package_discovery:discover_packages(colcon_meta) check parameters
[0.307s] Level 1:colcon.colcon_core.package_discovery:discover_packages(recursive) check parameters
[0.307s] Level 1:colcon.colcon_core.package_discovery:discover_packages(ignore) check parameters
[0.307s] Level 1:colcon.colcon_core.package_discovery:discover_packages(path) check parameters
[0.308s] Level 1:colcon.colcon_core.package_discovery:discover_packages(colcon_meta) discover
[0.308s] Level 1:colcon.colcon_core.package_discovery:discover_packages(recursive) discover
[0.308s] INFO:colcon.colcon_core.package_discovery:Crawling recursively for packages in '/home/irene/examen/examen_ros2'
[0.308s] Level 1:colcon.colcon_core.package_identification:_identify(.) by extensions ['ignore', 'ignore_ament_install']
[0.308s] Level 1:colcon.colcon_core.package_identification:_identify(.) by extension 'ignore'
[0.308s] Level 1:colcon.colcon_core.package_identification:_identify(.) by extension 'ignore_ament_install'
[0.308s] Level 1:colcon.colcon_core.package_identification:_identify(.) by extensions ['colcon_pkg']
[0.308s] Level 1:colcon.colcon_core.package_identification:_identify(.) by extension 'colcon_pkg'
[0.308s] Level 1:colcon.colcon_core.package_identification:_identify(.) by extensions ['colcon_meta']
[0.308s] Level 1:colcon.colcon_core.package_identification:_identify(.) by extension 'colcon_meta'
[0.308s] Level 1:colcon.colcon_core.package_identification:_identify(.) by extensions ['ros']
[0.308s] Level 1:colcon.colcon_core.package_identification:_identify(.) by extension 'ros'
[0.317s] Level 1:colcon.colcon_core.package_identification:_identify(.) by extensions ['cmake', 'python']
[0.317s] Level 1:colcon.colcon_core.package_identification:_identify(.) by extension 'cmake'
[0.317s] Level 1:colcon.colcon_core.package_identification:_identify(.) by extension 'python'
[0.317s] Level 1:colcon.colcon_core.package_identification:_identify(.) by extensions ['python_setup_py']
[0.317s] Level 1:colcon.colcon_core.package_identification:_identify(.) by extension 'python_setup_py'
[0.317s] Level 1:colcon.colcon_core.package_identification:_identify(build) by extensions ['ignore', 'ignore_ament_install']
[0.317s] Level 1:colcon.colcon_core.package_identification:_identify(build) by extension 'ignore'
[0.317s] Level 1:colcon.colcon_core.package_identification:_identify(build) ignored
[0.317s] Level 1:colcon.colcon_core.package_identification:_identify(ex_recu_24_preg_01) by extensions ['ignore', 'ignore_ament_install']
[0.318s] Level 1:colcon.colcon_core.package_identification:_identify(ex_recu_24_preg_01) by extension 'ignore'
[0.318s] Level 1:colcon.colcon_core.package_identification:_identify(ex_recu_24_preg_01) by extension 'ignore_ament_install'
[0.318s] Level 1:colcon.colcon_core.package_identification:_identify(ex_recu_24_preg_01) by extensions ['colcon_pkg']
[0.318s] Level 1:colcon.colcon_core.package_identification:_identify(ex_recu_24_preg_01) by extension 'colcon_pkg'
[0.318s] Level 1:colcon.colcon_core.package_identification:_identify(ex_recu_24_preg_01) by extensions ['colcon_meta']
[0.318s] Level 1:colcon.colcon_core.package_identification:_identify(ex_recu_24_preg_01) by extension 'colcon_meta'
[0.318s] Level 1:colcon.colcon_core.package_identification:_identify(ex_recu_24_preg_01) by extensions ['ros']
[0.318s] Level 1:colcon.colcon_core.package_identification:_identify(ex_recu_24_preg_01) by extension 'ros'
[0.320s] DEBUG:colcon.colcon_core.package_identification:Package 'ex_recu_24_preg_01' with type 'ros.ament_cmake' and name 'ex_recu_24_preg_01'
[0.320s] Level 1:colcon.colcon_core.package_identification:_identify(ex_recu_24_preg_02) by extensions ['ignore', 'ignore_ament_install']
[0.321s] Level 1:colcon.colcon_core.package_identification:_identify(ex_recu_24_preg_02) by extension 'ignore'
[0.321s] Level 1:colcon.colcon_core.package_identification:_identify(ex_recu_24_preg_02) by extension 'ignore_ament_install'
[0.321s] Level 1:colcon.colcon_core.package_identification:_identify(ex_recu_24_preg_02) by extensions ['colcon_pkg']
[0.321s] Level 1:colcon.colcon_core.package_identification:_identify(ex_recu_24_preg_02) by extension 'colcon_pkg'
[0.321s] Level 1:colcon.colcon_core.package_identification:_identify(ex_recu_24_preg_02) by extensions ['colcon_meta']
[0.321s] Level 1:colcon.colcon_core.package_identification:_identify(ex_recu_24_preg_02) by extension 'colcon_meta'
[0.321s] Level 1:colcon.colcon_core.package_identification:_identify(ex_recu_24_preg_02) by extensions ['ros']
[0.321s] Level 1:colcon.colcon_core.package_identification:_identify(ex_recu_24_preg_02) by extension 'ros'
[0.322s] DEBUG:colcon.colcon_core.package_identification:Package 'ex_recu_24_preg_02' with type 'ros.ament_python' and name 'ex_recu_24_preg_02'
[0.322s] Level 1:colcon.colcon_core.package_identification:_identify(install) by extensions ['ignore', 'ignore_ament_install']
[0.322s] Level 1:colcon.colcon_core.package_identification:_identify(install) by extension 'ignore'
[0.322s] Level 1:colcon.colcon_core.package_identification:_identify(install) ignored
[0.322s] Level 1:colcon.colcon_core.package_identification:_identify(log) by extensions ['ignore', 'ignore_ament_install']
[0.322s] Level 1:colcon.colcon_core.package_identification:_identify(log) by extension 'ignore'
[0.322s] Level 1:colcon.colcon_core.package_identification:_identify(log) ignored
[0.322s] Level 1:colcon.colcon_core.package_discovery:discover_packages(recursive) using defaults
[0.322s] Level 1:colcon.colcon_core.package_discovery:discover_packages(ignore) discover
[0.322s] Level 1:colcon.colcon_core.package_discovery:discover_packages(ignore) using defaults
[0.322s] Level 1:colcon.colcon_core.package_discovery:discover_packages(path) discover
[0.322s] Level 1:colcon.colcon_core.package_discovery:discover_packages(path) using defaults
[0.347s] INFO:colcon.colcon_core.package_selection:Skipping not selected package 'ex_recu_24_preg_01' in 'ex_recu_24_preg_01'
[0.348s] Level 1:colcon.colcon_core.package_discovery:discover_packages(prefix_path) check parameters
[0.348s] Level 1:colcon.colcon_core.package_discovery:discover_packages(prefix_path) discover
[0.349s] DEBUG:colcon.colcon_installed_package_information.package_discovery:Found 14 installed packages in /home/irene/turtlebot3_ws/install
[0.351s] DEBUG:colcon.colcon_installed_package_information.package_discovery:Found 337 installed packages in /opt/ros/galactic
[0.352s] Level 1:colcon.colcon_core.package_discovery:discover_packages(prefix_path) using defaults
[0.409s] Level 5:colcon.colcon_core.verb:set package 'ex_recu_24_preg_02' build argument 'cmake_args' from command line to 'None'
[0.409s] Level 5:colcon.colcon_core.verb:set package 'ex_recu_24_preg_02' build argument 'cmake_target' from command line to 'None'
[0.409s] Level 5:colcon.colcon_core.verb:set package 'ex_recu_24_preg_02' build argument 'cmake_target_skip_unavailable' from command line to 'False'
[0.409s] Level 5:colcon.colcon_core.verb:set package 'ex_recu_24_preg_02' build argument 'cmake_clean_cache' from command line to 'False'
[0.409s] Level 5:colcon.colcon_core.verb:set package 'ex_recu_24_preg_02' build argument 'cmake_clean_first' from command line to 'False'
[0.409s] Level 5:colcon.colcon_core.verb:set package 'ex_recu_24_preg_02' build argument 'cmake_force_configure' from command line to 'False'
[0.409s] Level 5:colcon.colcon_core.verb:set package 'ex_recu_24_preg_02' build argument 'ament_cmake_args' from command line to 'None'
[0.409s] Level 5:colcon.colcon_core.verb:set package 'ex_recu_24_preg_02' build argument 'catkin_cmake_args' from command line to 'None'
[0.409s] Level 5:colcon.colcon_core.verb:set package 'ex_recu_24_preg_02' build argument 'catkin_skip_building_tests' from command line to 'False'
[0.409s] DEBUG:colcon.colcon_core.verb:Building package 'ex_recu_24_preg_02' with the following arguments: {'ament_cmake_args': None, 'build_base': '/home/irene/examen/examen_ros2/build/ex_recu_24_preg_02', 'catkin_cmake_args': None, 'catkin_skip_building_tests': False, 'cmake_args': None, 'cmake_clean_cache': False, 'cmake_clean_first': False, 'cmake_force_configure': False, 'cmake_target': None, 'cmake_target_skip_unavailable': False, 'install_base': '/home/irene/examen/examen_ros2/install/ex_recu_24_preg_02', 'merge_install': False, 'path': '/home/irene/examen/examen_ros2/ex_recu_24_preg_02', 'symlink_install': False, 'test_result_base': None}
[0.409s] INFO:colcon.colcon_core.executor:Executing jobs using 'parallel' executor
[0.410s] DEBUG:colcon.colcon_parallel_executor.executor.parallel:run_until_complete
[0.410s] INFO:colcon.colcon_ros.task.ament_python.build:Building ROS package in '/home/irene/examen/examen_ros2/ex_recu_24_preg_02' with build type 'ament_python'
[0.411s] Level 1:colcon.colcon_core.shell:create_environment_hook('ex_recu_24_preg_02', 'ament_prefix_path')
[0.412s] INFO:colcon.colcon_core.plugin_system:Skipping extension 'colcon_core.shell.bat': Not used on non-Windows systems
[0.412s] INFO:colcon.colcon_core.shell:Creating environment hook '/home/irene/examen/examen_ros2/install/ex_recu_24_preg_02/share/ex_recu_24_preg_02/hook/ament_prefix_path.ps1'
[0.413s] INFO:colcon.colcon_core.shell:Creating environment descriptor '/home/irene/examen/examen_ros2/install/ex_recu_24_preg_02/share/ex_recu_24_preg_02/hook/ament_prefix_path.dsv'
[0.413s] INFO:colcon.colcon_core.shell:Creating environment hook '/home/irene/examen/examen_ros2/install/ex_recu_24_preg_02/share/ex_recu_24_preg_02/hook/ament_prefix_path.sh'
[0.414s] INFO:colcon.colcon_core.shell:Skip shell extension 'powershell' for command environment: Not usable outside of PowerShell
[0.414s] DEBUG:colcon.colcon_core.shell:Skip shell extension 'dsv' for command environment
[0.675s] INFO:colcon.colcon_core.task.python.build:Building Python package in '/home/irene/examen/examen_ros2/ex_recu_24_preg_02'
[0.675s] INFO:colcon.colcon_core.shell:Skip shell extension 'powershell' for command environment: Not usable outside of PowerShell
[0.675s] DEBUG:colcon.colcon_core.shell:Skip shell extension 'dsv' for command environment
[1.019s] DEBUG:colcon.colcon_core.event_handler.log_command:Invoking command in '/home/irene/examen/examen_ros2/ex_recu_24_preg_02': PYTHONPATH=/home/irene/examen/examen_ros2/build/ex_recu_24_preg_02/prefix_override:/usr/lib/python3/dist-packages/colcon_core/task/python/colcon_distutils_commands:/home/irene/examen/examen_ros2/install/ex_recu_24_preg_02/lib/python3.8/site-packages:${PYTHONPATH} /usr/bin/python3 -W ignore:setup.py install is deprecated -W ignore:easy_install command is deprecated setup.py egg_info --egg-base ../build/ex_recu_24_preg_02 build --build-base /home/irene/examen/examen_ros2/build/ex_recu_24_preg_02/build install --record /home/irene/examen/examen_ros2/build/ex_recu_24_preg_02/install.log --single-version-externally-managed install_data
[1.271s] DEBUG:colcon.colcon_core.event_handler.log_command:Invoked command in '/home/irene/examen/examen_ros2/ex_recu_24_preg_02' returned '0': PYTHONPATH=/home/irene/examen/examen_ros2/build/ex_recu_24_preg_02/prefix_override:/usr/lib/python3/dist-packages/colcon_core/task/python/colcon_distutils_commands:/home/irene/examen/examen_ros2/install/ex_recu_24_preg_02/lib/python3.8/site-packages:${PYTHONPATH} /usr/bin/python3 -W ignore:setup.py install is deprecated -W ignore:easy_install command is deprecated setup.py egg_info --egg-base ../build/ex_recu_24_preg_02 build --build-base /home/irene/examen/examen_ros2/build/ex_recu_24_preg_02/build install --record /home/irene/examen/examen_ros2/build/ex_recu_24_preg_02/install.log --single-version-externally-managed install_data
[1.273s] Level 1:colcon.colcon_core.environment:checking '/home/irene/examen/examen_ros2/install/ex_recu_24_preg_02' for CMake module files
[1.273s] Level 1:colcon.colcon_core.environment:checking '/home/irene/examen/examen_ros2/install/ex_recu_24_preg_02' for CMake config files
[1.274s] Level 1:colcon.colcon_core.environment:checking '/home/irene/examen/examen_ros2/install/ex_recu_24_preg_02/lib'
[1.274s] Level 1:colcon.colcon_core.environment:checking '/home/irene/examen/examen_ros2/install/ex_recu_24_preg_02/bin'
[1.274s] Level 1:colcon.colcon_core.environment:checking '/home/irene/examen/examen_ros2/install/ex_recu_24_preg_02/lib/pkgconfig/ex_recu_24_preg_02.pc'
[1.274s] Level 1:colcon.colcon_core.environment:checking '/home/irene/examen/examen_ros2/install/ex_recu_24_preg_02/lib/python3.8/site-packages'
[1.274s] Level 1:colcon.colcon_core.shell:create_environment_hook('ex_recu_24_preg_02', 'pythonpath')
[1.275s] INFO:colcon.colcon_core.shell:Creating environment hook '/home/irene/examen/examen_ros2/install/ex_recu_24_preg_02/share/ex_recu_24_preg_02/hook/pythonpath.ps1'
[1.275s] INFO:colcon.colcon_core.shell:Creating environment descriptor '/home/irene/examen/examen_ros2/install/ex_recu_24_preg_02/share/ex_recu_24_preg_02/hook/pythonpath.dsv'
[1.276s] INFO:colcon.colcon_core.shell:Creating environment hook '/home/irene/examen/examen_ros2/install/ex_recu_24_preg_02/share/ex_recu_24_preg_02/hook/pythonpath.sh'
[1.276s] Level 1:colcon.colcon_core.environment:checking '/home/irene/examen/examen_ros2/install/ex_recu_24_preg_02/bin'
[1.276s] Level 1:colcon.colcon_core.environment:create_environment_scripts_only(ex_recu_24_preg_02)
[1.276s] INFO:colcon.colcon_core.shell:Creating package script '/home/irene/examen/examen_ros2/install/ex_recu_24_preg_02/share/ex_recu_24_preg_02/package.ps1'
[1.277s] INFO:colcon.colcon_core.shell:Creating package descriptor '/home/irene/examen/examen_ros2/install/ex_recu_24_preg_02/share/ex_recu_24_preg_02/package.dsv'
[1.277s] INFO:colcon.colcon_core.shell:Creating package script '/home/irene/examen/examen_ros2/install/ex_recu_24_preg_02/share/ex_recu_24_preg_02/package.sh'
[1.278s] INFO:colcon.colcon_core.shell:Creating package script '/home/irene/examen/examen_ros2/install/ex_recu_24_preg_02/share/ex_recu_24_preg_02/package.bash'
[1.279s] INFO:colcon.colcon_core.shell:Creating package script '/home/irene/examen/examen_ros2/install/ex_recu_24_preg_02/share/ex_recu_24_preg_02/package.zsh'
[1.280s] Level 1:colcon.colcon_core.environment:create_file_with_runtime_dependencies(/home/irene/examen/examen_ros2/install/ex_recu_24_preg_02/share/colcon-core/packages/ex_recu_24_preg_02)
[1.281s] DEBUG:colcon.colcon_parallel_executor.executor.parallel:closing loop
[1.282s] DEBUG:colcon.colcon_parallel_executor.executor.parallel:loop closed
[1.282s] DEBUG:colcon.colcon_parallel_executor.executor.parallel:run_until_complete finished with '0'
[1.282s] DEBUG:colcon.colcon_core.event_reactor:joining thread
[1.287s] INFO:colcon.colcon_core.plugin_system:Skipping extension 'colcon_notification.desktop_notification.terminal_notifier': Not used on non-Darwin systems
[1.288s] INFO:colcon.colcon_core.plugin_system:Skipping extension 'colcon_notification.desktop_notification.win32': Not used on non-Windows systems
[1.288s] INFO:colcon.colcon_notification.desktop_notification:Sending desktop notification using 'notify2'
[1.300s] DEBUG:colcon.colcon_core.event_reactor:joined thread
[1.301s] INFO:colcon.colcon_core.shell:Creating prefix script '/home/irene/examen/examen_ros2/install/local_setup.ps1'
[1.301s] INFO:colcon.colcon_core.shell:Creating prefix util module '/home/irene/examen/examen_ros2/install/_local_setup_util_ps1.py'
[1.303s] INFO:colcon.colcon_core.shell:Creating prefix chain script '/home/irene/examen/examen_ros2/install/setup.ps1'
[1.304s] INFO:colcon.colcon_core.shell:Creating prefix script '/home/irene/examen/examen_ros2/install/local_setup.sh'
[1.305s] INFO:colcon.colcon_core.shell:Creating prefix util module '/home/irene/examen/examen_ros2/install/_local_setup_util_sh.py'
[1.305s] INFO:colcon.colcon_core.shell:Creating prefix chain script '/home/irene/examen/examen_ros2/install/setup.sh'
[1.308s] INFO:colcon.colcon_core.shell:Creating prefix script '/home/irene/examen/examen_ros2/install/local_setup.bash'
[1.309s] INFO:colcon.colcon_core.shell:Creating prefix chain script '/home/irene/examen/examen_ros2/install/setup.bash'
[1.310s] INFO:colcon.colcon_core.shell:Creating prefix script '/home/irene/examen/examen_ros2/install/local_setup.zsh'
[1.311s] INFO:colcon.colcon_core.shell:Creating prefix chain script '/home/irene/examen/examen_ros2/install/setup.zsh'
