running egg_info
creating ../build/ex_recu_24_preg_02/ex_recu_24_preg_02.egg-info
writing ../build/ex_recu_24_preg_02/ex_recu_24_preg_02.egg-info/PKG-INFO
writing dependency_links to ../build/ex_recu_24_preg_02/ex_recu_24_preg_02.egg-info/dependency_links.txt
writing entry points to ../build/ex_recu_24_preg_02/ex_recu_24_preg_02.egg-info/entry_points.txt
writing requirements to ../build/ex_recu_24_preg_02/ex_recu_24_preg_02.egg-info/requires.txt
writing top-level names to ../build/ex_recu_24_preg_02/ex_recu_24_preg_02.egg-info/top_level.txt
writing manifest file '../build/ex_recu_24_preg_02/ex_recu_24_preg_02.egg-info/SOURCES.txt'
reading manifest file '../build/ex_recu_24_preg_02/ex_recu_24_preg_02.egg-info/SOURCES.txt'
writing manifest file '../build/ex_recu_24_preg_02/ex_recu_24_preg_02.egg-info/SOURCES.txt'
running build
running build_py
creating /home/irene/examen/examen_ros2/build/ex_recu_24_preg_02/build
creating /home/irene/examen/examen_ros2/build/ex_recu_24_preg_02/build/lib
creating /home/irene/examen/examen_ros2/build/ex_recu_24_preg_02/build/lib/ex_recu_24_preg_02
copying ex_recu_24_preg_02/__init__.py -> /home/irene/examen/examen_ros2/build/ex_recu_24_preg_02/build/lib/ex_recu_24_preg_02
running install
running install_lib
creating /home/irene/examen/examen_ros2/install/ex_recu_24_preg_02/lib/python3.8/site-packages/ex_recu_24_preg_02
copying /home/irene/examen/examen_ros2/build/ex_recu_24_preg_02/build/lib/ex_recu_24_preg_02/__init__.py -> /home/irene/examen/examen_ros2/install/ex_recu_24_preg_02/lib/python3.8/site-packages/ex_recu_24_preg_02
byte-compiling /home/irene/examen/examen_ros2/install/ex_recu_24_preg_02/lib/python3.8/site-packages/ex_recu_24_preg_02/__init__.py to __init__.cpython-38.pyc
running install_data
creating /home/irene/examen/examen_ros2/install/ex_recu_24_preg_02/share/ament_index
creating /home/irene/examen/examen_ros2/install/ex_recu_24_preg_02/share/ament_index/resource_index
creating /home/irene/examen/examen_ros2/install/ex_recu_24_preg_02/share/ament_index/resource_index/packages
copying resource/ex_recu_24_preg_02 -> /home/irene/examen/examen_ros2/install/ex_recu_24_preg_02/share/ament_index/resource_index/packages
copying package.xml -> /home/irene/examen/examen_ros2/install/ex_recu_24_preg_02/share/ex_recu_24_preg_02
creating /home/irene/examen/examen_ros2/install/ex_recu_24_preg_02/share/ex_recu_24_preg_02/config
copying config/office_map.yaml -> /home/irene/examen/examen_ros2/install/ex_recu_24_preg_02/share/ex_recu_24_preg_02/config
copying config/my_nav2_params_full.yaml -> /home/irene/examen/examen_ros2/install/ex_recu_24_preg_02/share/ex_recu_24_preg_02/config
copying config/office_map.png -> /home/irene/examen/examen_ros2/install/ex_recu_24_preg_02/share/ex_recu_24_preg_02/config
copying config/my_slam.rviz -> /home/irene/examen/examen_ros2/install/ex_recu_24_preg_02/share/ex_recu_24_preg_02/config
creating /home/irene/examen/examen_ros2/install/ex_recu_24_preg_02/share/ex_recu_24_preg_02/launch
copying launch/ex_recu_24_preg_02.launch.py -> /home/irene/examen/examen_ros2/install/ex_recu_24_preg_02/share/ex_recu_24_preg_02/launch
running install_egg_info
Copying ../build/ex_recu_24_preg_02/ex_recu_24_preg_02.egg-info to /home/irene/examen/examen_ros2/install/ex_recu_24_preg_02/lib/python3.8/site-packages/ex_recu_24_preg_02-0.0.0-py3.8.egg-info
running install_scripts
writing list of installed files to '/home/irene/examen/examen_ros2/build/ex_recu_24_preg_02/install.log'
