[0.523s] Invoking command in '/home/irene/examen/examen_ros2/ex_recu_24_preg_02': PYTHONPATH=/home/irene/examen/examen_ros2/build/ex_recu_24_preg_02/prefix_override:/usr/lib/python3/dist-packages/colcon_core/task/python/colcon_distutils_commands:/home/irene/examen/examen_ros2/install/ex_recu_24_preg_02/lib/python3.8/site-packages:${PYTHONPATH} /usr/bin/python3 -W ignore:setup.py install is deprecated -W ignore:easy_install command is deprecated setup.py egg_info --egg-base ../build/ex_recu_24_preg_02 build --build-base /home/irene/examen/examen_ros2/build/ex_recu_24_preg_02/build install --record /home/irene/examen/examen_ros2/build/ex_recu_24_preg_02/install.log --single-version-externally-managed install_data
[0.715s] running egg_info
[0.716s] creating ../build/ex_recu_24_preg_02/ex_recu_24_preg_02.egg-info
[0.716s] writing ../build/ex_recu_24_preg_02/ex_recu_24_preg_02.egg-info/PKG-INFO
[0.716s] writing dependency_links to ../build/ex_recu_24_preg_02/ex_recu_24_preg_02.egg-info/dependency_links.txt
[0.716s] writing entry points to ../build/ex_recu_24_preg_02/ex_recu_24_preg_02.egg-info/entry_points.txt
[0.716s] writing requirements to ../build/ex_recu_24_preg_02/ex_recu_24_preg_02.egg-info/requires.txt
[0.716s] writing top-level names to ../build/ex_recu_24_preg_02/ex_recu_24_preg_02.egg-info/top_level.txt
[0.717s] writing manifest file '../build/ex_recu_24_preg_02/ex_recu_24_preg_02.egg-info/SOURCES.txt'
[0.740s] reading manifest file '../build/ex_recu_24_preg_02/ex_recu_24_preg_02.egg-info/SOURCES.txt'
[0.741s] writing manifest file '../build/ex_recu_24_preg_02/ex_recu_24_preg_02.egg-info/SOURCES.txt'
[0.741s] running build
[0.741s] running build_py
[0.741s] creating /home/irene/examen/examen_ros2/build/ex_recu_24_preg_02/build
[0.741s] creating /home/irene/examen/examen_ros2/build/ex_recu_24_preg_02/build/lib
[0.741s] creating /home/irene/examen/examen_ros2/build/ex_recu_24_preg_02/build/lib/ex_recu_24_preg_02
[0.741s] copying ex_recu_24_preg_02/__init__.py -> /home/irene/examen/examen_ros2/build/ex_recu_24_preg_02/build/lib/ex_recu_24_preg_02
[0.741s] running install
[0.742s] running install_lib
[0.743s] creating /home/irene/examen/examen_ros2/install/ex_recu_24_preg_02/lib/python3.8/site-packages/ex_recu_24_preg_02
[0.743s] copying /home/irene/examen/examen_ros2/build/ex_recu_24_preg_02/build/lib/ex_recu_24_preg_02/__init__.py -> /home/irene/examen/examen_ros2/install/ex_recu_24_preg_02/lib/python3.8/site-packages/ex_recu_24_preg_02
[0.743s] byte-compiling /home/irene/examen/examen_ros2/install/ex_recu_24_preg_02/lib/python3.8/site-packages/ex_recu_24_preg_02/__init__.py to __init__.cpython-38.pyc
[0.744s] running install_data
[0.744s] creating /home/irene/examen/examen_ros2/install/ex_recu_24_preg_02/share/ament_index
[0.744s] creating /home/irene/examen/examen_ros2/install/ex_recu_24_preg_02/share/ament_index/resource_index
[0.744s] creating /home/irene/examen/examen_ros2/install/ex_recu_24_preg_02/share/ament_index/resource_index/packages
[0.744s] copying resource/ex_recu_24_preg_02 -> /home/irene/examen/examen_ros2/install/ex_recu_24_preg_02/share/ament_index/resource_index/packages
[0.744s] copying package.xml -> /home/irene/examen/examen_ros2/install/ex_recu_24_preg_02/share/ex_recu_24_preg_02
[0.744s] creating /home/irene/examen/examen_ros2/install/ex_recu_24_preg_02/share/ex_recu_24_preg_02/config
[0.744s] copying config/office_map.yaml -> /home/irene/examen/examen_ros2/install/ex_recu_24_preg_02/share/ex_recu_24_preg_02/config
[0.744s] copying config/my_nav2_params_full.yaml -> /home/irene/examen/examen_ros2/install/ex_recu_24_preg_02/share/ex_recu_24_preg_02/config
[0.745s] copying config/office_map.png -> /home/irene/examen/examen_ros2/install/ex_recu_24_preg_02/share/ex_recu_24_preg_02/config
[0.745s] copying config/my_slam.rviz -> /home/irene/examen/examen_ros2/install/ex_recu_24_preg_02/share/ex_recu_24_preg_02/config
[0.745s] creating /home/irene/examen/examen_ros2/install/ex_recu_24_preg_02/share/ex_recu_24_preg_02/launch
[0.745s] copying launch/ex_recu_24_preg_02.launch.py -> /home/irene/examen/examen_ros2/install/ex_recu_24_preg_02/share/ex_recu_24_preg_02/launch
[0.745s] running install_egg_info
[0.746s] Copying ../build/ex_recu_24_preg_02/ex_recu_24_preg_02.egg-info to /home/irene/examen/examen_ros2/install/ex_recu_24_preg_02/lib/python3.8/site-packages/ex_recu_24_preg_02-0.0.0-py3.8.egg-info
[0.747s] running install_scripts
[0.759s] writing list of installed files to '/home/irene/examen/examen_ros2/build/ex_recu_24_preg_02/install.log'
[0.774s] Invoked command in '/home/irene/examen/examen_ros2/ex_recu_24_preg_02' returned '0': PYTHONPATH=/home/irene/examen/examen_ros2/build/ex_recu_24_preg_02/prefix_override:/usr/lib/python3/dist-packages/colcon_core/task/python/colcon_distutils_commands:/home/irene/examen/examen_ros2/install/ex_recu_24_preg_02/lib/python3.8/site-packages:${PYTHONPATH} /usr/bin/python3 -W ignore:setup.py install is deprecated -W ignore:easy_install command is deprecated setup.py egg_info --egg-base ../build/ex_recu_24_preg_02 build --build-base /home/irene/examen/examen_ros2/build/ex_recu_24_preg_02/build install --record /home/irene/examen/examen_ros2/build/ex_recu_24_preg_02/install.log --single-version-externally-managed install_data
