[0.161s] DEBUG:colcon:Command line arguments: ['/usr/bin/colcon', 'build', '--packages-select', 'ex_recu_24_preg_02']
[0.161s] DEBUG:colcon:Parsed command line arguments: Namespace(allow_overriding=[], ament_cmake_args=None, base_paths=['.'], build_base='build', catkin_cmake_args=None, catkin_skip_building_tests=False, cmake_args=None, cmake_clean_cache=False, cmake_clean_first=False, cmake_force_configure=False, cmake_target=None, cmake_target_skip_unavailable=False, continue_on_error=False, event_handlers=None, executor='parallel', ignore_user_meta=False, install_base='install', log_base=None, log_level=None, main=<bound method BuildVerb.main of <colcon_core.verb.build.BuildVerb object at 0x7f4a39d879d0>>, merge_install=False, metas=['./colcon.meta'], mixin=None, mixin_files=None, mixin_verb=('build',), packages_above=None, packages_above_and_dependencies=None, packages_above_depth=None, packages_end=None, packages_ignore=None, packages_ignore_regex=None, packages_select=['ex_recu_24_preg_02'], packages_select_build_failed=False, packages_select_by_dep=None, packages_select_regex=None, packages_select_test_failures=False, packages_skip=None, packages_skip_build_finished=False, packages_skip_by_dep=None, packages_skip_regex=None, packages_skip_test_passed=False, packages_skip_up_to=None, packages_start=None, packages_up_to=None, packages_up_to_regex=None, parallel_workers=16, paths=None, symlink_install=False, test_result_base=None, verb_extension=<colcon_core.verb.build.BuildVerb object at 0x7f4a39d879d0>, verb_name='build', verb_parser=<colcon_mixin.mixin.mixin_argument.MixinArgumentDecorator object at 0x7f4a39d9b280>)
[0.289s] Level 1:colcon.colcon_core.package_discovery:discover_packages(colcon_meta) check parameters
[0.289s] Level 1:colcon.colcon_core.package_discovery:discover_packages(recursive) check parameters
[0.289s] Level 1:colcon.colcon_core.package_discovery:discover_packages(ignore) check parameters
[0.289s] Level 1:colcon.colcon_core.package_discovery:discover_packages(path) check parameters
[0.289s] Level 1:colcon.colcon_core.package_discovery:discover_packages(colcon_meta) discover
[0.290s] Level 1:colcon.colcon_core.package_discovery:discover_packages(recursive) discover
[0.290s] INFO:colcon.colcon_core.package_discovery:Crawling recursively for packages in '/home/irene/examen/examen_ros2'
[0.290s] Level 1:colcon.colcon_core.package_identification:_identify(.) by extensions ['ignore', 'ignore_ament_install']
[0.290s] Level 1:colcon.colcon_core.package_identification:_identify(.) by extension 'ignore'
[0.290s] Level 1:colcon.colcon_core.package_identification:_identify(.) by extension 'ignore_ament_install'
[0.290s] Level 1:colcon.colcon_core.package_identification:_identify(.) by extensions ['colcon_pkg']
[0.290s] Level 1:colcon.colcon_core.package_identification:_identify(.) by extension 'colcon_pkg'
[0.290s] Level 1:colcon.colcon_core.package_identification:_identify(.) by extensions ['colcon_meta']
[0.290s] Level 1:colcon.colcon_core.package_identification:_identify(.) by extension 'colcon_meta'
[0.290s] Level 1:colcon.colcon_core.package_identification:_identify(.) by extensions ['ros']
[0.290s] Level 1:colcon.colcon_core.package_identification:_identify(.) by extension 'ros'
[0.298s] Level 1:colcon.colcon_core.package_identification:_identify(.) by extensions ['cmake', 'python']
[0.298s] Level 1:colcon.colcon_core.package_identification:_identify(.) by extension 'cmake'
[0.298s] Level 1:colcon.colcon_core.package_identification:_identify(.) by extension 'python'
[0.298s] Level 1:colcon.colcon_core.package_identification:_identify(.) by extensions ['python_setup_py']
[0.298s] Level 1:colcon.colcon_core.package_identification:_identify(.) by extension 'python_setup_py'
[0.299s] Level 1:colcon.colcon_core.package_identification:_identify(build) by extensions ['ignore', 'ignore_ament_install']
[0.299s] Level 1:colcon.colcon_core.package_identification:_identify(build) by extension 'ignore'
[0.299s] Level 1:colcon.colcon_core.package_identification:_identify(build) ignored
[0.299s] Level 1:colcon.colcon_core.package_identification:_identify(ex_recu_24_preg_01) by extensions ['ignore', 'ignore_ament_install']
[0.299s] Level 1:colcon.colcon_core.package_identification:_identify(ex_recu_24_preg_01) by extension 'ignore'
[0.299s] Level 1:colcon.colcon_core.package_identification:_identify(ex_recu_24_preg_01) by extension 'ignore_ament_install'
[0.299s] Level 1:colcon.colcon_core.package_identification:_identify(ex_recu_24_preg_01) by extensions ['colcon_pkg']
[0.299s] Level 1:colcon.colcon_core.package_identification:_identify(ex_recu_24_preg_01) by extension 'colcon_pkg'
[0.299s] Level 1:colcon.colcon_core.package_identification:_identify(ex_recu_24_preg_01) by extensions ['colcon_meta']
[0.299s] Level 1:colcon.colcon_core.package_identification:_identify(ex_recu_24_preg_01) by extension 'colcon_meta'
[0.299s] Level 1:colcon.colcon_core.package_identification:_identify(ex_recu_24_preg_01) by extensions ['ros']
[0.299s] Level 1:colcon.colcon_core.package_identification:_identify(ex_recu_24_preg_01) by extension 'ros'
[0.302s] DEBUG:colcon.colcon_core.package_identification:Package 'ex_recu_24_preg_01' with type 'ros.ament_cmake' and name 'ex_recu_24_preg_01'
[0.302s] Level 1:colcon.colcon_core.package_identification:_identify(ex_recu_24_preg_02) by extensions ['ignore', 'ignore_ament_install']
[0.302s] Level 1:colcon.colcon_core.package_identification:_identify(ex_recu_24_preg_02) by extension 'ignore'
[0.302s] Level 1:colcon.colcon_core.package_identification:_identify(ex_recu_24_preg_02) by extension 'ignore_ament_install'
[0.302s] Level 1:colcon.colcon_core.package_identification:_identify(ex_recu_24_preg_02) by extensions ['colcon_pkg']
[0.302s] Level 1:colcon.colcon_core.package_identification:_identify(ex_recu_24_preg_02) by extension 'colcon_pkg'
[0.302s] Level 1:colcon.colcon_core.package_identification:_identify(ex_recu_24_preg_02) by extensions ['colcon_meta']
[0.302s] Level 1:colcon.colcon_core.package_identification:_identify(ex_recu_24_preg_02) by extension 'colcon_meta'
[0.302s] Level 1:colcon.colcon_core.package_identification:_identify(ex_recu_24_preg_02) by extensions ['ros']
[0.302s] Level 1:colcon.colcon_core.package_identification:_identify(ex_recu_24_preg_02) by extension 'ros'
[0.303s] DEBUG:colcon.colcon_core.package_identification:Package 'ex_recu_24_preg_02' with type 'ros.ament_python' and name 'ex_recu_24_preg_02'
[0.303s] Level 1:colcon.colcon_core.package_identification:_identify(install) by extensions ['ignore', 'ignore_ament_install']
[0.303s] Level 1:colcon.colcon_core.package_identification:_identify(install) by extension 'ignore'
[0.303s] Level 1:colcon.colcon_core.package_identification:_identify(install) ignored
[0.303s] Level 1:colcon.colcon_core.package_identification:_identify(log) by extensions ['ignore', 'ignore_ament_install']
[0.303s] Level 1:colcon.colcon_core.package_identification:_identify(log) by extension 'ignore'
[0.303s] Level 1:colcon.colcon_core.package_identification:_identify(log) ignored
[0.303s] Level 1:colcon.colcon_core.package_discovery:discover_packages(recursive) using defaults
[0.303s] Level 1:colcon.colcon_core.package_discovery:discover_packages(ignore) discover
[0.303s] Level 1:colcon.colcon_core.package_discovery:discover_packages(ignore) using defaults
[0.303s] Level 1:colcon.colcon_core.package_discovery:discover_packages(path) discover
[0.303s] Level 1:colcon.colcon_core.package_discovery:discover_packages(path) using defaults
[0.328s] INFO:colcon.colcon_core.package_selection:Skipping not selected package 'ex_recu_24_preg_01' in 'ex_recu_24_preg_01'
[0.328s] Level 1:colcon.colcon_core.package_discovery:discover_packages(prefix_path) check parameters
[0.328s] Level 1:colcon.colcon_core.package_discovery:discover_packages(prefix_path) discover
[0.330s] DEBUG:colcon.colcon_installed_package_information.package_discovery:Found 14 installed packages in /home/irene/turtlebot3_ws/install
[0.331s] DEBUG:colcon.colcon_installed_package_information.package_discovery:Found 337 installed packages in /opt/ros/galactic
[0.333s] Level 1:colcon.colcon_core.package_discovery:discover_packages(prefix_path) using defaults
[0.386s] Level 5:colcon.colcon_core.verb:set package 'ex_recu_24_preg_02' build argument 'cmake_args' from command line to 'None'
[0.386s] Level 5:colcon.colcon_core.verb:set package 'ex_recu_24_preg_02' build argument 'cmake_target' from command line to 'None'
[0.386s] Level 5:colcon.colcon_core.verb:set package 'ex_recu_24_preg_02' build argument 'cmake_target_skip_unavailable' from command line to 'False'
[0.386s] Level 5:colcon.colcon_core.verb:set package 'ex_recu_24_preg_02' build argument 'cmake_clean_cache' from command line to 'False'
[0.386s] Level 5:colcon.colcon_core.verb:set package 'ex_recu_24_preg_02' build argument 'cmake_clean_first' from command line to 'False'
[0.386s] Level 5:colcon.colcon_core.verb:set package 'ex_recu_24_preg_02' build argument 'cmake_force_configure' from command line to 'False'
[0.386s] Level 5:colcon.colcon_core.verb:set package 'ex_recu_24_preg_02' build argument 'ament_cmake_args' from command line to 'None'
[0.386s] Level 5:colcon.colcon_core.verb:set package 'ex_recu_24_preg_02' build argument 'catkin_cmake_args' from command line to 'None'
[0.386s] Level 5:colcon.colcon_core.verb:set package 'ex_recu_24_preg_02' build argument 'catkin_skip_building_tests' from command line to 'False'
[0.386s] DEBUG:colcon.colcon_core.verb:Building package 'ex_recu_24_preg_02' with the following arguments: {'ament_cmake_args': None, 'build_base': '/home/irene/examen/examen_ros2/build/ex_recu_24_preg_02', 'catkin_cmake_args': None, 'catkin_skip_building_tests': False, 'cmake_args': None, 'cmake_clean_cache': False, 'cmake_clean_first': False, 'cmake_force_configure': False, 'cmake_target': None, 'cmake_target_skip_unavailable': False, 'install_base': '/home/irene/examen/examen_ros2/install/ex_recu_24_preg_02', 'merge_install': False, 'path': '/home/irene/examen/examen_ros2/ex_recu_24_preg_02', 'symlink_install': False, 'test_result_base': None}
[0.386s] INFO:colcon.colcon_core.executor:Executing jobs using 'parallel' executor
[0.387s] DEBUG:colcon.colcon_parallel_executor.executor.parallel:run_until_complete
[0.387s] INFO:colcon.colcon_ros.task.ament_python.build:Building ROS package in '/home/irene/examen/examen_ros2/ex_recu_24_preg_02' with build type 'ament_python'
[0.387s] Level 1:colcon.colcon_core.shell:create_environment_hook('ex_recu_24_preg_02', 'ament_prefix_path')
[0.389s] INFO:colcon.colcon_core.plugin_system:Skipping extension 'colcon_core.shell.bat': Not used on non-Windows systems
[0.389s] INFO:colcon.colcon_core.shell:Creating environment hook '/home/irene/examen/examen_ros2/install/ex_recu_24_preg_02/share/ex_recu_24_preg_02/hook/ament_prefix_path.ps1'
[0.389s] INFO:colcon.colcon_core.shell:Creating environment descriptor '/home/irene/examen/examen_ros2/install/ex_recu_24_preg_02/share/ex_recu_24_preg_02/hook/ament_prefix_path.dsv'
[0.390s] INFO:colcon.colcon_core.shell:Creating environment hook '/home/irene/examen/examen_ros2/install/ex_recu_24_preg_02/share/ex_recu_24_preg_02/hook/ament_prefix_path.sh'
[0.390s] INFO:colcon.colcon_core.shell:Skip shell extension 'powershell' for command environment: Not usable outside of PowerShell
[0.390s] DEBUG:colcon.colcon_core.shell:Skip shell extension 'dsv' for command environment
[0.584s] INFO:colcon.colcon_core.task.python.build:Building Python package in '/home/irene/examen/examen_ros2/ex_recu_24_preg_02'
[0.585s] INFO:colcon.colcon_core.shell:Skip shell extension 'powershell' for command environment: Not usable outside of PowerShell
[0.585s] DEBUG:colcon.colcon_core.shell:Skip shell extension 'dsv' for command environment
[0.918s] DEBUG:colcon.colcon_core.event_handler.log_command:Invoking command in '/home/irene/examen/examen_ros2/ex_recu_24_preg_02': PYTHONPATH=/home/irene/examen/examen_ros2/build/ex_recu_24_preg_02/prefix_override:/usr/lib/python3/dist-packages/colcon_core/task/python/colcon_distutils_commands:/home/irene/examen/examen_ros2/install/ex_recu_24_preg_02/lib/python3.8/site-packages:${PYTHONPATH} /usr/bin/python3 -W ignore:setup.py install is deprecated -W ignore:easy_install command is deprecated setup.py egg_info --egg-base ../build/ex_recu_24_preg_02 build --build-base /home/irene/examen/examen_ros2/build/ex_recu_24_preg_02/build install --record /home/irene/examen/examen_ros2/build/ex_recu_24_preg_02/install.log --single-version-externally-managed install_data
[1.160s] DEBUG:colcon.colcon_core.event_handler.log_command:Invoked command in '/home/irene/examen/examen_ros2/ex_recu_24_preg_02' returned '0': PYTHONPATH=/home/irene/examen/examen_ros2/build/ex_recu_24_preg_02/prefix_override:/usr/lib/python3/dist-packages/colcon_core/task/python/colcon_distutils_commands:/home/irene/examen/examen_ros2/install/ex_recu_24_preg_02/lib/python3.8/site-packages:${PYTHONPATH} /usr/bin/python3 -W ignore:setup.py install is deprecated -W ignore:easy_install command is deprecated setup.py egg_info --egg-base ../build/ex_recu_24_preg_02 build --build-base /home/irene/examen/examen_ros2/build/ex_recu_24_preg_02/build install --record /home/irene/examen/examen_ros2/build/ex_recu_24_preg_02/install.log --single-version-externally-managed install_data
[1.162s] Level 1:colcon.colcon_core.environment:checking '/home/irene/examen/examen_ros2/install/ex_recu_24_preg_02' for CMake module files
[1.163s] Level 1:colcon.colcon_core.environment:checking '/home/irene/examen/examen_ros2/install/ex_recu_24_preg_02' for CMake config files
[1.164s] Level 1:colcon.colcon_core.environment:checking '/home/irene/examen/examen_ros2/install/ex_recu_24_preg_02/lib'
[1.164s] Level 1:colcon.colcon_core.environment:checking '/home/irene/examen/examen_ros2/install/ex_recu_24_preg_02/bin'
[1.164s] Level 1:colcon.colcon_core.environment:checking '/home/irene/examen/examen_ros2/install/ex_recu_24_preg_02/lib/pkgconfig/ex_recu_24_preg_02.pc'
[1.164s] Level 1:colcon.colcon_core.environment:checking '/home/irene/examen/examen_ros2/install/ex_recu_24_preg_02/lib/python3.8/site-packages'
[1.164s] Level 1:colcon.colcon_core.shell:create_environment_hook('ex_recu_24_preg_02', 'pythonpath')
[1.165s] INFO:colcon.colcon_core.shell:Creating environment hook '/home/irene/examen/examen_ros2/install/ex_recu_24_preg_02/share/ex_recu_24_preg_02/hook/pythonpath.ps1'
[1.165s] INFO:colcon.colcon_core.shell:Creating environment descriptor '/home/irene/examen/examen_ros2/install/ex_recu_24_preg_02/share/ex_recu_24_preg_02/hook/pythonpath.dsv'
[1.165s] INFO:colcon.colcon_core.shell:Creating environment hook '/home/irene/examen/examen_ros2/install/ex_recu_24_preg_02/share/ex_recu_24_preg_02/hook/pythonpath.sh'
[1.166s] Level 1:colcon.colcon_core.environment:checking '/home/irene/examen/examen_ros2/install/ex_recu_24_preg_02/bin'
[1.166s] Level 1:colcon.colcon_core.environment:create_environment_scripts_only(ex_recu_24_preg_02)
[1.167s] INFO:colcon.colcon_core.shell:Creating package script '/home/irene/examen/examen_ros2/install/ex_recu_24_preg_02/share/ex_recu_24_preg_02/package.ps1'
[1.169s] INFO:colcon.colcon_core.shell:Creating package descriptor '/home/irene/examen/examen_ros2/install/ex_recu_24_preg_02/share/ex_recu_24_preg_02/package.dsv'
[1.171s] INFO:colcon.colcon_core.shell:Creating package script '/home/irene/examen/examen_ros2/install/ex_recu_24_preg_02/share/ex_recu_24_preg_02/package.sh'
[1.172s] INFO:colcon.colcon_core.shell:Creating package script '/home/irene/examen/examen_ros2/install/ex_recu_24_preg_02/share/ex_recu_24_preg_02/package.bash'
[1.174s] INFO:colcon.colcon_core.shell:Creating package script '/home/irene/examen/examen_ros2/install/ex_recu_24_preg_02/share/ex_recu_24_preg_02/package.zsh'
[1.175s] Level 1:colcon.colcon_core.environment:create_file_with_runtime_dependencies(/home/irene/examen/examen_ros2/install/ex_recu_24_preg_02/share/colcon-core/packages/ex_recu_24_preg_02)
[1.175s] DEBUG:colcon.colcon_parallel_executor.executor.parallel:closing loop
[1.175s] DEBUG:colcon.colcon_parallel_executor.executor.parallel:loop closed
[1.175s] DEBUG:colcon.colcon_parallel_executor.executor.parallel:run_until_complete finished with '0'
[1.175s] DEBUG:colcon.colcon_core.event_reactor:joining thread
[1.183s] INFO:colcon.colcon_core.plugin_system:Skipping extension 'colcon_notification.desktop_notification.terminal_notifier': Not used on non-Darwin systems
[1.183s] INFO:colcon.colcon_core.plugin_system:Skipping extension 'colcon_notification.desktop_notification.win32': Not used on non-Windows systems
[1.183s] INFO:colcon.colcon_notification.desktop_notification:Sending desktop notification using 'notify2'
[1.202s] DEBUG:colcon.colcon_core.event_reactor:joined thread
[1.202s] INFO:colcon.colcon_core.shell:Creating prefix script '/home/irene/examen/examen_ros2/install/local_setup.ps1'
[1.203s] INFO:colcon.colcon_core.shell:Creating prefix util module '/home/irene/examen/examen_ros2/install/_local_setup_util_ps1.py'
[1.204s] INFO:colcon.colcon_core.shell:Creating prefix chain script '/home/irene/examen/examen_ros2/install/setup.ps1'
[1.206s] INFO:colcon.colcon_core.shell:Creating prefix script '/home/irene/examen/examen_ros2/install/local_setup.sh'
[1.207s] INFO:colcon.colcon_core.shell:Creating prefix util module '/home/irene/examen/examen_ros2/install/_local_setup_util_sh.py'
[1.207s] INFO:colcon.colcon_core.shell:Creating prefix chain script '/home/irene/examen/examen_ros2/install/setup.sh'
[1.210s] INFO:colcon.colcon_core.shell:Creating prefix script '/home/irene/examen/examen_ros2/install/local_setup.bash'
[1.211s] INFO:colcon.colcon_core.shell:Creating prefix chain script '/home/irene/examen/examen_ros2/install/setup.bash'
[1.215s] INFO:colcon.colcon_core.shell:Creating prefix script '/home/irene/examen/examen_ros2/install/local_setup.zsh'
[1.215s] INFO:colcon.colcon_core.shell:Creating prefix chain script '/home/irene/examen/examen_ros2/install/setup.zsh'
