-- The C compiler identification is GNU 9.4.0
-- The CXX compiler identification is GNU 9.4.0
-- Check for working C compiler: /usr/bin/cc
-- Check for working C compiler: /usr/bin/cc -- works
-- Detecting C compiler ABI info
-- Detecting C compiler ABI info - done
-- Detecting C compile features
-- Detecting C compile features - done
-- Check for working CXX compiler: /usr/bin/c++
-- Check for working CXX compiler: /usr/bin/c++ -- works
-- Detecting CXX compiler ABI info
-- Detecting CXX compiler ABI info - done
-- Detecting CXX compile features
-- Detecting CXX compile features - done
-- Found ament_cmake: 1.1.6 (/opt/ros/galactic/share/ament_cmake/cmake)
-- Found PythonInterp: /usr/bin/python3 (found suitable version "3.8.10", minimum required is "3") 
-- Using PYTHON_EXECUTABLE: /usr/bin/python3
-- Found PkgConfig: /usr/bin/pkg-config (found version "0.29.1") 
-- Checking for module 'bullet>=2.82'
--   Found bullet, version 2.88
-- Found ccd: /usr/include (found suitable version "2.0", minimum required is "2.0") 
-- Found fcl: /usr/include (found suitable version "0.5.0", minimum required is "0.3.2") 
-- Found assimp: /usr/include (found version "5.0.0") 
-- Found DART: /usr/include (Required is at least version "6.6") found components: dart 
-- Found Boost: /usr/lib/x86_64-linux-gnu/cmake/Boost-1.71.0/BoostConfig.cmake (found suitable version "1.71.0", minimum required is "1.40.0") found components: thread system filesystem program_options regex iostreams date_time 
-- Found Protobuf: /usr/lib/x86_64-linux-gnu/libprotobuf.so;-lpthread (found version "3.6.1") 
-- Looking for ignition-math6 -- found version 6.15.1
-- Searching for dependencies of ignition-math6
-- Looking for OGRE...
-- OGRE_PREFIX_WATCH changed.
-- Checking for module 'OGRE'
--   Found OGRE, version 1.9.0
-- Found Ogre Ghadamon (1.9.0)
-- Found OGRE: optimized;/usr/lib/x86_64-linux-gnu/libOgreMain.so;debug;/usr/lib/x86_64-linux-gnu/libOgreMain.so
-- Looking for OGRE_Paging...
-- Found OGRE_Paging: optimized;/usr/lib/x86_64-linux-gnu/libOgrePaging.so;debug;/usr/lib/x86_64-linux-gnu/libOgrePaging.so
-- Looking for OGRE_Terrain...
-- Found OGRE_Terrain: optimized;/usr/lib/x86_64-linux-gnu/libOgreTerrain.so;debug;/usr/lib/x86_64-linux-gnu/libOgreTerrain.so
-- Looking for OGRE_Property...
-- Found OGRE_Property: optimized;/usr/lib/x86_64-linux-gnu/libOgreProperty.so;debug;/usr/lib/x86_64-linux-gnu/libOgreProperty.so
-- Looking for OGRE_RTShaderSystem...
-- Found OGRE_RTShaderSystem: optimized;/usr/lib/x86_64-linux-gnu/libOgreRTShaderSystem.so;debug;/usr/lib/x86_64-linux-gnu/libOgreRTShaderSystem.so
-- Looking for OGRE_Volume...
-- Found OGRE_Volume: optimized;/usr/lib/x86_64-linux-gnu/libOgreVolume.so;debug;/usr/lib/x86_64-linux-gnu/libOgreVolume.so
-- Looking for OGRE_Overlay...
-- Found OGRE_Overlay: optimized;/usr/lib/x86_64-linux-gnu/libOgreOverlay.so;debug;/usr/lib/x86_64-linux-gnu/libOgreOverlay.so
-- Looking for ignition-math6 -- found version 6.15.1
-- Looking for ignition-transport8 -- found version 8.3.0
-- Searching for dependencies of ignition-transport8
-- Found Protobuf: /usr/lib/x86_64-linux-gnu/libprotobuf.so;-lpthread (found suitable version "3.6.1", minimum required is "3") 
-- Config-file not installed for ZeroMQ -- checking for pkg-config
-- Checking for module 'libzmq >= 4'
--   Found libzmq , version 4.3.2
-- Found ZeroMQ: TRUE (Required is at least version "4") 
-- Checking for module 'uuid'
--   Found uuid, version 2.34.0
-- Found UUID: TRUE  
-- Looking for ignition-msgs5 -- found version 5.10.0
-- Searching for dependencies of ignition-msgs5
-- Looking for ignition-math6 -- found version 6.15.1
-- Checking for module 'tinyxml2'
--   Found tinyxml2, version 6.2.0
-- Looking for ignition-msgs5 -- found version 5.10.0
-- Looking for ignition-common3 -- found version 3.14.2
-- Searching for dependencies of ignition-common3
-- Looking for dlfcn.h - found
-- Looking for libdl - found
-- Found DL: TRUE  
-- Searching for <ignition-common3> component [graphics]
-- Looking for ignition-common3-graphics -- found version 3.14.2
-- Searching for dependencies of ignition-common3-graphics
-- Looking for ignition-math6 -- found version 6.15.1
-- Looking for ignition-fuel_tools4 -- found version 4.6.0
-- Searching for dependencies of ignition-fuel_tools4
-- Found CURL: /usr/lib/x86_64-linux-gnu/libcurl.so (found version "7.68.0")  
-- Checking for module 'jsoncpp'
--   Found jsoncpp, version 1.7.4
-- Found JSONCPP: TRUE  
-- Checking for module 'libzip'
--   Found libzip, version 1.5.1
-- Found ZIP: TRUE  
-- Looking for ignition-common3 -- found version 3.14.2
-- Looking for ignition-math6 -- found version 6.15.1
-- Looking for ignition-msgs5 -- found version 5.10.0
-- Found gazebo_ros_pkgs: 3.5.2 (/opt/ros/galactic/share/gazebo_ros_pkgs/cmake)
-- Found geometry_msgs: 2.2.4 (/opt/ros/galactic/share/geometry_msgs/cmake)
-- Using all available rosidl_typesupport_c: rosidl_typesupport_fastrtps_c;rosidl_typesupport_introspection_c
-- Found rosidl_adapter: 2.2.3 (/opt/ros/galactic/share/rosidl_adapter/cmake)
-- Found OpenSSL: /usr/lib/x86_64-linux-gnu/libcrypto.so (found version "1.1.1f")  
-- Found FastRTPS: /opt/ros/galactic/include  
-- Using all available rosidl_typesupport_cpp: rosidl_typesupport_fastrtps_cpp;rosidl_typesupport_introspection_cpp
-- Found nav_msgs: 2.2.4 (/opt/ros/galactic/share/nav_msgs/cmake)
-- Found rclcpp: 9.2.2 (/opt/ros/galactic/share/rclcpp/cmake)
-- Found rmw_implementation_cmake: 3.3.1 (/opt/ros/galactic/share/rmw_implementation_cmake/cmake)
-- Found rmw_cyclonedds_cpp: 0.22.6 (/opt/ros/galactic/share/rmw_cyclonedds_cpp/cmake)
-- Using RMW implementation 'rmw_cyclonedds_cpp' as default
-- Found Threads: TRUE  
-- Found sensor_msgs: 2.2.4 (/opt/ros/galactic/share/sensor_msgs/cmake)
-- Found tf2: 0.17.5 (/opt/ros/galactic/share/tf2/cmake)
-- Found turtlebot3_gazebo: 2.2.4 (/home/irene/turtlebot3_ws/install/turtlebot3_gazebo/share/turtlebot3_gazebo/cmake)
-- Configuring done
-- Generating done
-- Build files have been written to: /home/irene/examen/examen_ros2/build/ex_recu_24_preg_01
[35m[1mScanning dependencies of target turtlebot3_drive[0m
[ 50%] [32mBuilding CXX object CMakeFiles/turtlebot3_drive.dir/src/turtlebot3_drive.cpp.o[0m
[100%] [32m[1mLinking CXX executable turtlebot3_drive[0m
[100%] Built target turtlebot3_drive
-- Install configuration: ""
-- Installing: /home/irene/examen/examen_ros2/install/ex_recu_24_preg_01/lib/ex_recu_24_preg_01/turtlebot3_drive
-- Set runtime path of "/home/irene/examen/examen_ros2/install/ex_recu_24_preg_01/lib/ex_recu_24_preg_01/turtlebot3_drive" to ""
-- Installing: /home/irene/examen/examen_ros2/install/ex_recu_24_preg_01/share/ex_recu_24_preg_01//launch
-- Installing: /home/irene/examen/examen_ros2/install/ex_recu_24_preg_01/share/ex_recu_24_preg_01//launch/ex_recu_24_preg_01_tb3.launch.py
-- Installing: /home/irene/examen/examen_ros2/install/ex_recu_24_preg_01/share/ex_recu_24_preg_01//world
-- Installing: /home/irene/examen/examen_ros2/install/ex_recu_24_preg_01/share/ex_recu_24_preg_01//world/burger_office.world
-- Installing: /home/irene/examen/examen_ros2/install/ex_recu_24_preg_01/share/ex_recu_24_preg_01//urdf
-- Installing: /home/irene/examen/examen_ros2/install/ex_recu_24_preg_01/share/ex_recu_24_preg_01//urdf/turtlebot3_burger.urdf
-- Installing: /home/irene/examen/examen_ros2/install/ex_recu_24_preg_01/share/ex_recu_24_preg_01//models
-- Installing: /home/irene/examen/examen_ros2/install/ex_recu_24_preg_01/share/ex_recu_24_preg_01//models/conference_table_large
-- Installing: /home/irene/examen/examen_ros2/install/ex_recu_24_preg_01/share/ex_recu_24_preg_01//models/conference_table_large/model.sdf
-- Installing: /home/irene/examen/examen_ros2/install/ex_recu_24_preg_01/share/ex_recu_24_preg_01//models/conference_table_large/model.config
-- Installing: /home/irene/examen/examen_ros2/install/ex_recu_24_preg_01/share/ex_recu_24_preg_01//models/conference_table_large/meshes
-- Installing: /home/irene/examen/examen_ros2/install/ex_recu_24_preg_01/share/ex_recu_24_preg_01//models/conference_table_large/meshes/conference_table_large.obj
-- Installing: /home/irene/examen/examen_ros2/install/ex_recu_24_preg_01/share/ex_recu_24_preg_01//models/conference_table_large/meshes/conference_table_large.mtl
-- Installing: /home/irene/examen/examen_ros2/install/ex_recu_24_preg_01/share/ex_recu_24_preg_01//models/tv_stand
-- Installing: /home/irene/examen/examen_ros2/install/ex_recu_24_preg_01/share/ex_recu_24_preg_01//models/tv_stand/model.sdf
-- Installing: /home/irene/examen/examen_ros2/install/ex_recu_24_preg_01/share/ex_recu_24_preg_01//models/tv_stand/model.config
-- Installing: /home/irene/examen/examen_ros2/install/ex_recu_24_preg_01/share/ex_recu_24_preg_01//models/tv_stand/materials
-- Installing: /home/irene/examen/examen_ros2/install/ex_recu_24_preg_01/share/ex_recu_24_preg_01//models/tv_stand/materials/textures
-- Installing: /home/irene/examen/examen_ros2/install/ex_recu_24_preg_01/share/ex_recu_24_preg_01//models/tv_stand/materials/textures/tv_diffuse.png
-- Installing: /home/irene/examen/examen_ros2/install/ex_recu_24_preg_01/share/ex_recu_24_preg_01//models/tv_stand/materials/textures/stand_specular.png
-- Installing: /home/irene/examen/examen_ros2/install/ex_recu_24_preg_01/share/ex_recu_24_preg_01//models/tv_stand/materials/textures/tv_specular.png
-- Installing: /home/irene/examen/examen_ros2/install/ex_recu_24_preg_01/share/ex_recu_24_preg_01//models/tv_stand/materials/textures/stand_diffuse.png
-- Installing: /home/irene/examen/examen_ros2/install/ex_recu_24_preg_01/share/ex_recu_24_preg_01//models/tv_stand/meshes
-- Installing: /home/irene/examen/examen_ros2/install/ex_recu_24_preg_01/share/ex_recu_24_preg_01//models/tv_stand/meshes/tv_stand.dae
-- Installing: /home/irene/examen/examen_ros2/install/ex_recu_24_preg_01/share/ex_recu_24_preg_01//models/media
-- Installing: /home/irene/examen/examen_ros2/install/ex_recu_24_preg_01/share/ex_recu_24_preg_01//models/media/materials
-- Installing: /home/irene/examen/examen_ros2/install/ex_recu_24_preg_01/share/ex_recu_24_preg_01//models/media/materials/textures
-- Installing: /home/irene/examen/examen_ros2/install/ex_recu_24_preg_01/share/ex_recu_24_preg_01//models/media/materials/textures/cubicle_wall.png
-- Installing: /home/irene/examen/examen_ros2/install/ex_recu_24_preg_01/share/ex_recu_24_preg_01//models/media/materials/textures/bathroom.png
-- Installing: /home/irene/examen/examen_ros2/install/ex_recu_24_preg_01/share/ex_recu_24_preg_01//models/media/materials/textures/door_wall.png
-- Installing: /home/irene/examen/examen_ros2/install/ex_recu_24_preg_01/share/ex_recu_24_preg_01//models/media/materials/textures/wall_window_and_elevator.png
-- Installing: /home/irene/examen/examen_ros2/install/ex_recu_24_preg_01/share/ex_recu_24_preg_01//models/media/materials/textures/wall_color.png
-- Installing: /home/irene/examen/examen_ros2/install/ex_recu_24_preg_01/share/ex_recu_24_preg_01//models/media/materials/textures/floors.png
-- Installing: /home/irene/examen/examen_ros2/install/ex_recu_24_preg_01/share/ex_recu_24_preg_01//models/media/materials/textures/hallway.png
-- Installing: /home/irene/examen/examen_ros2/install/ex_recu_24_preg_01/share/ex_recu_24_preg_01//models/media/materials/textures/plain.png
-- Installing: /home/irene/examen/examen_ros2/install/ex_recu_24_preg_01/share/ex_recu_24_preg_01//models/media/materials/textures/wall_plain_and_door.png
-- Installing: /home/irene/examen/examen_ros2/install/ex_recu_24_preg_01/share/ex_recu_24_preg_01//models/media/materials/textures/ceiling.png
-- Installing: /home/irene/examen/examen_ros2/install/ex_recu_24_preg_01/share/ex_recu_24_preg_01//models/media/materials/textures/sink.png
-- Installing: /home/irene/examen/examen_ros2/install/ex_recu_24_preg_01/share/ex_recu_24_preg_01//models/media/materials/textures/window.png
-- Installing: /home/irene/examen/examen_ros2/install/ex_recu_24_preg_01/share/ex_recu_24_preg_01//models/media/materials/textures/elevator.png
-- Installing: /home/irene/examen/examen_ros2/install/ex_recu_24_preg_01/share/ex_recu_24_preg_01//models/media/materials/scripts
-- Installing: /home/irene/examen/examen_ros2/install/ex_recu_24_preg_01/share/ex_recu_24_preg_01//models/media/materials/scripts/servicesim.material
-- Installing: /home/irene/examen/examen_ros2/install/ex_recu_24_preg_01/share/ex_recu_24_preg_01//models/media/meshes
-- Installing: /home/irene/examen/examen_ros2/install/ex_recu_24_preg_01/share/ex_recu_24_preg_01//models/media/meshes/wall_plain.obj
-- Installing: /home/irene/examen/examen_ros2/install/ex_recu_24_preg_01/share/ex_recu_24_preg_01//models/media/meshes/cubicle_wall.obj
-- Installing: /home/irene/examen/examen_ros2/install/ex_recu_24_preg_01/share/ex_recu_24_preg_01//models/media/meshes/wall_door.obj
-- Installing: /home/irene/examen/examen_ros2/install/ex_recu_24_preg_01/share/ex_recu_24_preg_01//models/media/meshes/carpet.obj
-- Installing: /home/irene/examen/examen_ros2/install/ex_recu_24_preg_01/share/ex_recu_24_preg_01//models/media/meshes/wall_elevator.obj
-- Installing: /home/irene/examen/examen_ros2/install/ex_recu_24_preg_01/share/ex_recu_24_preg_01//models/media/meshes/sink.obj
-- Installing: /home/irene/examen/examen_ros2/install/ex_recu_24_preg_01/share/ex_recu_24_preg_01//models/media/meshes/tile.obj
-- Installing: /home/irene/examen/examen_ros2/install/ex_recu_24_preg_01/share/ex_recu_24_preg_01//models/media/meshes/office_large.obj
-- Installing: /home/irene/examen/examen_ros2/install/ex_recu_24_preg_01/share/ex_recu_24_preg_01//models/media/meshes/wall_window.obj
-- Installing: /home/irene/examen/examen_ros2/install/ex_recu_24_preg_01/share/ex_recu_24_preg_01//models/media/meshes/hallway.obj
-- Installing: /home/irene/examen/examen_ros2/install/ex_recu_24_preg_01/share/ex_recu_24_preg_01//models/media/meshes/cubicle_wall.mtl
-- Installing: /home/irene/examen/examen_ros2/install/ex_recu_24_preg_01/share/ex_recu_24_preg_01//models/media/meshes/ceiling.obj
-- Installing: /home/irene/examen/examen_ros2/install/ex_recu_24_preg_01/share/ex_recu_24_preg_01//models/media/meshes/reception.obj
-- Installing: /home/irene/examen/examen_ros2/install/ex_recu_24_preg_01/share/ex_recu_24_preg_01//models/media/meshes/office.mtl
-- Installing: /home/irene/examen/examen_ros2/install/ex_recu_24_preg_01/share/ex_recu_24_preg_01//models/media/meshes/bathroom.obj
-- Installing: /home/irene/examen/examen_ros2/install/ex_recu_24_preg_01/share/ex_recu_24_preg_01//models/media/meshes/refreshment_area.obj
-- Installing: /home/irene/examen/examen_ros2/install/ex_recu_24_preg_01/share/ex_recu_24_preg_01//models/media/meshes/office_small.obj
-- Installing: /home/irene/examen/examen_ros2/install/ex_recu_24_preg_01/share/ex_recu_24_preg_01//models/media/meshes/meeting_room_small.obj
-- Installing: /home/irene/examen/examen_ros2/install/ex_recu_24_preg_01/share/ex_recu_24_preg_01//models/media/meshes/meeting_room_large.obj
-- Installing: /home/irene/examen/examen_ros2/install/ex_recu_24_preg_01/share/ex_recu_24_preg_01//models/office_lamp
-- Installing: /home/irene/examen/examen_ros2/install/ex_recu_24_preg_01/share/ex_recu_24_preg_01//models/office_lamp/model.sdf
-- Installing: /home/irene/examen/examen_ros2/install/ex_recu_24_preg_01/share/ex_recu_24_preg_01//models/office_lamp/model.config
-- Installing: /home/irene/examen/examen_ros2/install/ex_recu_24_preg_01/share/ex_recu_24_preg_01//models/office_lamp/materials
-- Installing: /home/irene/examen/examen_ros2/install/ex_recu_24_preg_01/share/ex_recu_24_preg_01//models/office_lamp/materials/textures
-- Installing: /home/irene/examen/examen_ros2/install/ex_recu_24_preg_01/share/ex_recu_24_preg_01//models/office_lamp/materials/textures/office_lamp_specular.png
-- Installing: /home/irene/examen/examen_ros2/install/ex_recu_24_preg_01/share/ex_recu_24_preg_01//models/office_lamp/materials/textures/office_lamp_diffuse.png
-- Installing: /home/irene/examen/examen_ros2/install/ex_recu_24_preg_01/share/ex_recu_24_preg_01//models/office_lamp/materials/textures/office_lamp_illumination.png
-- Installing: /home/irene/examen/examen_ros2/install/ex_recu_24_preg_01/share/ex_recu_24_preg_01//models/office_lamp/meshes
-- Installing: /home/irene/examen/examen_ros2/install/ex_recu_24_preg_01/share/ex_recu_24_preg_01//models/office_lamp/meshes/office_lamp.dae
-- Installing: /home/irene/examen/examen_ros2/install/ex_recu_24_preg_01/share/ex_recu_24_preg_01//models/conference_table_small
-- Installing: /home/irene/examen/examen_ros2/install/ex_recu_24_preg_01/share/ex_recu_24_preg_01//models/conference_table_small/model.sdf
-- Installing: /home/irene/examen/examen_ros2/install/ex_recu_24_preg_01/share/ex_recu_24_preg_01//models/conference_table_small/model.config
-- Installing: /home/irene/examen/examen_ros2/install/ex_recu_24_preg_01/share/ex_recu_24_preg_01//models/conference_table_small/materials
-- Installing: /home/irene/examen/examen_ros2/install/ex_recu_24_preg_01/share/ex_recu_24_preg_01//models/conference_table_small/materials/textures
-- Installing: /home/irene/examen/examen_ros2/install/ex_recu_24_preg_01/share/ex_recu_24_preg_01//models/conference_table_small/materials/textures/conference_table.png
-- Installing: /home/irene/examen/examen_ros2/install/ex_recu_24_preg_01/share/ex_recu_24_preg_01//models/conference_table_small/meshes
-- Installing: /home/irene/examen/examen_ros2/install/ex_recu_24_preg_01/share/ex_recu_24_preg_01//models/conference_table_small/meshes/conference_table_small.obj
-- Installing: /home/irene/examen/examen_ros2/install/ex_recu_24_preg_01/share/ex_recu_24_preg_01//models/conference_table_small/meshes/conference_table_small.mtl
-- Installing: /home/irene/examen/examen_ros2/install/ex_recu_24_preg_01/share/ex_recu_24_preg_01//models/reception_desk
-- Installing: /home/irene/examen/examen_ros2/install/ex_recu_24_preg_01/share/ex_recu_24_preg_01//models/reception_desk/model.sdf
-- Installing: /home/irene/examen/examen_ros2/install/ex_recu_24_preg_01/share/ex_recu_24_preg_01//models/reception_desk/model.config
-- Installing: /home/irene/examen/examen_ros2/install/ex_recu_24_preg_01/share/ex_recu_24_preg_01//models/reception_desk/materials
-- Installing: /home/irene/examen/examen_ros2/install/ex_recu_24_preg_01/share/ex_recu_24_preg_01//models/reception_desk/materials/textures
-- Installing: /home/irene/examen/examen_ros2/install/ex_recu_24_preg_01/share/ex_recu_24_preg_01//models/reception_desk/materials/textures/reception_desk.png
-- Installing: /home/irene/examen/examen_ros2/install/ex_recu_24_preg_01/share/ex_recu_24_preg_01//models/reception_desk/meshes
-- Installing: /home/irene/examen/examen_ros2/install/ex_recu_24_preg_01/share/ex_recu_24_preg_01//models/reception_desk/meshes/reception_desk.obj
-- Installing: /home/irene/examen/examen_ros2/install/ex_recu_24_preg_01/share/ex_recu_24_preg_01//models/reception_desk/meshes/reception_desk.mtl
-- Installing: /home/irene/examen/examen_ros2/install/ex_recu_24_preg_01/share/ex_recu_24_preg_01//models/whiteboard
-- Installing: /home/irene/examen/examen_ros2/install/ex_recu_24_preg_01/share/ex_recu_24_preg_01//models/whiteboard/model.sdf
-- Installing: /home/irene/examen/examen_ros2/install/ex_recu_24_preg_01/share/ex_recu_24_preg_01//models/whiteboard/model.config
-- Installing: /home/irene/examen/examen_ros2/install/ex_recu_24_preg_01/share/ex_recu_24_preg_01//models/whiteboard/materials
-- Installing: /home/irene/examen/examen_ros2/install/ex_recu_24_preg_01/share/ex_recu_24_preg_01//models/whiteboard/materials/textures
-- Installing: /home/irene/examen/examen_ros2/install/ex_recu_24_preg_01/share/ex_recu_24_preg_01//models/whiteboard/materials/textures/whiteboard.png
-- Installing: /home/irene/examen/examen_ros2/install/ex_recu_24_preg_01/share/ex_recu_24_preg_01//models/whiteboard/meshes
-- Installing: /home/irene/examen/examen_ros2/install/ex_recu_24_preg_01/share/ex_recu_24_preg_01//models/whiteboard/meshes/whiteboard.mtl
-- Installing: /home/irene/examen/examen_ros2/install/ex_recu_24_preg_01/share/ex_recu_24_preg_01//models/whiteboard/meshes/whiteboard.obj
-- Installing: /home/irene/examen/examen_ros2/install/ex_recu_24_preg_01/share/ex_recu_24_preg_01//models/office_box
-- Installing: /home/irene/examen/examen_ros2/install/ex_recu_24_preg_01/share/ex_recu_24_preg_01//models/office_box/model.sdf
-- Installing: /home/irene/examen/examen_ros2/install/ex_recu_24_preg_01/share/ex_recu_24_preg_01//models/office_box/model.config
-- Installing: /home/irene/examen/examen_ros2/install/ex_recu_24_preg_01/share/ex_recu_24_preg_01//models/office_box/materials
-- Installing: /home/irene/examen/examen_ros2/install/ex_recu_24_preg_01/share/ex_recu_24_preg_01//models/office_box/materials/textures
-- Installing: /home/irene/examen/examen_ros2/install/ex_recu_24_preg_01/share/ex_recu_24_preg_01//models/office_box/materials/textures/office_box.png
-- Installing: /home/irene/examen/examen_ros2/install/ex_recu_24_preg_01/share/ex_recu_24_preg_01//models/office_box/meshes
-- Installing: /home/irene/examen/examen_ros2/install/ex_recu_24_preg_01/share/ex_recu_24_preg_01//models/office_box/meshes/office_box.dae
-- Installing: /home/irene/examen/examen_ros2/install/ex_recu_24_preg_01/share/ex_recu_24_preg_01//models/dishwasher
-- Installing: /home/irene/examen/examen_ros2/install/ex_recu_24_preg_01/share/ex_recu_24_preg_01//models/dishwasher/model.sdf
-- Installing: /home/irene/examen/examen_ros2/install/ex_recu_24_preg_01/share/ex_recu_24_preg_01//models/dishwasher/model.config
-- Installing: /home/irene/examen/examen_ros2/install/ex_recu_24_preg_01/share/ex_recu_24_preg_01//models/dishwasher/materials
-- Installing: /home/irene/examen/examen_ros2/install/ex_recu_24_preg_01/share/ex_recu_24_preg_01//models/dishwasher/materials/textures
-- Installing: /home/irene/examen/examen_ros2/install/ex_recu_24_preg_01/share/ex_recu_24_preg_01//models/dishwasher/materials/textures/dishwasher.png
-- Installing: /home/irene/examen/examen_ros2/install/ex_recu_24_preg_01/share/ex_recu_24_preg_01//models/dishwasher/meshes
-- Installing: /home/irene/examen/examen_ros2/install/ex_recu_24_preg_01/share/ex_recu_24_preg_01//models/dishwasher/meshes/dishwasher.mtl
-- Installing: /home/irene/examen/examen_ros2/install/ex_recu_24_preg_01/share/ex_recu_24_preg_01//models/dishwasher/meshes/dishwasher.obj
-- Installing: /home/irene/examen/examen_ros2/install/ex_recu_24_preg_01/share/ex_recu_24_preg_01//models/cubicle_corner
-- Installing: /home/irene/examen/examen_ros2/install/ex_recu_24_preg_01/share/ex_recu_24_preg_01//models/cubicle_corner/model.sdf
-- Installing: /home/irene/examen/examen_ros2/install/ex_recu_24_preg_01/share/ex_recu_24_preg_01//models/cubicle_corner/model.config
-- Installing: /home/irene/examen/examen_ros2/install/ex_recu_24_preg_01/share/ex_recu_24_preg_01//models/cubicle_corner/materials
-- Installing: /home/irene/examen/examen_ros2/install/ex_recu_24_preg_01/share/ex_recu_24_preg_01//models/cubicle_corner/materials/textures
-- Installing: /home/irene/examen/examen_ros2/install/ex_recu_24_preg_01/share/ex_recu_24_preg_01//models/cubicle_corner/materials/textures/cubicle_corner.png
-- Installing: /home/irene/examen/examen_ros2/install/ex_recu_24_preg_01/share/ex_recu_24_preg_01//models/cubicle_corner/meshes
-- Installing: /home/irene/examen/examen_ros2/install/ex_recu_24_preg_01/share/ex_recu_24_preg_01//models/cubicle_corner/meshes/cubicle_corner.obj
-- Installing: /home/irene/examen/examen_ros2/install/ex_recu_24_preg_01/share/ex_recu_24_preg_01//models/cubicle_corner/meshes/cubicle_corner.mtl
-- Installing: /home/irene/examen/examen_ros2/install/ex_recu_24_preg_01/share/ex_recu_24_preg_01//models/office_cafe_table
-- Installing: /home/irene/examen/examen_ros2/install/ex_recu_24_preg_01/share/ex_recu_24_preg_01//models/office_cafe_table/model.sdf
-- Installing: /home/irene/examen/examen_ros2/install/ex_recu_24_preg_01/share/ex_recu_24_preg_01//models/office_cafe_table/model.config
-- Installing: /home/irene/examen/examen_ros2/install/ex_recu_24_preg_01/share/ex_recu_24_preg_01//models/office_cafe_table/materials
-- Installing: /home/irene/examen/examen_ros2/install/ex_recu_24_preg_01/share/ex_recu_24_preg_01//models/office_cafe_table/materials/textures
-- Installing: /home/irene/examen/examen_ros2/install/ex_recu_24_preg_01/share/ex_recu_24_preg_01//models/office_cafe_table/materials/textures/Maple.jpg
-- Installing: /home/irene/examen/examen_ros2/install/ex_recu_24_preg_01/share/ex_recu_24_preg_01//models/office_cafe_table/materials/textures/Wood_Floor_Dark.jpg
-- Installing: /home/irene/examen/examen_ros2/install/ex_recu_24_preg_01/share/ex_recu_24_preg_01//models/office_cafe_table/meshes
-- Installing: /home/irene/examen/examen_ros2/install/ex_recu_24_preg_01/share/ex_recu_24_preg_01//models/office_cafe_table/meshes/office_cafe_table.dae
-- Installing: /home/irene/examen/examen_ros2/install/ex_recu_24_preg_01/share/ex_recu_24_preg_01//models/office_couch
-- Installing: /home/irene/examen/examen_ros2/install/ex_recu_24_preg_01/share/ex_recu_24_preg_01//models/office_couch/model.sdf
-- Installing: /home/irene/examen/examen_ros2/install/ex_recu_24_preg_01/share/ex_recu_24_preg_01//models/office_couch/model.config
-- Installing: /home/irene/examen/examen_ros2/install/ex_recu_24_preg_01/share/ex_recu_24_preg_01//models/office_couch/materials
-- Installing: /home/irene/examen/examen_ros2/install/ex_recu_24_preg_01/share/ex_recu_24_preg_01//models/office_couch/materials/textures
-- Installing: /home/irene/examen/examen_ros2/install/ex_recu_24_preg_01/share/ex_recu_24_preg_01//models/office_couch/materials/textures/office_couch_specular.png
-- Installing: /home/irene/examen/examen_ros2/install/ex_recu_24_preg_01/share/ex_recu_24_preg_01//models/office_couch/materials/textures/office_couch_diffuse.png
-- Installing: /home/irene/examen/examen_ros2/install/ex_recu_24_preg_01/share/ex_recu_24_preg_01//models/office_couch/meshes
-- Installing: /home/irene/examen/examen_ros2/install/ex_recu_24_preg_01/share/ex_recu_24_preg_01//models/office_couch/meshes/office_couch.dae
-- Installing: /home/irene/examen/examen_ros2/install/ex_recu_24_preg_01/share/ex_recu_24_preg_01//models/refrigerator
-- Installing: /home/irene/examen/examen_ros2/install/ex_recu_24_preg_01/share/ex_recu_24_preg_01//models/refrigerator/model.sdf
-- Installing: /home/irene/examen/examen_ros2/install/ex_recu_24_preg_01/share/ex_recu_24_preg_01//models/refrigerator/model.config
-- Installing: /home/irene/examen/examen_ros2/install/ex_recu_24_preg_01/share/ex_recu_24_preg_01//models/refrigerator/materials
-- Installing: /home/irene/examen/examen_ros2/install/ex_recu_24_preg_01/share/ex_recu_24_preg_01//models/refrigerator/materials/textures
-- Installing: /home/irene/examen/examen_ros2/install/ex_recu_24_preg_01/share/ex_recu_24_preg_01//models/refrigerator/materials/textures/refrigerator.png
-- Installing: /home/irene/examen/examen_ros2/install/ex_recu_24_preg_01/share/ex_recu_24_preg_01//models/refrigerator/meshes
-- Installing: /home/irene/examen/examen_ros2/install/ex_recu_24_preg_01/share/ex_recu_24_preg_01//models/refrigerator/meshes/refrigerator.obj
-- Installing: /home/irene/examen/examen_ros2/install/ex_recu_24_preg_01/share/ex_recu_24_preg_01//models/refrigerator/meshes/refrigerator.mtl
-- Installing: /home/irene/examen/examen_ros2/install/ex_recu_24_preg_01/share/ex_recu_24_preg_01//models/microwave
-- Installing: /home/irene/examen/examen_ros2/install/ex_recu_24_preg_01/share/ex_recu_24_preg_01//models/microwave/model.sdf
-- Installing: /home/irene/examen/examen_ros2/install/ex_recu_24_preg_01/share/ex_recu_24_preg_01//models/microwave/model.config
-- Installing: /home/irene/examen/examen_ros2/install/ex_recu_24_preg_01/share/ex_recu_24_preg_01//models/microwave/materials
-- Installing: /home/irene/examen/examen_ros2/install/ex_recu_24_preg_01/share/ex_recu_24_preg_01//models/microwave/materials/textures
-- Installing: /home/irene/examen/examen_ros2/install/ex_recu_24_preg_01/share/ex_recu_24_preg_01//models/microwave/materials/textures/microwave.png
-- Installing: /home/irene/examen/examen_ros2/install/ex_recu_24_preg_01/share/ex_recu_24_preg_01//models/microwave/meshes
-- Installing: /home/irene/examen/examen_ros2/install/ex_recu_24_preg_01/share/ex_recu_24_preg_01//models/microwave/meshes/microwave.mtl
-- Installing: /home/irene/examen/examen_ros2/install/ex_recu_24_preg_01/share/ex_recu_24_preg_01//models/microwave/meshes/microwave.obj
-- Installing: /home/irene/examen/examen_ros2/install/ex_recu_24_preg_01/share/ex_recu_24_preg_01//models/cafe_counter
-- Installing: /home/irene/examen/examen_ros2/install/ex_recu_24_preg_01/share/ex_recu_24_preg_01//models/cafe_counter/model.sdf
-- Installing: /home/irene/examen/examen_ros2/install/ex_recu_24_preg_01/share/ex_recu_24_preg_01//models/cafe_counter/model.config
-- Installing: /home/irene/examen/examen_ros2/install/ex_recu_24_preg_01/share/ex_recu_24_preg_01//models/cafe_counter/materials
-- Installing: /home/irene/examen/examen_ros2/install/ex_recu_24_preg_01/share/ex_recu_24_preg_01//models/cafe_counter/materials/textures
-- Installing: /home/irene/examen/examen_ros2/install/ex_recu_24_preg_01/share/ex_recu_24_preg_01//models/cafe_counter/materials/textures/cafe_counter.png
-- Installing: /home/irene/examen/examen_ros2/install/ex_recu_24_preg_01/share/ex_recu_24_preg_01//models/cafe_counter/meshes
-- Installing: /home/irene/examen/examen_ros2/install/ex_recu_24_preg_01/share/ex_recu_24_preg_01//models/cafe_counter/meshes/cafe_counter.mtl
-- Installing: /home/irene/examen/examen_ros2/install/ex_recu_24_preg_01/share/ex_recu_24_preg_01//models/cafe_counter/meshes/cafe_counter.obj
-- Installing: /home/irene/examen/examen_ros2/install/ex_recu_24_preg_01/share/ex_recu_24_preg_01//models/cafe_counter/meshes/counter_sink.obj
-- Installing: /home/irene/examen/examen_ros2/install/ex_recu_24_preg_01/share/ex_recu_24_preg_01//models/cafe_counter/meshes/counter_no_sink.obj
-- Installing: /home/irene/examen/examen_ros2/install/ex_recu_24_preg_01/share/ex_recu_24_preg_01//models/office_chair
-- Installing: /home/irene/examen/examen_ros2/install/ex_recu_24_preg_01/share/ex_recu_24_preg_01//models/office_chair/model.sdf
-- Installing: /home/irene/examen/examen_ros2/install/ex_recu_24_preg_01/share/ex_recu_24_preg_01//models/office_chair/model.config
-- Installing: /home/irene/examen/examen_ros2/install/ex_recu_24_preg_01/share/ex_recu_24_preg_01//models/office_chair/materials
-- Installing: /home/irene/examen/examen_ros2/install/ex_recu_24_preg_01/share/ex_recu_24_preg_01//models/office_chair/materials/textures
-- Installing: /home/irene/examen/examen_ros2/install/ex_recu_24_preg_01/share/ex_recu_24_preg_01//models/office_chair/materials/textures/office_chair_diffuse.png
-- Installing: /home/irene/examen/examen_ros2/install/ex_recu_24_preg_01/share/ex_recu_24_preg_01//models/office_chair/materials/textures/office_chair_specular.png
-- Installing: /home/irene/examen/examen_ros2/install/ex_recu_24_preg_01/share/ex_recu_24_preg_01//models/office_chair/meshes
-- Installing: /home/irene/examen/examen_ros2/install/ex_recu_24_preg_01/share/ex_recu_24_preg_01//models/office_chair/meshes/office_chair.dae
-- Installing: /home/irene/examen/examen_ros2/install/ex_recu_24_preg_01/share/ex_recu_24_preg_01//models/cubicle_wall
-- Installing: /home/irene/examen/examen_ros2/install/ex_recu_24_preg_01/share/ex_recu_24_preg_01//models/cubicle_wall/model.sdf
-- Installing: /home/irene/examen/examen_ros2/install/ex_recu_24_preg_01/share/ex_recu_24_preg_01//models/cubicle_wall/model.config
-- Installing: /home/irene/examen/examen_ros2/install/ex_recu_24_preg_01/share/ex_recu_24_preg_01//models/cubicle_wall/materials
-- Installing: /home/irene/examen/examen_ros2/install/ex_recu_24_preg_01/share/ex_recu_24_preg_01//models/cubicle_wall/materials/textures
-- Installing: /home/irene/examen/examen_ros2/install/ex_recu_24_preg_01/share/ex_recu_24_preg_01//models/cubicle_wall/materials/textures/cubicle_wall.png
-- Installing: /home/irene/examen/examen_ros2/install/ex_recu_24_preg_01/share/ex_recu_24_preg_01//models/cubicle_wall/meshes
-- Installing: /home/irene/examen/examen_ros2/install/ex_recu_24_preg_01/share/ex_recu_24_preg_01//models/cubicle_wall/meshes/cubicle_wall.obj
-- Installing: /home/irene/examen/examen_ros2/install/ex_recu_24_preg_01/share/ex_recu_24_preg_01//models/cubicle_wall/meshes/cubicle_open.obj
-- Installing: /home/irene/examen/examen_ros2/install/ex_recu_24_preg_01/share/ex_recu_24_preg_01//models/cubicle_wall/meshes/cubicle_wall.mtl
-- Installing: /home/irene/examen/examen_ros2/install/ex_recu_24_preg_01/share/ex_recu_24_preg_01//models/cubicle_wall/meshes/cubicle_closed.obj
-- Installing: /home/irene/examen/examen_ros2/install/ex_recu_24_preg_01/share/ex_recu_24_preg_01//models/cubicle_wall/meshes/cubicle_corner.obj
-- Installing: /home/irene/examen/examen_ros2/install/ex_recu_24_preg_01/share/ex_recu_24_preg_01//models/servicebot
-- Installing: /home/irene/examen/examen_ros2/install/ex_recu_24_preg_01/share/ex_recu_24_preg_01//models/servicebot/model.sdf
-- Installing: /home/irene/examen/examen_ros2/install/ex_recu_24_preg_01/share/ex_recu_24_preg_01//models/servicebot/model.config
-- Installing: /home/irene/examen/examen_ros2/install/ex_recu_24_preg_01/share/ex_recu_24_preg_01//models/servicebot/materials
-- Installing: /home/irene/examen/examen_ros2/install/ex_recu_24_preg_01/share/ex_recu_24_preg_01//models/servicebot/materials/textures
-- Installing: /home/irene/examen/examen_ros2/install/ex_recu_24_preg_01/share/ex_recu_24_preg_01//models/servicebot/materials/textures/servicebot.png
-- Installing: /home/irene/examen/examen_ros2/install/ex_recu_24_preg_01/share/ex_recu_24_preg_01//models/servicebot/meshes
-- Installing: /home/irene/examen/examen_ros2/install/ex_recu_24_preg_01/share/ex_recu_24_preg_01//models/servicebot/meshes/servicebot.mtl
-- Installing: /home/irene/examen/examen_ros2/install/ex_recu_24_preg_01/share/ex_recu_24_preg_01//models/servicebot/meshes/servicebot.obj
-- Installing: /home/irene/examen/examen_ros2/install/ex_recu_24_preg_01/share/ex_recu_24_preg_01//models/bathroom_sink
-- Installing: /home/irene/examen/examen_ros2/install/ex_recu_24_preg_01/share/ex_recu_24_preg_01//models/bathroom_sink/model.sdf
-- Installing: /home/irene/examen/examen_ros2/install/ex_recu_24_preg_01/share/ex_recu_24_preg_01//models/bathroom_sink/model.config
-- Installing: /home/irene/examen/examen_ros2/install/ex_recu_24_preg_01/share/ex_recu_24_preg_01//models/bathroom_sink/materials
-- Installing: /home/irene/examen/examen_ros2/install/ex_recu_24_preg_01/share/ex_recu_24_preg_01//models/bathroom_sink/materials/textures
-- Installing: /home/irene/examen/examen_ros2/install/ex_recu_24_preg_01/share/ex_recu_24_preg_01//models/bathroom_sink/materials/textures/bathroom_sink_specular.png
-- Installing: /home/irene/examen/examen_ros2/install/ex_recu_24_preg_01/share/ex_recu_24_preg_01//models/bathroom_sink/materials/textures/bathroom_sink_diffuse.png
-- Installing: /home/irene/examen/examen_ros2/install/ex_recu_24_preg_01/share/ex_recu_24_preg_01//models/bathroom_sink/meshes
-- Installing: /home/irene/examen/examen_ros2/install/ex_recu_24_preg_01/share/ex_recu_24_preg_01//models/bathroom_sink/meshes/bathroom_sink.dae
-- Installing: /home/irene/examen/examen_ros2/install/ex_recu_24_preg_01/share/ex_recu_24_preg_01//models/desk_chair
-- Installing: /home/irene/examen/examen_ros2/install/ex_recu_24_preg_01/share/ex_recu_24_preg_01//models/desk_chair/model.sdf
-- Installing: /home/irene/examen/examen_ros2/install/ex_recu_24_preg_01/share/ex_recu_24_preg_01//models/desk_chair/model.config
-- Installing: /home/irene/examen/examen_ros2/install/ex_recu_24_preg_01/share/ex_recu_24_preg_01//models/desk_chair/materials
-- Installing: /home/irene/examen/examen_ros2/install/ex_recu_24_preg_01/share/ex_recu_24_preg_01//models/desk_chair/materials/textures
-- Installing: /home/irene/examen/examen_ros2/install/ex_recu_24_preg_01/share/ex_recu_24_preg_01//models/desk_chair/materials/textures/desk_chair.png
-- Installing: /home/irene/examen/examen_ros2/install/ex_recu_24_preg_01/share/ex_recu_24_preg_01//models/desk_chair/meshes
-- Installing: /home/irene/examen/examen_ros2/install/ex_recu_24_preg_01/share/ex_recu_24_preg_01//models/desk_chair/meshes/desk_chair.obj
-- Installing: /home/irene/examen/examen_ros2/install/ex_recu_24_preg_01/share/ex_recu_24_preg_01//models/desk_chair/meshes/desk_chair.mtl
-- Installing: /home/irene/examen/examen_ros2/install/ex_recu_24_preg_01/share/ex_recu_24_preg_01//models/office_desk
-- Installing: /home/irene/examen/examen_ros2/install/ex_recu_24_preg_01/share/ex_recu_24_preg_01//models/office_desk/model.sdf
-- Installing: /home/irene/examen/examen_ros2/install/ex_recu_24_preg_01/share/ex_recu_24_preg_01//models/office_desk/model.config
-- Installing: /home/irene/examen/examen_ros2/install/ex_recu_24_preg_01/share/ex_recu_24_preg_01//models/office_desk/materials
-- Installing: /home/irene/examen/examen_ros2/install/ex_recu_24_preg_01/share/ex_recu_24_preg_01//models/office_desk/materials/textures
-- Installing: /home/irene/examen/examen_ros2/install/ex_recu_24_preg_01/share/ex_recu_24_preg_01//models/office_desk/materials/textures/office_desk_diffuse.png
-- Installing: /home/irene/examen/examen_ros2/install/ex_recu_24_preg_01/share/ex_recu_24_preg_01//models/office_desk/materials/textures/office_desk_specular.png
-- Installing: /home/irene/examen/examen_ros2/install/ex_recu_24_preg_01/share/ex_recu_24_preg_01//models/office_desk/meshes
-- Installing: /home/irene/examen/examen_ros2/install/ex_recu_24_preg_01/share/ex_recu_24_preg_01//models/office_desk/meshes/office_desk.dae
-- Installing: /home/irene/examen/examen_ros2/install/ex_recu_24_preg_01/share/ex_recu_24_preg_01//models/toilet
-- Installing: /home/irene/examen/examen_ros2/install/ex_recu_24_preg_01/share/ex_recu_24_preg_01//models/toilet/model.sdf
-- Installing: /home/irene/examen/examen_ros2/install/ex_recu_24_preg_01/share/ex_recu_24_preg_01//models/toilet/model.config
-- Installing: /home/irene/examen/examen_ros2/install/ex_recu_24_preg_01/share/ex_recu_24_preg_01//models/toilet/materials
-- Installing: /home/irene/examen/examen_ros2/install/ex_recu_24_preg_01/share/ex_recu_24_preg_01//models/toilet/materials/textures
-- Installing: /home/irene/examen/examen_ros2/install/ex_recu_24_preg_01/share/ex_recu_24_preg_01//models/toilet/materials/textures/toilet_diffuse_specular.png
-- Installing: /home/irene/examen/examen_ros2/install/ex_recu_24_preg_01/share/ex_recu_24_preg_01//models/toilet/meshes
-- Installing: /home/irene/examen/examen_ros2/install/ex_recu_24_preg_01/share/ex_recu_24_preg_01//models/toilet/meshes/toilet.dae
-- Installing: /home/irene/examen/examen_ros2/install/ex_recu_24_preg_01/share/ex_recu_24_preg_01//models/office_table
-- Installing: /home/irene/examen/examen_ros2/install/ex_recu_24_preg_01/share/ex_recu_24_preg_01//models/office_table/model.sdf
-- Installing: /home/irene/examen/examen_ros2/install/ex_recu_24_preg_01/share/ex_recu_24_preg_01//models/office_table/model.config
-- Installing: /home/irene/examen/examen_ros2/install/ex_recu_24_preg_01/share/ex_recu_24_preg_01//models/office_table/materials
-- Installing: /home/irene/examen/examen_ros2/install/ex_recu_24_preg_01/share/ex_recu_24_preg_01//models/office_table/materials/textures
-- Installing: /home/irene/examen/examen_ros2/install/ex_recu_24_preg_01/share/ex_recu_24_preg_01//models/office_table/materials/textures/office_table_diffuse.png
-- Installing: /home/irene/examen/examen_ros2/install/ex_recu_24_preg_01/share/ex_recu_24_preg_01//models/office_table/materials/textures/office_table_specular.png
-- Installing: /home/irene/examen/examen_ros2/install/ex_recu_24_preg_01/share/ex_recu_24_preg_01//models/office_table/meshes
-- Installing: /home/irene/examen/examen_ros2/install/ex_recu_24_preg_01/share/ex_recu_24_preg_01//models/office_table/meshes/office_table.dae
-- Installing: /home/irene/examen/examen_ros2/install/ex_recu_24_preg_01/share/ex_recu_24_preg_01//models/conference_table_medium
-- Installing: /home/irene/examen/examen_ros2/install/ex_recu_24_preg_01/share/ex_recu_24_preg_01//models/conference_table_medium/model.sdf
-- Installing: /home/irene/examen/examen_ros2/install/ex_recu_24_preg_01/share/ex_recu_24_preg_01//models/conference_table_medium/model.config
-- Installing: /home/irene/examen/examen_ros2/install/ex_recu_24_preg_01/share/ex_recu_24_preg_01//models/conference_table_medium/meshes
-- Installing: /home/irene/examen/examen_ros2/install/ex_recu_24_preg_01/share/ex_recu_24_preg_01//models/conference_table_medium/meshes/conference_table_medium.mtl
-- Installing: /home/irene/examen/examen_ros2/install/ex_recu_24_preg_01/share/ex_recu_24_preg_01//models/conference_table_medium/meshes/conference_table_medium.obj
-- Installing: /home/irene/examen/examen_ros2/install/ex_recu_24_preg_01/share/ex_recu_24_preg_01//models/desk
-- Installing: /home/irene/examen/examen_ros2/install/ex_recu_24_preg_01/share/ex_recu_24_preg_01//models/desk/model.sdf
-- Installing: /home/irene/examen/examen_ros2/install/ex_recu_24_preg_01/share/ex_recu_24_preg_01//models/desk/model.config
-- Installing: /home/irene/examen/examen_ros2/install/ex_recu_24_preg_01/share/ex_recu_24_preg_01//models/desk/materials
-- Installing: /home/irene/examen/examen_ros2/install/ex_recu_24_preg_01/share/ex_recu_24_preg_01//models/desk/materials/textures
-- Installing: /home/irene/examen/examen_ros2/install/ex_recu_24_preg_01/share/ex_recu_24_preg_01//models/desk/materials/textures/desk.png
-- Installing: /home/irene/examen/examen_ros2/install/ex_recu_24_preg_01/share/ex_recu_24_preg_01//models/desk/meshes
-- Installing: /home/irene/examen/examen_ros2/install/ex_recu_24_preg_01/share/ex_recu_24_preg_01//models/desk/meshes/desk.mtl
-- Installing: /home/irene/examen/examen_ros2/install/ex_recu_24_preg_01/share/ex_recu_24_preg_01//models/desk/meshes/desk.obj
-- Installing: /home/irene/examen/examen_ros2/install/ex_recu_24_preg_01/share/ex_recu_24_preg_01//models/cubicle_island
-- Installing: /home/irene/examen/examen_ros2/install/ex_recu_24_preg_01/share/ex_recu_24_preg_01//models/cubicle_island/model.sdf
-- Installing: /home/irene/examen/examen_ros2/install/ex_recu_24_preg_01/share/ex_recu_24_preg_01//models/cubicle_island/model.config
-- Installing: /home/irene/examen/examen_ros2/install/ex_recu_24_preg_01/share/ex_recu_24_preg_01//models/cubicle_island/materials
-- Installing: /home/irene/examen/examen_ros2/install/ex_recu_24_preg_01/share/ex_recu_24_preg_01//models/cubicle_island/materials/textures
-- Installing: /home/irene/examen/examen_ros2/install/ex_recu_24_preg_01/share/ex_recu_24_preg_01//models/cubicle_island/materials/textures/cubicle_1.png
-- Installing: /home/irene/examen/examen_ros2/install/ex_recu_24_preg_01/share/ex_recu_24_preg_01//models/cubicle_island/materials/textures/cubicle_island.png
-- Installing: /home/irene/examen/examen_ros2/install/ex_recu_24_preg_01/share/ex_recu_24_preg_01//models/cubicle_island/meshes
-- Installing: /home/irene/examen/examen_ros2/install/ex_recu_24_preg_01/share/ex_recu_24_preg_01//models/cubicle_island/meshes/cubicle_island.mtl
-- Installing: /home/irene/examen/examen_ros2/install/ex_recu_24_preg_01/share/ex_recu_24_preg_01//models/cubicle_island/meshes/cubicle_island.obj
-- Installing: /home/irene/examen/examen_ros2/install/ex_recu_24_preg_01/share/ex_recu_24_preg_01//models/coffee_maker
-- Installing: /home/irene/examen/examen_ros2/install/ex_recu_24_preg_01/share/ex_recu_24_preg_01//models/coffee_maker/model.sdf
-- Installing: /home/irene/examen/examen_ros2/install/ex_recu_24_preg_01/share/ex_recu_24_preg_01//models/coffee_maker/model.config
-- Installing: /home/irene/examen/examen_ros2/install/ex_recu_24_preg_01/share/ex_recu_24_preg_01//models/coffee_maker/materials
-- Installing: /home/irene/examen/examen_ros2/install/ex_recu_24_preg_01/share/ex_recu_24_preg_01//models/coffee_maker/materials/textures
-- Installing: /home/irene/examen/examen_ros2/install/ex_recu_24_preg_01/share/ex_recu_24_preg_01//models/coffee_maker/materials/textures/coffee_maker.png
-- Installing: /home/irene/examen/examen_ros2/install/ex_recu_24_preg_01/share/ex_recu_24_preg_01//models/coffee_maker/meshes
-- Installing: /home/irene/examen/examen_ros2/install/ex_recu_24_preg_01/share/ex_recu_24_preg_01//models/coffee_maker/meshes/coffee_maker.obj
-- Installing: /home/irene/examen/examen_ros2/install/ex_recu_24_preg_01/share/ex_recu_24_preg_01//models/coffee_maker/meshes/coffee_maker.mtl
-- Installing: /home/irene/examen/examen_ros2/install/ex_recu_24_preg_01/share/ex_recu_24_preg_01//models/meshes
-- Installing: /home/irene/examen/examen_ros2/install/ex_recu_24_preg_01/share/ex_recu_24_preg_01//models/meshes/wrist.stl
-- Installing: /home/irene/examen/examen_ros2/install/ex_recu_24_preg_01/share/ex_recu_24_preg_01//models/meshes/robot_base.stl
-- Installing: /home/irene/examen/examen_ros2/install/ex_recu_24_preg_01/share/ex_recu_24_preg_01//models/meshes/office
-- Installing: /home/irene/examen/examen_ros2/install/ex_recu_24_preg_01/share/ex_recu_24_preg_01//models/meshes/office/wall_plain.obj
-- Installing: /home/irene/examen/examen_ros2/install/ex_recu_24_preg_01/share/ex_recu_24_preg_01//models/meshes/office/cubicle_wall.obj
-- Installing: /home/irene/examen/examen_ros2/install/ex_recu_24_preg_01/share/ex_recu_24_preg_01//models/meshes/office/wall_door.obj
-- Installing: /home/irene/examen/examen_ros2/install/ex_recu_24_preg_01/share/ex_recu_24_preg_01//models/meshes/office/carpet.obj
-- Installing: /home/irene/examen/examen_ros2/install/ex_recu_24_preg_01/share/ex_recu_24_preg_01//models/meshes/office/wall_elevator.obj
-- Installing: /home/irene/examen/examen_ros2/install/ex_recu_24_preg_01/share/ex_recu_24_preg_01//models/meshes/office/sink.obj
-- Installing: /home/irene/examen/examen_ros2/install/ex_recu_24_preg_01/share/ex_recu_24_preg_01//models/meshes/office/tile.obj
-- Installing: /home/irene/examen/examen_ros2/install/ex_recu_24_preg_01/share/ex_recu_24_preg_01//models/meshes/office/office_large.obj
-- Installing: /home/irene/examen/examen_ros2/install/ex_recu_24_preg_01/share/ex_recu_24_preg_01//models/meshes/office/wall_window.obj
-- Installing: /home/irene/examen/examen_ros2/install/ex_recu_24_preg_01/share/ex_recu_24_preg_01//models/meshes/office/hallway.obj
-- Installing: /home/irene/examen/examen_ros2/install/ex_recu_24_preg_01/share/ex_recu_24_preg_01//models/meshes/office/cubicle_wall.mtl
-- Installing: /home/irene/examen/examen_ros2/install/ex_recu_24_preg_01/share/ex_recu_24_preg_01//models/meshes/office/ceiling.obj
-- Installing: /home/irene/examen/examen_ros2/install/ex_recu_24_preg_01/share/ex_recu_24_preg_01//models/meshes/office/reception.obj
-- Installing: /home/irene/examen/examen_ros2/install/ex_recu_24_preg_01/share/ex_recu_24_preg_01//models/meshes/office/office.mtl
-- Installing: /home/irene/examen/examen_ros2/install/ex_recu_24_preg_01/share/ex_recu_24_preg_01//models/meshes/office/bathroom.obj
-- Installing: /home/irene/examen/examen_ros2/install/ex_recu_24_preg_01/share/ex_recu_24_preg_01//models/meshes/office/refreshment_area.obj
-- Installing: /home/irene/examen/examen_ros2/install/ex_recu_24_preg_01/share/ex_recu_24_preg_01//models/meshes/office/office_small.obj
-- Installing: /home/irene/examen/examen_ros2/install/ex_recu_24_preg_01/share/ex_recu_24_preg_01//models/meshes/office/meeting_room_small.obj
-- Installing: /home/irene/examen/examen_ros2/install/ex_recu_24_preg_01/share/ex_recu_24_preg_01//models/meshes/office/meeting_room_large.obj
-- Installing: /home/irene/examen/examen_ros2/install/ex_recu_24_preg_01/share/ex_recu_24_preg_01//models/meshes/cafe
-- Installing: /home/irene/examen/examen_ros2/install/ex_recu_24_preg_01/share/ex_recu_24_preg_01//models/meshes/cafe/walk.dae
-- Installing: /home/irene/examen/examen_ros2/install/ex_recu_24_preg_01/share/ex_recu_24_preg_01//models/meshes/arm_base.stl
-- Installing: /home/irene/examen/examen_ros2/install/ex_recu_24_preg_01/share/ex_recu_24_preg_01//models/meshes/elbow.stl
-- Installing: /home/irene/examen/examen_ros2/install/ex_recu_24_preg_01/share/ex_recu_24_preg_01//models/meshes/bicep.stl
-- Installing: /home/irene/examen/examen_ros2/install/ex_recu_24_preg_01/share/ex_recu_24_preg_01//models/meshes/wheel.stl
-- Installing: /home/irene/examen/examen_ros2/install/ex_recu_24_preg_01/share/ex_recu_24_preg_01//models/turtlebot3_burger
-- Installing: /home/irene/examen/examen_ros2/install/ex_recu_24_preg_01/share/ex_recu_24_preg_01//models/turtlebot3_burger/model.sdf
-- Installing: /home/irene/examen/examen_ros2/install/ex_recu_24_preg_01/share/ex_recu_24_preg_01//models/turtlebot3_burger/model-1_4.sdf
-- Installing: /home/irene/examen/examen_ros2/install/ex_recu_24_preg_01/share/ex_recu_24_preg_01//models/turtlebot3_burger/model.config
-- Installing: /home/irene/examen/examen_ros2/install/ex_recu_24_preg_01/share/ex_recu_24_preg_01//models/turtlebot3_burger/meshes
-- Installing: /home/irene/examen/examen_ros2/install/ex_recu_24_preg_01/share/ex_recu_24_preg_01//models/turtlebot3_burger/meshes/tire.dae
-- Installing: /home/irene/examen/examen_ros2/install/ex_recu_24_preg_01/share/ex_recu_24_preg_01//models/turtlebot3_burger/meshes/lds.dae
-- Installing: /home/irene/examen/examen_ros2/install/ex_recu_24_preg_01/share/ex_recu_24_preg_01//models/turtlebot3_burger/meshes/burger_base.dae
-- Installing: /home/irene/examen/examen_ros2/install/ex_recu_24_preg_01/share/ex_recu_24_preg_01//models/computer
-- Installing: /home/irene/examen/examen_ros2/install/ex_recu_24_preg_01/share/ex_recu_24_preg_01//models/computer/model.sdf
-- Installing: /home/irene/examen/examen_ros2/install/ex_recu_24_preg_01/share/ex_recu_24_preg_01//models/computer/model.config
-- Installing: /home/irene/examen/examen_ros2/install/ex_recu_24_preg_01/share/ex_recu_24_preg_01//models/computer/materials
-- Installing: /home/irene/examen/examen_ros2/install/ex_recu_24_preg_01/share/ex_recu_24_preg_01//models/computer/materials/textures
-- Installing: /home/irene/examen/examen_ros2/install/ex_recu_24_preg_01/share/ex_recu_24_preg_01//models/computer/materials/textures/computer.png
-- Installing: /home/irene/examen/examen_ros2/install/ex_recu_24_preg_01/share/ex_recu_24_preg_01//models/computer/meshes
-- Installing: /home/irene/examen/examen_ros2/install/ex_recu_24_preg_01/share/ex_recu_24_preg_01//models/computer/meshes/computer.mtl
-- Installing: /home/irene/examen/examen_ros2/install/ex_recu_24_preg_01/share/ex_recu_24_preg_01//models/computer/meshes/computer_tower.obj
-- Installing: /home/irene/examen/examen_ros2/install/ex_recu_24_preg_01/share/ex_recu_24_preg_01//models/computer/meshes/computer_monitor.obj
-- Installing: /home/irene/examen/examen_ros2/install/ex_recu_24_preg_01/share/ex_recu_24_preg_01//models/computer/meshes/computer.obj
-- Installing: /home/irene/examen/examen_ros2/install/ex_recu_24_preg_01/share/ex_recu_24_preg_01//models/wastebasket
-- Installing: /home/irene/examen/examen_ros2/install/ex_recu_24_preg_01/share/ex_recu_24_preg_01//models/wastebasket/model.sdf
-- Installing: /home/irene/examen/examen_ros2/install/ex_recu_24_preg_01/share/ex_recu_24_preg_01//models/wastebasket/model.config
-- Installing: /home/irene/examen/examen_ros2/install/ex_recu_24_preg_01/share/ex_recu_24_preg_01//models/wastebasket/materials
-- Installing: /home/irene/examen/examen_ros2/install/ex_recu_24_preg_01/share/ex_recu_24_preg_01//models/wastebasket/materials/textures
-- Installing: /home/irene/examen/examen_ros2/install/ex_recu_24_preg_01/share/ex_recu_24_preg_01//models/wastebasket/materials/textures/wastebasket_diffuse.png
-- Installing: /home/irene/examen/examen_ros2/install/ex_recu_24_preg_01/share/ex_recu_24_preg_01//models/wastebasket/meshes
-- Installing: /home/irene/examen/examen_ros2/install/ex_recu_24_preg_01/share/ex_recu_24_preg_01//models/wastebasket/meshes/wastebasket.dae
-- Installing: /home/irene/examen/examen_ros2/install/ex_recu_24_preg_01/share/ex_recu_24_preg_01//models/mini_fridge
-- Installing: /home/irene/examen/examen_ros2/install/ex_recu_24_preg_01/share/ex_recu_24_preg_01//models/mini_fridge/model.sdf
-- Installing: /home/irene/examen/examen_ros2/install/ex_recu_24_preg_01/share/ex_recu_24_preg_01//models/mini_fridge/model.config
-- Installing: /home/irene/examen/examen_ros2/install/ex_recu_24_preg_01/share/ex_recu_24_preg_01//models/mini_fridge/materials
-- Installing: /home/irene/examen/examen_ros2/install/ex_recu_24_preg_01/share/ex_recu_24_preg_01//models/mini_fridge/materials/textures
-- Installing: /home/irene/examen/examen_ros2/install/ex_recu_24_preg_01/share/ex_recu_24_preg_01//models/mini_fridge/materials/textures/mini_fridge.png
-- Installing: /home/irene/examen/examen_ros2/install/ex_recu_24_preg_01/share/ex_recu_24_preg_01//models/mini_fridge/meshes
-- Installing: /home/irene/examen/examen_ros2/install/ex_recu_24_preg_01/share/ex_recu_24_preg_01//models/mini_fridge/meshes/mini_fridge.obj
-- Installing: /home/irene/examen/examen_ros2/install/ex_recu_24_preg_01/share/ex_recu_24_preg_01//models/mini_fridge/meshes/mini_fridge.mtl
-- Installing: /home/irene/examen/examen_ros2/install/ex_recu_24_preg_01/share/ex_recu_24_preg_01//models/door
-- Installing: /home/irene/examen/examen_ros2/install/ex_recu_24_preg_01/share/ex_recu_24_preg_01//models/door/model.sdf
-- Installing: /home/irene/examen/examen_ros2/install/ex_recu_24_preg_01/share/ex_recu_24_preg_01//models/door/model.config
-- Installing: /home/irene/examen/examen_ros2/install/ex_recu_24_preg_01/share/ex_recu_24_preg_01//models/door/materials
-- Installing: /home/irene/examen/examen_ros2/install/ex_recu_24_preg_01/share/ex_recu_24_preg_01//models/door/materials/textures
-- Installing: /home/irene/examen/examen_ros2/install/ex_recu_24_preg_01/share/ex_recu_24_preg_01//models/door/materials/textures/door.png
-- Installing: /home/irene/examen/examen_ros2/install/ex_recu_24_preg_01/share/ex_recu_24_preg_01//models/door/materials/textures/ceiling.png
-- Installing: /home/irene/examen/examen_ros2/install/ex_recu_24_preg_01/share/ex_recu_24_preg_01//models/door/materials/textures/refrigerator.png
-- Installing: /home/irene/examen/examen_ros2/install/ex_recu_24_preg_01/share/ex_recu_24_preg_01//models/door/meshes
-- Installing: /home/irene/examen/examen_ros2/install/ex_recu_24_preg_01/share/ex_recu_24_preg_01//models/door/meshes/door_door.obj
-- Installing: /home/irene/examen/examen_ros2/install/ex_recu_24_preg_01/share/ex_recu_24_preg_01//models/door/meshes/door.obj
-- Installing: /home/irene/examen/examen_ros2/install/ex_recu_24_preg_01/share/ex_recu_24_preg_01//models/door/meshes/door.mtl
-- Installing: /home/irene/examen/examen_ros2/install/ex_recu_24_preg_01/share/ex_recu_24_preg_01//models/door/meshes/door_frame.obj
-- Installing: /home/irene/examen/examen_ros2/install/ex_recu_24_preg_01/share/ex_recu_24_preg_01//models/hangout_chair
-- Installing: /home/irene/examen/examen_ros2/install/ex_recu_24_preg_01/share/ex_recu_24_preg_01//models/hangout_chair/model.sdf
-- Installing: /home/irene/examen/examen_ros2/install/ex_recu_24_preg_01/share/ex_recu_24_preg_01//models/hangout_chair/model.config
-- Installing: /home/irene/examen/examen_ros2/install/ex_recu_24_preg_01/share/ex_recu_24_preg_01//models/hangout_chair/materials
-- Installing: /home/irene/examen/examen_ros2/install/ex_recu_24_preg_01/share/ex_recu_24_preg_01//models/hangout_chair/materials/textures
-- Installing: /home/irene/examen/examen_ros2/install/ex_recu_24_preg_01/share/ex_recu_24_preg_01//models/hangout_chair/materials/textures/hangout_chair.png
-- Installing: /home/irene/examen/examen_ros2/install/ex_recu_24_preg_01/share/ex_recu_24_preg_01//models/hangout_chair/meshes
-- Installing: /home/irene/examen/examen_ros2/install/ex_recu_24_preg_01/share/ex_recu_24_preg_01//models/hangout_chair/meshes/hangout_chair.obj
-- Installing: /home/irene/examen/examen_ros2/install/ex_recu_24_preg_01/share/ex_recu_24_preg_01//models/hangout_chair/meshes/hangout_chair.mtl
-- Installing: /home/irene/examen/examen_ros2/install/ex_recu_24_preg_01/share/ament_index/resource_index/package_run_dependencies/ex_recu_24_preg_01
-- Installing: /home/irene/examen/examen_ros2/install/ex_recu_24_preg_01/share/ament_index/resource_index/parent_prefix_path/ex_recu_24_preg_01
-- Installing: /home/irene/examen/examen_ros2/install/ex_recu_24_preg_01/share/ex_recu_24_preg_01/environment/ament_prefix_path.sh
-- Installing: /home/irene/examen/examen_ros2/install/ex_recu_24_preg_01/share/ex_recu_24_preg_01/environment/ament_prefix_path.dsv
-- Installing: /home/irene/examen/examen_ros2/install/ex_recu_24_preg_01/share/ex_recu_24_preg_01/environment/path.sh
-- Installing: /home/irene/examen/examen_ros2/install/ex_recu_24_preg_01/share/ex_recu_24_preg_01/environment/path.dsv
-- Installing: /home/irene/examen/examen_ros2/install/ex_recu_24_preg_01/share/ex_recu_24_preg_01/local_setup.bash
-- Installing: /home/irene/examen/examen_ros2/install/ex_recu_24_preg_01/share/ex_recu_24_preg_01/local_setup.sh
-- Installing: /home/irene/examen/examen_ros2/install/ex_recu_24_preg_01/share/ex_recu_24_preg_01/local_setup.zsh
-- Installing: /home/irene/examen/examen_ros2/install/ex_recu_24_preg_01/share/ex_recu_24_preg_01/local_setup.dsv
-- Installing: /home/irene/examen/examen_ros2/install/ex_recu_24_preg_01/share/ex_recu_24_preg_01/package.dsv
-- Installing: /home/irene/examen/examen_ros2/install/ex_recu_24_preg_01/share/ament_index/resource_index/packages/ex_recu_24_preg_01
-- Installing: /home/irene/examen/examen_ros2/install/ex_recu_24_preg_01/share/ex_recu_24_preg_01/cmake/ament_cmake_export_include_directories-extras.cmake
-- Installing: /home/irene/examen/examen_ros2/install/ex_recu_24_preg_01/share/ex_recu_24_preg_01/cmake/ament_cmake_export_dependencies-extras.cmake
-- Installing: /home/irene/examen/examen_ros2/install/ex_recu_24_preg_01/share/ex_recu_24_preg_01/cmake/ex_recu_24_preg_01Config.cmake
-- Installing: /home/irene/examen/examen_ros2/install/ex_recu_24_preg_01/share/ex_recu_24_preg_01/cmake/ex_recu_24_preg_01Config-version.cmake
-- Installing: /home/irene/examen/examen_ros2/install/ex_recu_24_preg_01/share/ex_recu_24_preg_01/package.xml
