[0.012s] Invoking command in '/home/irene/examen/examen_ros2/build/ex_recu_24_preg_01': CMAKE_PREFIX_PATH=/home/irene/turtlebot3_ws/install/web_video_server:/home/irene/turtlebot3_ws/install/turtlebot3_simulations:/home/irene/turtlebot3_ws/install/my_world:/home/irene/turtlebot3_ws/install/turtlebot3_gazebo:/home/irene/turtlebot3_ws/install/turtlebot3_fake_node:/home/irene/turtlebot3_ws/install/package_name:/home/irene/turtlebot3_ws/install/custom_interface:/home/irene/turtlebot3_ws/install/show_msg:/home/irene/turtlebot3_ws/install/my_nav2_system:/home/irene/turtlebot3_ws/install/my_first_subscriber:/home/irene/turtlebot3_ws/install/my_first_service:/home/irene/turtlebot3_ws/install/my_first_publisher:/home/irene/turtlebot3_ws/install/my_first_node:/opt/ros/galactic:/home/irene/turtlebot3_ws/install/async_web_server_cpp /usr/bin/cmake /home/irene/examen/examen_ros2/ex_recu_24_preg_01 -DCMAKE_INSTALL_PREFIX=/home/irene/examen/examen_ros2/install/ex_recu_24_preg_01
[0.098s] -- The C compiler identification is GNU 9.4.0
[0.176s] -- The CXX compiler identification is GNU 9.4.0
[0.185s] -- Check for working C compiler: /usr/bin/cc
[0.284s] -- Check for working C compiler: /usr/bin/cc -- works
[0.286s] -- Detecting C compiler ABI info
[0.394s] -- Detecting C compiler ABI info - done
[0.401s] -- Detecting C compile features
[0.401s] -- Detecting C compile features - done
[0.403s] -- Check for working CXX compiler: /usr/bin/c++
[0.512s] -- Check for working CXX compiler: /usr/bin/c++ -- works
[0.514s] -- Detecting CXX compiler ABI info
[0.633s] -- Detecting CXX compiler ABI info - done
[0.650s] -- Detecting CXX compile features
[0.650s] -- Detecting CXX compile features - done
[0.653s] -- Found ament_cmake: 1.1.6 (/opt/ros/galactic/share/ament_cmake/cmake)
[0.679s] -- Found PythonInterp: /usr/bin/python3 (found suitable version "3.8.10", minimum required is "3") 
[0.679s] -- Using PYTHON_EXECUTABLE: /usr/bin/python3
[0.775s] -- Found PkgConfig: /usr/bin/pkg-config (found version "0.29.1") 
[0.779s] -- Checking for module 'bullet>=2.82'
[0.810s] --   Found bullet, version 2.88
[1.041s] -- Found ccd: /usr/include (found suitable version "2.0", minimum required is "2.0") 
[1.149s] -- Found fcl: /usr/include (found suitable version "0.5.0", minimum required is "0.3.2") 
[1.268s] -- Found assimp: /usr/include (found version "5.0.0") 
[1.296s] -- Found DART: /usr/include (Required is at least version "6.6") found components: dart 
[1.680s] -- Found Boost: /usr/lib/x86_64-linux-gnu/cmake/Boost-1.71.0/BoostConfig.cmake (found suitable version "1.71.0", minimum required is "1.40.0") found components: thread system filesystem program_options regex iostreams date_time 
[1.703s] -- Found Protobuf: /usr/lib/x86_64-linux-gnu/libprotobuf.so;-lpthread (found version "3.6.1") 
[1.714s] -- Looking for ignition-math6 -- found version 6.15.1
[1.723s] -- Searching for dependencies of ignition-math6
[1.725s] -- Looking for OGRE...
[1.725s] -- OGRE_PREFIX_WATCH changed.
[1.730s] -- Checking for module 'OGRE'
[1.760s] --   Found OGRE, version 1.9.0
[1.819s] -- Found Ogre Ghadamon (1.9.0)
[1.827s] -- Found OGRE: optimized;/usr/lib/x86_64-linux-gnu/libOgreMain.so;debug;/usr/lib/x86_64-linux-gnu/libOgreMain.so
[1.835s] -- Looking for OGRE_Paging...
[1.842s] -- Found OGRE_Paging: optimized;/usr/lib/x86_64-linux-gnu/libOgrePaging.so;debug;/usr/lib/x86_64-linux-gnu/libOgrePaging.so
[1.842s] -- Looking for OGRE_Terrain...
[1.848s] -- Found OGRE_Terrain: optimized;/usr/lib/x86_64-linux-gnu/libOgreTerrain.so;debug;/usr/lib/x86_64-linux-gnu/libOgreTerrain.so
[1.848s] -- Looking for OGRE_Property...
[1.855s] -- Found OGRE_Property: optimized;/usr/lib/x86_64-linux-gnu/libOgreProperty.so;debug;/usr/lib/x86_64-linux-gnu/libOgreProperty.so
[1.855s] -- Looking for OGRE_RTShaderSystem...
[1.861s] -- Found OGRE_RTShaderSystem: optimized;/usr/lib/x86_64-linux-gnu/libOgreRTShaderSystem.so;debug;/usr/lib/x86_64-linux-gnu/libOgreRTShaderSystem.so
[1.861s] -- Looking for OGRE_Volume...
[1.867s] -- Found OGRE_Volume: optimized;/usr/lib/x86_64-linux-gnu/libOgreVolume.so;debug;/usr/lib/x86_64-linux-gnu/libOgreVolume.so
[1.867s] -- Looking for OGRE_Overlay...
[1.874s] -- Found OGRE_Overlay: optimized;/usr/lib/x86_64-linux-gnu/libOgreOverlay.so;debug;/usr/lib/x86_64-linux-gnu/libOgreOverlay.so
[1.999s] -- Looking for ignition-math6 -- found version 6.15.1
[2.002s] -- Looking for ignition-transport8 -- found version 8.3.0
[2.002s] -- Searching for dependencies of ignition-transport8
[2.025s] -- Found Protobuf: /usr/lib/x86_64-linux-gnu/libprotobuf.so;-lpthread (found suitable version "3.6.1", minimum required is "3") 
[2.036s] -- Config-file not installed for ZeroMQ -- checking for pkg-config
[2.041s] -- Checking for module 'libzmq >= 4'
[2.074s] --   Found libzmq , version 4.3.2
[2.158s] -- Found ZeroMQ: TRUE (Required is at least version "4") 
[2.164s] -- Checking for module 'uuid'
[2.186s] --   Found uuid, version 2.34.0
[2.274s] -- Found UUID: TRUE  
[2.277s] -- Looking for ignition-msgs5 -- found version 5.10.0
[2.278s] -- Searching for dependencies of ignition-msgs5
[2.300s] -- Looking for ignition-math6 -- found version 6.15.1
[2.305s] -- Checking for module 'tinyxml2'
[2.342s] --   Found tinyxml2, version 6.2.0
[2.432s] -- Looking for ignition-msgs5 -- found version 5.10.0
[2.435s] -- Looking for ignition-common3 -- found version 3.14.2
[2.435s] -- Searching for dependencies of ignition-common3
[2.435s] -- Looking for dlfcn.h - found
[2.437s] -- Looking for libdl - found
[2.438s] -- Found DL: TRUE  
[2.446s] -- Searching for <ignition-common3> component [graphics]
[2.449s] -- Looking for ignition-common3-graphics -- found version 3.14.2
[2.449s] -- Searching for dependencies of ignition-common3-graphics
[2.449s] -- Looking for ignition-math6 -- found version 6.15.1
[2.452s] -- Looking for ignition-fuel_tools4 -- found version 4.6.0
[2.453s] -- Searching for dependencies of ignition-fuel_tools4
[2.607s] -- Found CURL: /usr/lib/x86_64-linux-gnu/libcurl.so (found version "7.68.0")  
[2.616s] -- Checking for module 'jsoncpp'
[2.650s] --   Found jsoncpp, version 1.7.4
[2.744s] -- Found JSONCPP: TRUE  
[2.751s] -- Checking for module 'libzip'
[2.781s] --   Found libzip, version 1.5.1
[2.847s] -- Found ZIP: TRUE  
[2.847s] -- Looking for ignition-common3 -- found version 3.14.2
[2.847s] -- Looking for ignition-math6 -- found version 6.15.1
[2.848s] -- Looking for ignition-msgs5 -- found version 5.10.0
[2.851s] -- Found gazebo_ros_pkgs: 3.5.2 (/opt/ros/galactic/share/gazebo_ros_pkgs/cmake)
[2.854s] -- Found geometry_msgs: 2.2.4 (/opt/ros/galactic/share/geometry_msgs/cmake)
[2.886s] -- Using all available rosidl_typesupport_c: rosidl_typesupport_fastrtps_c;rosidl_typesupport_introspection_c
[2.894s] -- Found rosidl_adapter: 2.2.3 (/opt/ros/galactic/share/rosidl_adapter/cmake)
[3.027s] -- Found OpenSSL: /usr/lib/x86_64-linux-gnu/libcrypto.so (found version "1.1.1f")  
[3.060s] -- Found FastRTPS: /opt/ros/galactic/include  
[3.137s] -- Using all available rosidl_typesupport_cpp: rosidl_typesupport_fastrtps_cpp;rosidl_typesupport_introspection_cpp
[3.205s] -- Found nav_msgs: 2.2.4 (/opt/ros/galactic/share/nav_msgs/cmake)
[3.261s] -- Found rclcpp: 9.2.2 (/opt/ros/galactic/share/rclcpp/cmake)
[3.309s] -- Found rmw_implementation_cmake: 3.3.1 (/opt/ros/galactic/share/rmw_implementation_cmake/cmake)
[3.313s] -- Found rmw_cyclonedds_cpp: 0.22.6 (/opt/ros/galactic/share/rmw_cyclonedds_cpp/cmake)
[3.329s] -- Using RMW implementation 'rmw_cyclonedds_cpp' as default
[3.330s] -- Found Threads: TRUE  
[3.444s] -- Found sensor_msgs: 2.2.4 (/opt/ros/galactic/share/sensor_msgs/cmake)
[3.498s] -- Found tf2: 0.17.5 (/opt/ros/galactic/share/tf2/cmake)
[3.507s] -- Found turtlebot3_gazebo: 2.2.4 (/home/irene/turtlebot3_ws/install/turtlebot3_gazebo/share/turtlebot3_gazebo/cmake)
[3.605s] -- Configuring done
[3.613s] -- Generating done
[3.618s] -- Build files have been written to: /home/irene/examen/examen_ros2/build/ex_recu_24_preg_01
[3.627s] Invoked command in '/home/irene/examen/examen_ros2/build/ex_recu_24_preg_01' returned '0': CMAKE_PREFIX_PATH=/home/irene/turtlebot3_ws/install/web_video_server:/home/irene/turtlebot3_ws/install/turtlebot3_simulations:/home/irene/turtlebot3_ws/install/my_world:/home/irene/turtlebot3_ws/install/turtlebot3_gazebo:/home/irene/turtlebot3_ws/install/turtlebot3_fake_node:/home/irene/turtlebot3_ws/install/package_name:/home/irene/turtlebot3_ws/install/custom_interface:/home/irene/turtlebot3_ws/install/show_msg:/home/irene/turtlebot3_ws/install/my_nav2_system:/home/irene/turtlebot3_ws/install/my_first_subscriber:/home/irene/turtlebot3_ws/install/my_first_service:/home/irene/turtlebot3_ws/install/my_first_publisher:/home/irene/turtlebot3_ws/install/my_first_node:/opt/ros/galactic:/home/irene/turtlebot3_ws/install/async_web_server_cpp /usr/bin/cmake /home/irene/examen/examen_ros2/ex_recu_24_preg_01 -DCMAKE_INSTALL_PREFIX=/home/irene/examen/examen_ros2/install/ex_recu_24_preg_01
[3.634s] Invoking command in '/home/irene/examen/examen_ros2/build/ex_recu_24_preg_01': CMAKE_PREFIX_PATH=/home/irene/turtlebot3_ws/install/web_video_server:/home/irene/turtlebot3_ws/install/turtlebot3_simulations:/home/irene/turtlebot3_ws/install/my_world:/home/irene/turtlebot3_ws/install/turtlebot3_gazebo:/home/irene/turtlebot3_ws/install/turtlebot3_fake_node:/home/irene/turtlebot3_ws/install/package_name:/home/irene/turtlebot3_ws/install/custom_interface:/home/irene/turtlebot3_ws/install/show_msg:/home/irene/turtlebot3_ws/install/my_nav2_system:/home/irene/turtlebot3_ws/install/my_first_subscriber:/home/irene/turtlebot3_ws/install/my_first_service:/home/irene/turtlebot3_ws/install/my_first_publisher:/home/irene/turtlebot3_ws/install/my_first_node:/opt/ros/galactic:/home/irene/turtlebot3_ws/install/async_web_server_cpp /usr/bin/cmake --build /home/irene/examen/examen_ros2/build/ex_recu_24_preg_01 -- -j16 -l16
[3.695s] [35m[1mScanning dependencies of target turtlebot3_drive[0m
[3.752s] [ 50%] [32mBuilding CXX object CMakeFiles/turtlebot3_drive.dir/src/turtlebot3_drive.cpp.o[0m
[10.721s] [100%] [32m[1mLinking CXX executable turtlebot3_drive[0m
[11.037s] [100%] Built target turtlebot3_drive
[11.048s] Invoked command in '/home/irene/examen/examen_ros2/build/ex_recu_24_preg_01' returned '0': CMAKE_PREFIX_PATH=/home/irene/turtlebot3_ws/install/web_video_server:/home/irene/turtlebot3_ws/install/turtlebot3_simulations:/home/irene/turtlebot3_ws/install/my_world:/home/irene/turtlebot3_ws/install/turtlebot3_gazebo:/home/irene/turtlebot3_ws/install/turtlebot3_fake_node:/home/irene/turtlebot3_ws/install/package_name:/home/irene/turtlebot3_ws/install/custom_interface:/home/irene/turtlebot3_ws/install/show_msg:/home/irene/turtlebot3_ws/install/my_nav2_system:/home/irene/turtlebot3_ws/install/my_first_subscriber:/home/irene/turtlebot3_ws/install/my_first_service:/home/irene/turtlebot3_ws/install/my_first_publisher:/home/irene/turtlebot3_ws/install/my_first_node:/opt/ros/galactic:/home/irene/turtlebot3_ws/install/async_web_server_cpp /usr/bin/cmake --build /home/irene/examen/examen_ros2/build/ex_recu_24_preg_01 -- -j16 -l16
[11.066s] Invoking command in '/home/irene/examen/examen_ros2/build/ex_recu_24_preg_01': CMAKE_PREFIX_PATH=/home/irene/turtlebot3_ws/install/web_video_server:/home/irene/turtlebot3_ws/install/turtlebot3_simulations:/home/irene/turtlebot3_ws/install/my_world:/home/irene/turtlebot3_ws/install/turtlebot3_gazebo:/home/irene/turtlebot3_ws/install/turtlebot3_fake_node:/home/irene/turtlebot3_ws/install/package_name:/home/irene/turtlebot3_ws/install/custom_interface:/home/irene/turtlebot3_ws/install/show_msg:/home/irene/turtlebot3_ws/install/my_nav2_system:/home/irene/turtlebot3_ws/install/my_first_subscriber:/home/irene/turtlebot3_ws/install/my_first_service:/home/irene/turtlebot3_ws/install/my_first_publisher:/home/irene/turtlebot3_ws/install/my_first_node:/opt/ros/galactic:/home/irene/turtlebot3_ws/install/async_web_server_cpp /usr/bin/cmake --install /home/irene/examen/examen_ros2/build/ex_recu_24_preg_01
[11.078s] -- Install configuration: ""
[11.078s] -- Installing: /home/irene/examen/examen_ros2/install/ex_recu_24_preg_01/lib/ex_recu_24_preg_01/turtlebot3_drive
[11.084s] -- Set runtime path of "/home/irene/examen/examen_ros2/install/ex_recu_24_preg_01/lib/ex_recu_24_preg_01/turtlebot3_drive" to ""
[11.084s] -- Installing: /home/irene/examen/examen_ros2/install/ex_recu_24_preg_01/share/ex_recu_24_preg_01//launch
[11.084s] -- Installing: /home/irene/examen/examen_ros2/install/ex_recu_24_preg_01/share/ex_recu_24_preg_01//launch/ex_recu_24_preg_01_tb3.launch.py
[11.084s] -- Installing: /home/irene/examen/examen_ros2/install/ex_recu_24_preg_01/share/ex_recu_24_preg_01//world
[11.084s] -- Installing: /home/irene/examen/examen_ros2/install/ex_recu_24_preg_01/share/ex_recu_24_preg_01//world/burger_office.world
[11.085s] -- Installing: /home/irene/examen/examen_ros2/install/ex_recu_24_preg_01/share/ex_recu_24_preg_01//urdf
[11.085s] -- Installing: /home/irene/examen/examen_ros2/install/ex_recu_24_preg_01/share/ex_recu_24_preg_01//urdf/turtlebot3_burger.urdf
[11.085s] -- Installing: /home/irene/examen/examen_ros2/install/ex_recu_24_preg_01/share/ex_recu_24_preg_01//models
[11.086s] -- Installing: /home/irene/examen/examen_ros2/install/ex_recu_24_preg_01/share/ex_recu_24_preg_01//models/conference_table_large
[11.086s] -- Installing: /home/irene/examen/examen_ros2/install/ex_recu_24_preg_01/share/ex_recu_24_preg_01//models/conference_table_large/model.sdf
[11.086s] -- Installing: /home/irene/examen/examen_ros2/install/ex_recu_24_preg_01/share/ex_recu_24_preg_01//models/conference_table_large/model.config
[11.086s] -- Installing: /home/irene/examen/examen_ros2/install/ex_recu_24_preg_01/share/ex_recu_24_preg_01//models/conference_table_large/meshes
[11.086s] -- Installing: /home/irene/examen/examen_ros2/install/ex_recu_24_preg_01/share/ex_recu_24_preg_01//models/conference_table_large/meshes/conference_table_large.obj
[11.086s] -- Installing: /home/irene/examen/examen_ros2/install/ex_recu_24_preg_01/share/ex_recu_24_preg_01//models/conference_table_large/meshes/conference_table_large.mtl
[11.086s] -- Installing: /home/irene/examen/examen_ros2/install/ex_recu_24_preg_01/share/ex_recu_24_preg_01//models/tv_stand
[11.086s] -- Installing: /home/irene/examen/examen_ros2/install/ex_recu_24_preg_01/share/ex_recu_24_preg_01//models/tv_stand/model.sdf
[11.086s] -- Installing: /home/irene/examen/examen_ros2/install/ex_recu_24_preg_01/share/ex_recu_24_preg_01//models/tv_stand/model.config
[11.086s] -- Installing: /home/irene/examen/examen_ros2/install/ex_recu_24_preg_01/share/ex_recu_24_preg_01//models/tv_stand/materials
[11.086s] -- Installing: /home/irene/examen/examen_ros2/install/ex_recu_24_preg_01/share/ex_recu_24_preg_01//models/tv_stand/materials/textures
[11.086s] -- Installing: /home/irene/examen/examen_ros2/install/ex_recu_24_preg_01/share/ex_recu_24_preg_01//models/tv_stand/materials/textures/tv_diffuse.png
[11.087s] -- Installing: /home/irene/examen/examen_ros2/install/ex_recu_24_preg_01/share/ex_recu_24_preg_01//models/tv_stand/materials/textures/stand_specular.png
[11.087s] -- Installing: /home/irene/examen/examen_ros2/install/ex_recu_24_preg_01/share/ex_recu_24_preg_01//models/tv_stand/materials/textures/tv_specular.png
[11.087s] -- Installing: /home/irene/examen/examen_ros2/install/ex_recu_24_preg_01/share/ex_recu_24_preg_01//models/tv_stand/materials/textures/stand_diffuse.png
[11.088s] -- Installing: /home/irene/examen/examen_ros2/install/ex_recu_24_preg_01/share/ex_recu_24_preg_01//models/tv_stand/meshes
[11.088s] -- Installing: /home/irene/examen/examen_ros2/install/ex_recu_24_preg_01/share/ex_recu_24_preg_01//models/tv_stand/meshes/tv_stand.dae
[11.088s] -- Installing: /home/irene/examen/examen_ros2/install/ex_recu_24_preg_01/share/ex_recu_24_preg_01//models/media
[11.088s] -- Installing: /home/irene/examen/examen_ros2/install/ex_recu_24_preg_01/share/ex_recu_24_preg_01//models/media/materials
[11.088s] -- Installing: /home/irene/examen/examen_ros2/install/ex_recu_24_preg_01/share/ex_recu_24_preg_01//models/media/materials/textures
[11.088s] -- Installing: /home/irene/examen/examen_ros2/install/ex_recu_24_preg_01/share/ex_recu_24_preg_01//models/media/materials/textures/cubicle_wall.png
[11.089s] -- Installing: /home/irene/examen/examen_ros2/install/ex_recu_24_preg_01/share/ex_recu_24_preg_01//models/media/materials/textures/bathroom.png
[11.091s] -- Installing: /home/irene/examen/examen_ros2/install/ex_recu_24_preg_01/share/ex_recu_24_preg_01//models/media/materials/textures/door_wall.png
[11.091s] -- Installing: /home/irene/examen/examen_ros2/install/ex_recu_24_preg_01/share/ex_recu_24_preg_01//models/media/materials/textures/wall_window_and_elevator.png
[11.092s] -- Installing: /home/irene/examen/examen_ros2/install/ex_recu_24_preg_01/share/ex_recu_24_preg_01//models/media/materials/textures/wall_color.png
[11.092s] -- Installing: /home/irene/examen/examen_ros2/install/ex_recu_24_preg_01/share/ex_recu_24_preg_01//models/media/materials/textures/floors.png
[11.093s] -- Installing: /home/irene/examen/examen_ros2/install/ex_recu_24_preg_01/share/ex_recu_24_preg_01//models/media/materials/textures/hallway.png
[11.093s] -- Installing: /home/irene/examen/examen_ros2/install/ex_recu_24_preg_01/share/ex_recu_24_preg_01//models/media/materials/textures/plain.png
[11.093s] -- Installing: /home/irene/examen/examen_ros2/install/ex_recu_24_preg_01/share/ex_recu_24_preg_01//models/media/materials/textures/wall_plain_and_door.png
[11.093s] -- Installing: /home/irene/examen/examen_ros2/install/ex_recu_24_preg_01/share/ex_recu_24_preg_01//models/media/materials/textures/ceiling.png
[11.094s] -- Installing: /home/irene/examen/examen_ros2/install/ex_recu_24_preg_01/share/ex_recu_24_preg_01//models/media/materials/textures/sink.png
[11.094s] -- Installing: /home/irene/examen/examen_ros2/install/ex_recu_24_preg_01/share/ex_recu_24_preg_01//models/media/materials/textures/window.png
[11.095s] -- Installing: /home/irene/examen/examen_ros2/install/ex_recu_24_preg_01/share/ex_recu_24_preg_01//models/media/materials/textures/elevator.png
[11.095s] -- Installing: /home/irene/examen/examen_ros2/install/ex_recu_24_preg_01/share/ex_recu_24_preg_01//models/media/materials/scripts
[11.095s] -- Installing: /home/irene/examen/examen_ros2/install/ex_recu_24_preg_01/share/ex_recu_24_preg_01//models/media/materials/scripts/servicesim.material
[11.095s] -- Installing: /home/irene/examen/examen_ros2/install/ex_recu_24_preg_01/share/ex_recu_24_preg_01//models/media/meshes
[11.095s] -- Installing: /home/irene/examen/examen_ros2/install/ex_recu_24_preg_01/share/ex_recu_24_preg_01//models/media/meshes/wall_plain.obj
[11.095s] -- Installing: /home/irene/examen/examen_ros2/install/ex_recu_24_preg_01/share/ex_recu_24_preg_01//models/media/meshes/cubicle_wall.obj
[11.095s] -- Installing: /home/irene/examen/examen_ros2/install/ex_recu_24_preg_01/share/ex_recu_24_preg_01//models/media/meshes/wall_door.obj
[11.095s] -- Installing: /home/irene/examen/examen_ros2/install/ex_recu_24_preg_01/share/ex_recu_24_preg_01//models/media/meshes/carpet.obj
[11.095s] -- Installing: /home/irene/examen/examen_ros2/install/ex_recu_24_preg_01/share/ex_recu_24_preg_01//models/media/meshes/wall_elevator.obj
[11.096s] -- Installing: /home/irene/examen/examen_ros2/install/ex_recu_24_preg_01/share/ex_recu_24_preg_01//models/media/meshes/sink.obj
[11.096s] -- Installing: /home/irene/examen/examen_ros2/install/ex_recu_24_preg_01/share/ex_recu_24_preg_01//models/media/meshes/tile.obj
[11.096s] -- Installing: /home/irene/examen/examen_ros2/install/ex_recu_24_preg_01/share/ex_recu_24_preg_01//models/media/meshes/office_large.obj
[11.096s] -- Installing: /home/irene/examen/examen_ros2/install/ex_recu_24_preg_01/share/ex_recu_24_preg_01//models/media/meshes/wall_window.obj
[11.096s] -- Installing: /home/irene/examen/examen_ros2/install/ex_recu_24_preg_01/share/ex_recu_24_preg_01//models/media/meshes/hallway.obj
[11.096s] -- Installing: /home/irene/examen/examen_ros2/install/ex_recu_24_preg_01/share/ex_recu_24_preg_01//models/media/meshes/cubicle_wall.mtl
[11.096s] -- Installing: /home/irene/examen/examen_ros2/install/ex_recu_24_preg_01/share/ex_recu_24_preg_01//models/media/meshes/ceiling.obj
[11.096s] -- Installing: /home/irene/examen/examen_ros2/install/ex_recu_24_preg_01/share/ex_recu_24_preg_01//models/media/meshes/reception.obj
[11.096s] -- Installing: /home/irene/examen/examen_ros2/install/ex_recu_24_preg_01/share/ex_recu_24_preg_01//models/media/meshes/office.mtl
[11.097s] -- Installing: /home/irene/examen/examen_ros2/install/ex_recu_24_preg_01/share/ex_recu_24_preg_01//models/media/meshes/bathroom.obj
[11.097s] -- Installing: /home/irene/examen/examen_ros2/install/ex_recu_24_preg_01/share/ex_recu_24_preg_01//models/media/meshes/refreshment_area.obj
[11.097s] -- Installing: /home/irene/examen/examen_ros2/install/ex_recu_24_preg_01/share/ex_recu_24_preg_01//models/media/meshes/office_small.obj
[11.097s] -- Installing: /home/irene/examen/examen_ros2/install/ex_recu_24_preg_01/share/ex_recu_24_preg_01//models/media/meshes/meeting_room_small.obj
[11.097s] -- Installing: /home/irene/examen/examen_ros2/install/ex_recu_24_preg_01/share/ex_recu_24_preg_01//models/media/meshes/meeting_room_large.obj
[11.097s] -- Installing: /home/irene/examen/examen_ros2/install/ex_recu_24_preg_01/share/ex_recu_24_preg_01//models/office_lamp
[11.097s] -- Installing: /home/irene/examen/examen_ros2/install/ex_recu_24_preg_01/share/ex_recu_24_preg_01//models/office_lamp/model.sdf
[11.097s] -- Installing: /home/irene/examen/examen_ros2/install/ex_recu_24_preg_01/share/ex_recu_24_preg_01//models/office_lamp/model.config
[11.098s] -- Installing: /home/irene/examen/examen_ros2/install/ex_recu_24_preg_01/share/ex_recu_24_preg_01//models/office_lamp/materials
[11.098s] -- Installing: /home/irene/examen/examen_ros2/install/ex_recu_24_preg_01/share/ex_recu_24_preg_01//models/office_lamp/materials/textures
[11.098s] -- Installing: /home/irene/examen/examen_ros2/install/ex_recu_24_preg_01/share/ex_recu_24_preg_01//models/office_lamp/materials/textures/office_lamp_specular.png
[11.099s] -- Installing: /home/irene/examen/examen_ros2/install/ex_recu_24_preg_01/share/ex_recu_24_preg_01//models/office_lamp/materials/textures/office_lamp_diffuse.png
[11.101s] -- Installing: /home/irene/examen/examen_ros2/install/ex_recu_24_preg_01/share/ex_recu_24_preg_01//models/office_lamp/materials/textures/office_lamp_illumination.png
[11.101s] -- Installing: /home/irene/examen/examen_ros2/install/ex_recu_24_preg_01/share/ex_recu_24_preg_01//models/office_lamp/meshes
[11.101s] -- Installing: /home/irene/examen/examen_ros2/install/ex_recu_24_preg_01/share/ex_recu_24_preg_01//models/office_lamp/meshes/office_lamp.dae
[11.102s] -- Installing: /home/irene/examen/examen_ros2/install/ex_recu_24_preg_01/share/ex_recu_24_preg_01//models/conference_table_small
[11.102s] -- Installing: /home/irene/examen/examen_ros2/install/ex_recu_24_preg_01/share/ex_recu_24_preg_01//models/conference_table_small/model.sdf
[11.102s] -- Installing: /home/irene/examen/examen_ros2/install/ex_recu_24_preg_01/share/ex_recu_24_preg_01//models/conference_table_small/model.config
[11.102s] -- Installing: /home/irene/examen/examen_ros2/install/ex_recu_24_preg_01/share/ex_recu_24_preg_01//models/conference_table_small/materials
[11.102s] -- Installing: /home/irene/examen/examen_ros2/install/ex_recu_24_preg_01/share/ex_recu_24_preg_01//models/conference_table_small/materials/textures
[11.102s] -- Installing: /home/irene/examen/examen_ros2/install/ex_recu_24_preg_01/share/ex_recu_24_preg_01//models/conference_table_small/materials/textures/conference_table.png
[11.103s] -- Installing: /home/irene/examen/examen_ros2/install/ex_recu_24_preg_01/share/ex_recu_24_preg_01//models/conference_table_small/meshes
[11.103s] -- Installing: /home/irene/examen/examen_ros2/install/ex_recu_24_preg_01/share/ex_recu_24_preg_01//models/conference_table_small/meshes/conference_table_small.obj
[11.104s] -- Installing: /home/irene/examen/examen_ros2/install/ex_recu_24_preg_01/share/ex_recu_24_preg_01//models/conference_table_small/meshes/conference_table_small.mtl
[11.104s] -- Installing: /home/irene/examen/examen_ros2/install/ex_recu_24_preg_01/share/ex_recu_24_preg_01//models/reception_desk
[11.104s] -- Installing: /home/irene/examen/examen_ros2/install/ex_recu_24_preg_01/share/ex_recu_24_preg_01//models/reception_desk/model.sdf
[11.104s] -- Installing: /home/irene/examen/examen_ros2/install/ex_recu_24_preg_01/share/ex_recu_24_preg_01//models/reception_desk/model.config
[11.104s] -- Installing: /home/irene/examen/examen_ros2/install/ex_recu_24_preg_01/share/ex_recu_24_preg_01//models/reception_desk/materials
[11.104s] -- Installing: /home/irene/examen/examen_ros2/install/ex_recu_24_preg_01/share/ex_recu_24_preg_01//models/reception_desk/materials/textures
[11.104s] -- Installing: /home/irene/examen/examen_ros2/install/ex_recu_24_preg_01/share/ex_recu_24_preg_01//models/reception_desk/materials/textures/reception_desk.png
[11.105s] -- Installing: /home/irene/examen/examen_ros2/install/ex_recu_24_preg_01/share/ex_recu_24_preg_01//models/reception_desk/meshes
[11.105s] -- Installing: /home/irene/examen/examen_ros2/install/ex_recu_24_preg_01/share/ex_recu_24_preg_01//models/reception_desk/meshes/reception_desk.obj
[11.105s] -- Installing: /home/irene/examen/examen_ros2/install/ex_recu_24_preg_01/share/ex_recu_24_preg_01//models/reception_desk/meshes/reception_desk.mtl
[11.105s] -- Installing: /home/irene/examen/examen_ros2/install/ex_recu_24_preg_01/share/ex_recu_24_preg_01//models/whiteboard
[11.105s] -- Installing: /home/irene/examen/examen_ros2/install/ex_recu_24_preg_01/share/ex_recu_24_preg_01//models/whiteboard/model.sdf
[11.105s] -- Installing: /home/irene/examen/examen_ros2/install/ex_recu_24_preg_01/share/ex_recu_24_preg_01//models/whiteboard/model.config
[11.105s] -- Installing: /home/irene/examen/examen_ros2/install/ex_recu_24_preg_01/share/ex_recu_24_preg_01//models/whiteboard/materials
[11.105s] -- Installing: /home/irene/examen/examen_ros2/install/ex_recu_24_preg_01/share/ex_recu_24_preg_01//models/whiteboard/materials/textures
[11.105s] -- Installing: /home/irene/examen/examen_ros2/install/ex_recu_24_preg_01/share/ex_recu_24_preg_01//models/whiteboard/materials/textures/whiteboard.png
[11.106s] -- Installing: /home/irene/examen/examen_ros2/install/ex_recu_24_preg_01/share/ex_recu_24_preg_01//models/whiteboard/meshes
[11.106s] -- Installing: /home/irene/examen/examen_ros2/install/ex_recu_24_preg_01/share/ex_recu_24_preg_01//models/whiteboard/meshes/whiteboard.mtl
[11.106s] -- Installing: /home/irene/examen/examen_ros2/install/ex_recu_24_preg_01/share/ex_recu_24_preg_01//models/whiteboard/meshes/whiteboard.obj
[11.106s] -- Installing: /home/irene/examen/examen_ros2/install/ex_recu_24_preg_01/share/ex_recu_24_preg_01//models/office_box
[11.106s] -- Installing: /home/irene/examen/examen_ros2/install/ex_recu_24_preg_01/share/ex_recu_24_preg_01//models/office_box/model.sdf
[11.106s] -- Installing: /home/irene/examen/examen_ros2/install/ex_recu_24_preg_01/share/ex_recu_24_preg_01//models/office_box/model.config
[11.106s] -- Installing: /home/irene/examen/examen_ros2/install/ex_recu_24_preg_01/share/ex_recu_24_preg_01//models/office_box/materials
[11.107s] -- Installing: /home/irene/examen/examen_ros2/install/ex_recu_24_preg_01/share/ex_recu_24_preg_01//models/office_box/materials/textures
[11.107s] -- Installing: /home/irene/examen/examen_ros2/install/ex_recu_24_preg_01/share/ex_recu_24_preg_01//models/office_box/materials/textures/office_box.png
[11.107s] -- Installing: /home/irene/examen/examen_ros2/install/ex_recu_24_preg_01/share/ex_recu_24_preg_01//models/office_box/meshes
[11.107s] -- Installing: /home/irene/examen/examen_ros2/install/ex_recu_24_preg_01/share/ex_recu_24_preg_01//models/office_box/meshes/office_box.dae
[11.107s] -- Installing: /home/irene/examen/examen_ros2/install/ex_recu_24_preg_01/share/ex_recu_24_preg_01//models/dishwasher
[11.107s] -- Installing: /home/irene/examen/examen_ros2/install/ex_recu_24_preg_01/share/ex_recu_24_preg_01//models/dishwasher/model.sdf
[11.107s] -- Installing: /home/irene/examen/examen_ros2/install/ex_recu_24_preg_01/share/ex_recu_24_preg_01//models/dishwasher/model.config
[11.108s] -- Installing: /home/irene/examen/examen_ros2/install/ex_recu_24_preg_01/share/ex_recu_24_preg_01//models/dishwasher/materials
[11.108s] -- Installing: /home/irene/examen/examen_ros2/install/ex_recu_24_preg_01/share/ex_recu_24_preg_01//models/dishwasher/materials/textures
[11.108s] -- Installing: /home/irene/examen/examen_ros2/install/ex_recu_24_preg_01/share/ex_recu_24_preg_01//models/dishwasher/materials/textures/dishwasher.png
[11.108s] -- Installing: /home/irene/examen/examen_ros2/install/ex_recu_24_preg_01/share/ex_recu_24_preg_01//models/dishwasher/meshes
[11.108s] -- Installing: /home/irene/examen/examen_ros2/install/ex_recu_24_preg_01/share/ex_recu_24_preg_01//models/dishwasher/meshes/dishwasher.mtl
[11.108s] -- Installing: /home/irene/examen/examen_ros2/install/ex_recu_24_preg_01/share/ex_recu_24_preg_01//models/dishwasher/meshes/dishwasher.obj
[11.108s] -- Installing: /home/irene/examen/examen_ros2/install/ex_recu_24_preg_01/share/ex_recu_24_preg_01//models/cubicle_corner
[11.108s] -- Installing: /home/irene/examen/examen_ros2/install/ex_recu_24_preg_01/share/ex_recu_24_preg_01//models/cubicle_corner/model.sdf
[11.108s] -- Installing: /home/irene/examen/examen_ros2/install/ex_recu_24_preg_01/share/ex_recu_24_preg_01//models/cubicle_corner/model.config
[11.109s] -- Installing: /home/irene/examen/examen_ros2/install/ex_recu_24_preg_01/share/ex_recu_24_preg_01//models/cubicle_corner/materials
[11.109s] -- Installing: /home/irene/examen/examen_ros2/install/ex_recu_24_preg_01/share/ex_recu_24_preg_01//models/cubicle_corner/materials/textures
[11.109s] -- Installing: /home/irene/examen/examen_ros2/install/ex_recu_24_preg_01/share/ex_recu_24_preg_01//models/cubicle_corner/materials/textures/cubicle_corner.png
[11.110s] -- Installing: /home/irene/examen/examen_ros2/install/ex_recu_24_preg_01/share/ex_recu_24_preg_01//models/cubicle_corner/meshes
[11.110s] -- Installing: /home/irene/examen/examen_ros2/install/ex_recu_24_preg_01/share/ex_recu_24_preg_01//models/cubicle_corner/meshes/cubicle_corner.obj
[11.111s] -- Installing: /home/irene/examen/examen_ros2/install/ex_recu_24_preg_01/share/ex_recu_24_preg_01//models/cubicle_corner/meshes/cubicle_corner.mtl
[11.111s] -- Installing: /home/irene/examen/examen_ros2/install/ex_recu_24_preg_01/share/ex_recu_24_preg_01//models/office_cafe_table
[11.111s] -- Installing: /home/irene/examen/examen_ros2/install/ex_recu_24_preg_01/share/ex_recu_24_preg_01//models/office_cafe_table/model.sdf
[11.111s] -- Installing: /home/irene/examen/examen_ros2/install/ex_recu_24_preg_01/share/ex_recu_24_preg_01//models/office_cafe_table/model.config
[11.111s] -- Installing: /home/irene/examen/examen_ros2/install/ex_recu_24_preg_01/share/ex_recu_24_preg_01//models/office_cafe_table/materials
[11.111s] -- Installing: /home/irene/examen/examen_ros2/install/ex_recu_24_preg_01/share/ex_recu_24_preg_01//models/office_cafe_table/materials/textures
[11.111s] -- Installing: /home/irene/examen/examen_ros2/install/ex_recu_24_preg_01/share/ex_recu_24_preg_01//models/office_cafe_table/materials/textures/Maple.jpg
[11.111s] -- Installing: /home/irene/examen/examen_ros2/install/ex_recu_24_preg_01/share/ex_recu_24_preg_01//models/office_cafe_table/materials/textures/Wood_Floor_Dark.jpg
[11.111s] -- Installing: /home/irene/examen/examen_ros2/install/ex_recu_24_preg_01/share/ex_recu_24_preg_01//models/office_cafe_table/meshes
[11.111s] -- Installing: /home/irene/examen/examen_ros2/install/ex_recu_24_preg_01/share/ex_recu_24_preg_01//models/office_cafe_table/meshes/office_cafe_table.dae
[11.112s] -- Installing: /home/irene/examen/examen_ros2/install/ex_recu_24_preg_01/share/ex_recu_24_preg_01//models/office_couch
[11.112s] -- Installing: /home/irene/examen/examen_ros2/install/ex_recu_24_preg_01/share/ex_recu_24_preg_01//models/office_couch/model.sdf
[11.112s] -- Installing: /home/irene/examen/examen_ros2/install/ex_recu_24_preg_01/share/ex_recu_24_preg_01//models/office_couch/model.config
[11.112s] -- Installing: /home/irene/examen/examen_ros2/install/ex_recu_24_preg_01/share/ex_recu_24_preg_01//models/office_couch/materials
[11.112s] -- Installing: /home/irene/examen/examen_ros2/install/ex_recu_24_preg_01/share/ex_recu_24_preg_01//models/office_couch/materials/textures
[11.112s] -- Installing: /home/irene/examen/examen_ros2/install/ex_recu_24_preg_01/share/ex_recu_24_preg_01//models/office_couch/materials/textures/office_couch_specular.png
[11.113s] -- Installing: /home/irene/examen/examen_ros2/install/ex_recu_24_preg_01/share/ex_recu_24_preg_01//models/office_couch/materials/textures/office_couch_diffuse.png
[11.116s] -- Installing: /home/irene/examen/examen_ros2/install/ex_recu_24_preg_01/share/ex_recu_24_preg_01//models/office_couch/meshes
[11.116s] -- Installing: /home/irene/examen/examen_ros2/install/ex_recu_24_preg_01/share/ex_recu_24_preg_01//models/office_couch/meshes/office_couch.dae
[11.117s] -- Installing: /home/irene/examen/examen_ros2/install/ex_recu_24_preg_01/share/ex_recu_24_preg_01//models/refrigerator
[11.117s] -- Installing: /home/irene/examen/examen_ros2/install/ex_recu_24_preg_01/share/ex_recu_24_preg_01//models/refrigerator/model.sdf
[11.117s] -- Installing: /home/irene/examen/examen_ros2/install/ex_recu_24_preg_01/share/ex_recu_24_preg_01//models/refrigerator/model.config
[11.117s] -- Installing: /home/irene/examen/examen_ros2/install/ex_recu_24_preg_01/share/ex_recu_24_preg_01//models/refrigerator/materials
[11.117s] -- Installing: /home/irene/examen/examen_ros2/install/ex_recu_24_preg_01/share/ex_recu_24_preg_01//models/refrigerator/materials/textures
[11.117s] -- Installing: /home/irene/examen/examen_ros2/install/ex_recu_24_preg_01/share/ex_recu_24_preg_01//models/refrigerator/materials/textures/refrigerator.png
[11.117s] -- Installing: /home/irene/examen/examen_ros2/install/ex_recu_24_preg_01/share/ex_recu_24_preg_01//models/refrigerator/meshes
[11.117s] -- Installing: /home/irene/examen/examen_ros2/install/ex_recu_24_preg_01/share/ex_recu_24_preg_01//models/refrigerator/meshes/refrigerator.obj
[11.118s] -- Installing: /home/irene/examen/examen_ros2/install/ex_recu_24_preg_01/share/ex_recu_24_preg_01//models/refrigerator/meshes/refrigerator.mtl
[11.118s] -- Installing: /home/irene/examen/examen_ros2/install/ex_recu_24_preg_01/share/ex_recu_24_preg_01//models/microwave
[11.118s] -- Installing: /home/irene/examen/examen_ros2/install/ex_recu_24_preg_01/share/ex_recu_24_preg_01//models/microwave/model.sdf
[11.118s] -- Installing: /home/irene/examen/examen_ros2/install/ex_recu_24_preg_01/share/ex_recu_24_preg_01//models/microwave/model.config
[11.118s] -- Installing: /home/irene/examen/examen_ros2/install/ex_recu_24_preg_01/share/ex_recu_24_preg_01//models/microwave/materials
[11.118s] -- Installing: /home/irene/examen/examen_ros2/install/ex_recu_24_preg_01/share/ex_recu_24_preg_01//models/microwave/materials/textures
[11.118s] -- Installing: /home/irene/examen/examen_ros2/install/ex_recu_24_preg_01/share/ex_recu_24_preg_01//models/microwave/materials/textures/microwave.png
[11.120s] -- Installing: /home/irene/examen/examen_ros2/install/ex_recu_24_preg_01/share/ex_recu_24_preg_01//models/microwave/meshes
[11.120s] -- Installing: /home/irene/examen/examen_ros2/install/ex_recu_24_preg_01/share/ex_recu_24_preg_01//models/microwave/meshes/microwave.mtl
[11.120s] -- Installing: /home/irene/examen/examen_ros2/install/ex_recu_24_preg_01/share/ex_recu_24_preg_01//models/microwave/meshes/microwave.obj
[11.120s] -- Installing: /home/irene/examen/examen_ros2/install/ex_recu_24_preg_01/share/ex_recu_24_preg_01//models/cafe_counter
[11.120s] -- Installing: /home/irene/examen/examen_ros2/install/ex_recu_24_preg_01/share/ex_recu_24_preg_01//models/cafe_counter/model.sdf
[11.120s] -- Installing: /home/irene/examen/examen_ros2/install/ex_recu_24_preg_01/share/ex_recu_24_preg_01//models/cafe_counter/model.config
[11.120s] -- Installing: /home/irene/examen/examen_ros2/install/ex_recu_24_preg_01/share/ex_recu_24_preg_01//models/cafe_counter/materials
[11.120s] -- Installing: /home/irene/examen/examen_ros2/install/ex_recu_24_preg_01/share/ex_recu_24_preg_01//models/cafe_counter/materials/textures
[11.120s] -- Installing: /home/irene/examen/examen_ros2/install/ex_recu_24_preg_01/share/ex_recu_24_preg_01//models/cafe_counter/materials/textures/cafe_counter.png
[11.121s] -- Installing: /home/irene/examen/examen_ros2/install/ex_recu_24_preg_01/share/ex_recu_24_preg_01//models/cafe_counter/meshes
[11.121s] -- Installing: /home/irene/examen/examen_ros2/install/ex_recu_24_preg_01/share/ex_recu_24_preg_01//models/cafe_counter/meshes/cafe_counter.mtl
[11.121s] -- Installing: /home/irene/examen/examen_ros2/install/ex_recu_24_preg_01/share/ex_recu_24_preg_01//models/cafe_counter/meshes/cafe_counter.obj
[11.122s] -- Installing: /home/irene/examen/examen_ros2/install/ex_recu_24_preg_01/share/ex_recu_24_preg_01//models/cafe_counter/meshes/counter_sink.obj
[11.122s] -- Installing: /home/irene/examen/examen_ros2/install/ex_recu_24_preg_01/share/ex_recu_24_preg_01//models/cafe_counter/meshes/counter_no_sink.obj
[11.122s] -- Installing: /home/irene/examen/examen_ros2/install/ex_recu_24_preg_01/share/ex_recu_24_preg_01//models/office_chair
[11.122s] -- Installing: /home/irene/examen/examen_ros2/install/ex_recu_24_preg_01/share/ex_recu_24_preg_01//models/office_chair/model.sdf
[11.122s] -- Installing: /home/irene/examen/examen_ros2/install/ex_recu_24_preg_01/share/ex_recu_24_preg_01//models/office_chair/model.config
[11.122s] -- Installing: /home/irene/examen/examen_ros2/install/ex_recu_24_preg_01/share/ex_recu_24_preg_01//models/office_chair/materials
[11.122s] -- Installing: /home/irene/examen/examen_ros2/install/ex_recu_24_preg_01/share/ex_recu_24_preg_01//models/office_chair/materials/textures
[11.123s] -- Installing: /home/irene/examen/examen_ros2/install/ex_recu_24_preg_01/share/ex_recu_24_preg_01//models/office_chair/materials/textures/office_chair_diffuse.png
[11.124s] -- Installing: /home/irene/examen/examen_ros2/install/ex_recu_24_preg_01/share/ex_recu_24_preg_01//models/office_chair/materials/textures/office_chair_specular.png
[11.125s] -- Installing: /home/irene/examen/examen_ros2/install/ex_recu_24_preg_01/share/ex_recu_24_preg_01//models/office_chair/meshes
[11.125s] -- Installing: /home/irene/examen/examen_ros2/install/ex_recu_24_preg_01/share/ex_recu_24_preg_01//models/office_chair/meshes/office_chair.dae
[11.125s] -- Installing: /home/irene/examen/examen_ros2/install/ex_recu_24_preg_01/share/ex_recu_24_preg_01//models/cubicle_wall
[11.125s] -- Installing: /home/irene/examen/examen_ros2/install/ex_recu_24_preg_01/share/ex_recu_24_preg_01//models/cubicle_wall/model.sdf
[11.125s] -- Installing: /home/irene/examen/examen_ros2/install/ex_recu_24_preg_01/share/ex_recu_24_preg_01//models/cubicle_wall/model.config
[11.125s] -- Installing: /home/irene/examen/examen_ros2/install/ex_recu_24_preg_01/share/ex_recu_24_preg_01//models/cubicle_wall/materials
[11.126s] -- Installing: /home/irene/examen/examen_ros2/install/ex_recu_24_preg_01/share/ex_recu_24_preg_01//models/cubicle_wall/materials/textures
[11.126s] -- Installing: /home/irene/examen/examen_ros2/install/ex_recu_24_preg_01/share/ex_recu_24_preg_01//models/cubicle_wall/materials/textures/cubicle_wall.png
[11.126s] -- Installing: /home/irene/examen/examen_ros2/install/ex_recu_24_preg_01/share/ex_recu_24_preg_01//models/cubicle_wall/meshes
[11.126s] -- Installing: /home/irene/examen/examen_ros2/install/ex_recu_24_preg_01/share/ex_recu_24_preg_01//models/cubicle_wall/meshes/cubicle_wall.obj
[11.126s] -- Installing: /home/irene/examen/examen_ros2/install/ex_recu_24_preg_01/share/ex_recu_24_preg_01//models/cubicle_wall/meshes/cubicle_open.obj
[11.126s] -- Installing: /home/irene/examen/examen_ros2/install/ex_recu_24_preg_01/share/ex_recu_24_preg_01//models/cubicle_wall/meshes/cubicle_wall.mtl
[11.126s] -- Installing: /home/irene/examen/examen_ros2/install/ex_recu_24_preg_01/share/ex_recu_24_preg_01//models/cubicle_wall/meshes/cubicle_closed.obj
[11.126s] -- Installing: /home/irene/examen/examen_ros2/install/ex_recu_24_preg_01/share/ex_recu_24_preg_01//models/cubicle_wall/meshes/cubicle_corner.obj
[11.126s] -- Installing: /home/irene/examen/examen_ros2/install/ex_recu_24_preg_01/share/ex_recu_24_preg_01//models/servicebot
[11.126s] -- Installing: /home/irene/examen/examen_ros2/install/ex_recu_24_preg_01/share/ex_recu_24_preg_01//models/servicebot/model.sdf
[11.127s] -- Installing: /home/irene/examen/examen_ros2/install/ex_recu_24_preg_01/share/ex_recu_24_preg_01//models/servicebot/model.config
[11.127s] -- Installing: /home/irene/examen/examen_ros2/install/ex_recu_24_preg_01/share/ex_recu_24_preg_01//models/servicebot/materials
[11.127s] -- Installing: /home/irene/examen/examen_ros2/install/ex_recu_24_preg_01/share/ex_recu_24_preg_01//models/servicebot/materials/textures
[11.127s] -- Installing: /home/irene/examen/examen_ros2/install/ex_recu_24_preg_01/share/ex_recu_24_preg_01//models/servicebot/materials/textures/servicebot.png
[11.128s] -- Installing: /home/irene/examen/examen_ros2/install/ex_recu_24_preg_01/share/ex_recu_24_preg_01//models/servicebot/meshes
[11.128s] -- Installing: /home/irene/examen/examen_ros2/install/ex_recu_24_preg_01/share/ex_recu_24_preg_01//models/servicebot/meshes/servicebot.mtl
[11.128s] -- Installing: /home/irene/examen/examen_ros2/install/ex_recu_24_preg_01/share/ex_recu_24_preg_01//models/servicebot/meshes/servicebot.obj
[11.129s] -- Installing: /home/irene/examen/examen_ros2/install/ex_recu_24_preg_01/share/ex_recu_24_preg_01//models/bathroom_sink
[11.129s] -- Installing: /home/irene/examen/examen_ros2/install/ex_recu_24_preg_01/share/ex_recu_24_preg_01//models/bathroom_sink/model.sdf
[11.129s] -- Installing: /home/irene/examen/examen_ros2/install/ex_recu_24_preg_01/share/ex_recu_24_preg_01//models/bathroom_sink/model.config
[11.129s] -- Installing: /home/irene/examen/examen_ros2/install/ex_recu_24_preg_01/share/ex_recu_24_preg_01//models/bathroom_sink/materials
[11.130s] -- Installing: /home/irene/examen/examen_ros2/install/ex_recu_24_preg_01/share/ex_recu_24_preg_01//models/bathroom_sink/materials/textures
[11.130s] -- Installing: /home/irene/examen/examen_ros2/install/ex_recu_24_preg_01/share/ex_recu_24_preg_01//models/bathroom_sink/materials/textures/bathroom_sink_specular.png
[11.130s] -- Installing: /home/irene/examen/examen_ros2/install/ex_recu_24_preg_01/share/ex_recu_24_preg_01//models/bathroom_sink/materials/textures/bathroom_sink_diffuse.png
[11.132s] -- Installing: /home/irene/examen/examen_ros2/install/ex_recu_24_preg_01/share/ex_recu_24_preg_01//models/bathroom_sink/meshes
[11.133s] -- Installing: /home/irene/examen/examen_ros2/install/ex_recu_24_preg_01/share/ex_recu_24_preg_01//models/bathroom_sink/meshes/bathroom_sink.dae
[11.133s] -- Installing: /home/irene/examen/examen_ros2/install/ex_recu_24_preg_01/share/ex_recu_24_preg_01//models/desk_chair
[11.133s] -- Installing: /home/irene/examen/examen_ros2/install/ex_recu_24_preg_01/share/ex_recu_24_preg_01//models/desk_chair/model.sdf
[11.133s] -- Installing: /home/irene/examen/examen_ros2/install/ex_recu_24_preg_01/share/ex_recu_24_preg_01//models/desk_chair/model.config
[11.133s] -- Installing: /home/irene/examen/examen_ros2/install/ex_recu_24_preg_01/share/ex_recu_24_preg_01//models/desk_chair/materials
[11.133s] -- Installing: /home/irene/examen/examen_ros2/install/ex_recu_24_preg_01/share/ex_recu_24_preg_01//models/desk_chair/materials/textures
[11.133s] -- Installing: /home/irene/examen/examen_ros2/install/ex_recu_24_preg_01/share/ex_recu_24_preg_01//models/desk_chair/materials/textures/desk_chair.png
[11.137s] -- Installing: /home/irene/examen/examen_ros2/install/ex_recu_24_preg_01/share/ex_recu_24_preg_01//models/desk_chair/meshes
[11.138s] -- Installing: /home/irene/examen/examen_ros2/install/ex_recu_24_preg_01/share/ex_recu_24_preg_01//models/desk_chair/meshes/desk_chair.obj
[11.138s] -- Installing: /home/irene/examen/examen_ros2/install/ex_recu_24_preg_01/share/ex_recu_24_preg_01//models/desk_chair/meshes/desk_chair.mtl
[11.138s] -- Installing: /home/irene/examen/examen_ros2/install/ex_recu_24_preg_01/share/ex_recu_24_preg_01//models/office_desk
[11.138s] -- Installing: /home/irene/examen/examen_ros2/install/ex_recu_24_preg_01/share/ex_recu_24_preg_01//models/office_desk/model.sdf
[11.138s] -- Installing: /home/irene/examen/examen_ros2/install/ex_recu_24_preg_01/share/ex_recu_24_preg_01//models/office_desk/model.config
[11.138s] -- Installing: /home/irene/examen/examen_ros2/install/ex_recu_24_preg_01/share/ex_recu_24_preg_01//models/office_desk/materials
[11.138s] -- Installing: /home/irene/examen/examen_ros2/install/ex_recu_24_preg_01/share/ex_recu_24_preg_01//models/office_desk/materials/textures
[11.138s] -- Installing: /home/irene/examen/examen_ros2/install/ex_recu_24_preg_01/share/ex_recu_24_preg_01//models/office_desk/materials/textures/office_desk_diffuse.png
[11.140s] -- Installing: /home/irene/examen/examen_ros2/install/ex_recu_24_preg_01/share/ex_recu_24_preg_01//models/office_desk/materials/textures/office_desk_specular.png
[11.141s] -- Installing: /home/irene/examen/examen_ros2/install/ex_recu_24_preg_01/share/ex_recu_24_preg_01//models/office_desk/meshes
[11.141s] -- Installing: /home/irene/examen/examen_ros2/install/ex_recu_24_preg_01/share/ex_recu_24_preg_01//models/office_desk/meshes/office_desk.dae
[11.141s] -- Installing: /home/irene/examen/examen_ros2/install/ex_recu_24_preg_01/share/ex_recu_24_preg_01//models/toilet
[11.141s] -- Installing: /home/irene/examen/examen_ros2/install/ex_recu_24_preg_01/share/ex_recu_24_preg_01//models/toilet/model.sdf
[11.141s] -- Installing: /home/irene/examen/examen_ros2/install/ex_recu_24_preg_01/share/ex_recu_24_preg_01//models/toilet/model.config
[11.141s] -- Installing: /home/irene/examen/examen_ros2/install/ex_recu_24_preg_01/share/ex_recu_24_preg_01//models/toilet/materials
[11.141s] -- Installing: /home/irene/examen/examen_ros2/install/ex_recu_24_preg_01/share/ex_recu_24_preg_01//models/toilet/materials/textures
[11.141s] -- Installing: /home/irene/examen/examen_ros2/install/ex_recu_24_preg_01/share/ex_recu_24_preg_01//models/toilet/materials/textures/toilet_diffuse_specular.png
[11.141s] -- Installing: /home/irene/examen/examen_ros2/install/ex_recu_24_preg_01/share/ex_recu_24_preg_01//models/toilet/meshes
[11.141s] -- Installing: /home/irene/examen/examen_ros2/install/ex_recu_24_preg_01/share/ex_recu_24_preg_01//models/toilet/meshes/toilet.dae
[11.142s] -- Installing: /home/irene/examen/examen_ros2/install/ex_recu_24_preg_01/share/ex_recu_24_preg_01//models/office_table
[11.142s] -- Installing: /home/irene/examen/examen_ros2/install/ex_recu_24_preg_01/share/ex_recu_24_preg_01//models/office_table/model.sdf
[11.142s] -- Installing: /home/irene/examen/examen_ros2/install/ex_recu_24_preg_01/share/ex_recu_24_preg_01//models/office_table/model.config
[11.142s] -- Installing: /home/irene/examen/examen_ros2/install/ex_recu_24_preg_01/share/ex_recu_24_preg_01//models/office_table/materials
[11.142s] -- Installing: /home/irene/examen/examen_ros2/install/ex_recu_24_preg_01/share/ex_recu_24_preg_01//models/office_table/materials/textures
[11.142s] -- Installing: /home/irene/examen/examen_ros2/install/ex_recu_24_preg_01/share/ex_recu_24_preg_01//models/office_table/materials/textures/office_table_diffuse.png
[11.143s] -- Installing: /home/irene/examen/examen_ros2/install/ex_recu_24_preg_01/share/ex_recu_24_preg_01//models/office_table/materials/textures/office_table_specular.png
[11.143s] -- Installing: /home/irene/examen/examen_ros2/install/ex_recu_24_preg_01/share/ex_recu_24_preg_01//models/office_table/meshes
[11.143s] -- Installing: /home/irene/examen/examen_ros2/install/ex_recu_24_preg_01/share/ex_recu_24_preg_01//models/office_table/meshes/office_table.dae
[11.143s] -- Installing: /home/irene/examen/examen_ros2/install/ex_recu_24_preg_01/share/ex_recu_24_preg_01//models/conference_table_medium
[11.143s] -- Installing: /home/irene/examen/examen_ros2/install/ex_recu_24_preg_01/share/ex_recu_24_preg_01//models/conference_table_medium/model.sdf
[11.144s] -- Installing: /home/irene/examen/examen_ros2/install/ex_recu_24_preg_01/share/ex_recu_24_preg_01//models/conference_table_medium/model.config
[11.144s] -- Installing: /home/irene/examen/examen_ros2/install/ex_recu_24_preg_01/share/ex_recu_24_preg_01//models/conference_table_medium/meshes
[11.144s] -- Installing: /home/irene/examen/examen_ros2/install/ex_recu_24_preg_01/share/ex_recu_24_preg_01//models/conference_table_medium/meshes/conference_table_medium.mtl
[11.144s] -- Installing: /home/irene/examen/examen_ros2/install/ex_recu_24_preg_01/share/ex_recu_24_preg_01//models/conference_table_medium/meshes/conference_table_medium.obj
[11.144s] -- Installing: /home/irene/examen/examen_ros2/install/ex_recu_24_preg_01/share/ex_recu_24_preg_01//models/desk
[11.144s] -- Installing: /home/irene/examen/examen_ros2/install/ex_recu_24_preg_01/share/ex_recu_24_preg_01//models/desk/model.sdf
[11.144s] -- Installing: /home/irene/examen/examen_ros2/install/ex_recu_24_preg_01/share/ex_recu_24_preg_01//models/desk/model.config
[11.144s] -- Installing: /home/irene/examen/examen_ros2/install/ex_recu_24_preg_01/share/ex_recu_24_preg_01//models/desk/materials
[11.144s] -- Installing: /home/irene/examen/examen_ros2/install/ex_recu_24_preg_01/share/ex_recu_24_preg_01//models/desk/materials/textures
[11.144s] -- Installing: /home/irene/examen/examen_ros2/install/ex_recu_24_preg_01/share/ex_recu_24_preg_01//models/desk/materials/textures/desk.png
[11.145s] -- Installing: /home/irene/examen/examen_ros2/install/ex_recu_24_preg_01/share/ex_recu_24_preg_01//models/desk/meshes
[11.145s] -- Installing: /home/irene/examen/examen_ros2/install/ex_recu_24_preg_01/share/ex_recu_24_preg_01//models/desk/meshes/desk.mtl
[11.145s] -- Installing: /home/irene/examen/examen_ros2/install/ex_recu_24_preg_01/share/ex_recu_24_preg_01//models/desk/meshes/desk.obj
[11.145s] -- Installing: /home/irene/examen/examen_ros2/install/ex_recu_24_preg_01/share/ex_recu_24_preg_01//models/cubicle_island
[11.145s] -- Installing: /home/irene/examen/examen_ros2/install/ex_recu_24_preg_01/share/ex_recu_24_preg_01//models/cubicle_island/model.sdf
[11.145s] -- Installing: /home/irene/examen/examen_ros2/install/ex_recu_24_preg_01/share/ex_recu_24_preg_01//models/cubicle_island/model.config
[11.145s] -- Installing: /home/irene/examen/examen_ros2/install/ex_recu_24_preg_01/share/ex_recu_24_preg_01//models/cubicle_island/materials
[11.145s] -- Installing: /home/irene/examen/examen_ros2/install/ex_recu_24_preg_01/share/ex_recu_24_preg_01//models/cubicle_island/materials/textures
[11.145s] -- Installing: /home/irene/examen/examen_ros2/install/ex_recu_24_preg_01/share/ex_recu_24_preg_01//models/cubicle_island/materials/textures/cubicle_1.png
[11.146s] -- Installing: /home/irene/examen/examen_ros2/install/ex_recu_24_preg_01/share/ex_recu_24_preg_01//models/cubicle_island/materials/textures/cubicle_island.png
[11.147s] -- Installing: /home/irene/examen/examen_ros2/install/ex_recu_24_preg_01/share/ex_recu_24_preg_01//models/cubicle_island/meshes
[11.147s] -- Installing: /home/irene/examen/examen_ros2/install/ex_recu_24_preg_01/share/ex_recu_24_preg_01//models/cubicle_island/meshes/cubicle_island.mtl
[11.147s] -- Installing: /home/irene/examen/examen_ros2/install/ex_recu_24_preg_01/share/ex_recu_24_preg_01//models/cubicle_island/meshes/cubicle_island.obj
[11.148s] -- Installing: /home/irene/examen/examen_ros2/install/ex_recu_24_preg_01/share/ex_recu_24_preg_01//models/coffee_maker
[11.148s] -- Installing: /home/irene/examen/examen_ros2/install/ex_recu_24_preg_01/share/ex_recu_24_preg_01//models/coffee_maker/model.sdf
[11.148s] -- Installing: /home/irene/examen/examen_ros2/install/ex_recu_24_preg_01/share/ex_recu_24_preg_01//models/coffee_maker/model.config
[11.148s] -- Installing: /home/irene/examen/examen_ros2/install/ex_recu_24_preg_01/share/ex_recu_24_preg_01//models/coffee_maker/materials
[11.148s] -- Installing: /home/irene/examen/examen_ros2/install/ex_recu_24_preg_01/share/ex_recu_24_preg_01//models/coffee_maker/materials/textures
[11.148s] -- Installing: /home/irene/examen/examen_ros2/install/ex_recu_24_preg_01/share/ex_recu_24_preg_01//models/coffee_maker/materials/textures/coffee_maker.png
[11.148s] -- Installing: /home/irene/examen/examen_ros2/install/ex_recu_24_preg_01/share/ex_recu_24_preg_01//models/coffee_maker/meshes
[11.148s] -- Installing: /home/irene/examen/examen_ros2/install/ex_recu_24_preg_01/share/ex_recu_24_preg_01//models/coffee_maker/meshes/coffee_maker.obj
[11.149s] -- Installing: /home/irene/examen/examen_ros2/install/ex_recu_24_preg_01/share/ex_recu_24_preg_01//models/coffee_maker/meshes/coffee_maker.mtl
[11.149s] -- Installing: /home/irene/examen/examen_ros2/install/ex_recu_24_preg_01/share/ex_recu_24_preg_01//models/meshes
[11.149s] -- Installing: /home/irene/examen/examen_ros2/install/ex_recu_24_preg_01/share/ex_recu_24_preg_01//models/meshes/wrist.stl
[11.149s] -- Installing: /home/irene/examen/examen_ros2/install/ex_recu_24_preg_01/share/ex_recu_24_preg_01//models/meshes/robot_base.stl
[11.149s] -- Installing: /home/irene/examen/examen_ros2/install/ex_recu_24_preg_01/share/ex_recu_24_preg_01//models/meshes/office
[11.149s] -- Installing: /home/irene/examen/examen_ros2/install/ex_recu_24_preg_01/share/ex_recu_24_preg_01//models/meshes/office/wall_plain.obj
[11.149s] -- Installing: /home/irene/examen/examen_ros2/install/ex_recu_24_preg_01/share/ex_recu_24_preg_01//models/meshes/office/cubicle_wall.obj
[11.149s] -- Installing: /home/irene/examen/examen_ros2/install/ex_recu_24_preg_01/share/ex_recu_24_preg_01//models/meshes/office/wall_door.obj
[11.149s] -- Installing: /home/irene/examen/examen_ros2/install/ex_recu_24_preg_01/share/ex_recu_24_preg_01//models/meshes/office/carpet.obj
[11.149s] -- Installing: /home/irene/examen/examen_ros2/install/ex_recu_24_preg_01/share/ex_recu_24_preg_01//models/meshes/office/wall_elevator.obj
[11.150s] -- Installing: /home/irene/examen/examen_ros2/install/ex_recu_24_preg_01/share/ex_recu_24_preg_01//models/meshes/office/sink.obj
[11.150s] -- Installing: /home/irene/examen/examen_ros2/install/ex_recu_24_preg_01/share/ex_recu_24_preg_01//models/meshes/office/tile.obj
[11.150s] -- Installing: /home/irene/examen/examen_ros2/install/ex_recu_24_preg_01/share/ex_recu_24_preg_01//models/meshes/office/office_large.obj
[11.150s] -- Installing: /home/irene/examen/examen_ros2/install/ex_recu_24_preg_01/share/ex_recu_24_preg_01//models/meshes/office/wall_window.obj
[11.150s] -- Installing: /home/irene/examen/examen_ros2/install/ex_recu_24_preg_01/share/ex_recu_24_preg_01//models/meshes/office/hallway.obj
[11.150s] -- Installing: /home/irene/examen/examen_ros2/install/ex_recu_24_preg_01/share/ex_recu_24_preg_01//models/meshes/office/cubicle_wall.mtl
[11.150s] -- Installing: /home/irene/examen/examen_ros2/install/ex_recu_24_preg_01/share/ex_recu_24_preg_01//models/meshes/office/ceiling.obj
[11.150s] -- Installing: /home/irene/examen/examen_ros2/install/ex_recu_24_preg_01/share/ex_recu_24_preg_01//models/meshes/office/reception.obj
[11.150s] -- Installing: /home/irene/examen/examen_ros2/install/ex_recu_24_preg_01/share/ex_recu_24_preg_01//models/meshes/office/office.mtl
[11.150s] -- Installing: /home/irene/examen/examen_ros2/install/ex_recu_24_preg_01/share/ex_recu_24_preg_01//models/meshes/office/bathroom.obj
[11.151s] -- Installing: /home/irene/examen/examen_ros2/install/ex_recu_24_preg_01/share/ex_recu_24_preg_01//models/meshes/office/refreshment_area.obj
[11.151s] -- Installing: /home/irene/examen/examen_ros2/install/ex_recu_24_preg_01/share/ex_recu_24_preg_01//models/meshes/office/office_small.obj
[11.151s] -- Installing: /home/irene/examen/examen_ros2/install/ex_recu_24_preg_01/share/ex_recu_24_preg_01//models/meshes/office/meeting_room_small.obj
[11.151s] -- Installing: /home/irene/examen/examen_ros2/install/ex_recu_24_preg_01/share/ex_recu_24_preg_01//models/meshes/office/meeting_room_large.obj
[11.151s] -- Installing: /home/irene/examen/examen_ros2/install/ex_recu_24_preg_01/share/ex_recu_24_preg_01//models/meshes/cafe
[11.151s] -- Installing: /home/irene/examen/examen_ros2/install/ex_recu_24_preg_01/share/ex_recu_24_preg_01//models/meshes/cafe/walk.dae
[11.151s] -- Installing: /home/irene/examen/examen_ros2/install/ex_recu_24_preg_01/share/ex_recu_24_preg_01//models/meshes/arm_base.stl
[11.151s] -- Installing: /home/irene/examen/examen_ros2/install/ex_recu_24_preg_01/share/ex_recu_24_preg_01//models/meshes/elbow.stl
[11.151s] -- Installing: /home/irene/examen/examen_ros2/install/ex_recu_24_preg_01/share/ex_recu_24_preg_01//models/meshes/bicep.stl
[11.151s] -- Installing: /home/irene/examen/examen_ros2/install/ex_recu_24_preg_01/share/ex_recu_24_preg_01//models/meshes/wheel.stl
[11.152s] -- Installing: /home/irene/examen/examen_ros2/install/ex_recu_24_preg_01/share/ex_recu_24_preg_01//models/turtlebot3_burger
[11.152s] -- Installing: /home/irene/examen/examen_ros2/install/ex_recu_24_preg_01/share/ex_recu_24_preg_01//models/turtlebot3_burger/model.sdf
[11.152s] -- Installing: /home/irene/examen/examen_ros2/install/ex_recu_24_preg_01/share/ex_recu_24_preg_01//models/turtlebot3_burger/model-1_4.sdf
[11.152s] -- Installing: /home/irene/examen/examen_ros2/install/ex_recu_24_preg_01/share/ex_recu_24_preg_01//models/turtlebot3_burger/model.config
[11.152s] -- Installing: /home/irene/examen/examen_ros2/install/ex_recu_24_preg_01/share/ex_recu_24_preg_01//models/turtlebot3_burger/meshes
[11.152s] -- Installing: /home/irene/examen/examen_ros2/install/ex_recu_24_preg_01/share/ex_recu_24_preg_01//models/turtlebot3_burger/meshes/tire.dae
[11.152s] -- Installing: /home/irene/examen/examen_ros2/install/ex_recu_24_preg_01/share/ex_recu_24_preg_01//models/turtlebot3_burger/meshes/lds.dae
[11.152s] -- Installing: /home/irene/examen/examen_ros2/install/ex_recu_24_preg_01/share/ex_recu_24_preg_01//models/turtlebot3_burger/meshes/burger_base.dae
[11.152s] -- Installing: /home/irene/examen/examen_ros2/install/ex_recu_24_preg_01/share/ex_recu_24_preg_01//models/computer
[11.153s] -- Installing: /home/irene/examen/examen_ros2/install/ex_recu_24_preg_01/share/ex_recu_24_preg_01//models/computer/model.sdf
[11.153s] -- Installing: /home/irene/examen/examen_ros2/install/ex_recu_24_preg_01/share/ex_recu_24_preg_01//models/computer/model.config
[11.153s] -- Installing: /home/irene/examen/examen_ros2/install/ex_recu_24_preg_01/share/ex_recu_24_preg_01//models/computer/materials
[11.153s] -- Installing: /home/irene/examen/examen_ros2/install/ex_recu_24_preg_01/share/ex_recu_24_preg_01//models/computer/materials/textures
[11.153s] -- Installing: /home/irene/examen/examen_ros2/install/ex_recu_24_preg_01/share/ex_recu_24_preg_01//models/computer/materials/textures/computer.png
[11.154s] -- Installing: /home/irene/examen/examen_ros2/install/ex_recu_24_preg_01/share/ex_recu_24_preg_01//models/computer/meshes
[11.154s] -- Installing: /home/irene/examen/examen_ros2/install/ex_recu_24_preg_01/share/ex_recu_24_preg_01//models/computer/meshes/computer.mtl
[11.154s] -- Installing: /home/irene/examen/examen_ros2/install/ex_recu_24_preg_01/share/ex_recu_24_preg_01//models/computer/meshes/computer_tower.obj
[11.154s] -- Installing: /home/irene/examen/examen_ros2/install/ex_recu_24_preg_01/share/ex_recu_24_preg_01//models/computer/meshes/computer_monitor.obj
[11.154s] -- Installing: /home/irene/examen/examen_ros2/install/ex_recu_24_preg_01/share/ex_recu_24_preg_01//models/computer/meshes/computer.obj
[11.154s] -- Installing: /home/irene/examen/examen_ros2/install/ex_recu_24_preg_01/share/ex_recu_24_preg_01//models/wastebasket
[11.154s] -- Installing: /home/irene/examen/examen_ros2/install/ex_recu_24_preg_01/share/ex_recu_24_preg_01//models/wastebasket/model.sdf
[11.155s] -- Installing: /home/irene/examen/examen_ros2/install/ex_recu_24_preg_01/share/ex_recu_24_preg_01//models/wastebasket/model.config
[11.155s] -- Installing: /home/irene/examen/examen_ros2/install/ex_recu_24_preg_01/share/ex_recu_24_preg_01//models/wastebasket/materials
[11.155s] -- Installing: /home/irene/examen/examen_ros2/install/ex_recu_24_preg_01/share/ex_recu_24_preg_01//models/wastebasket/materials/textures
[11.155s] -- Installing: /home/irene/examen/examen_ros2/install/ex_recu_24_preg_01/share/ex_recu_24_preg_01//models/wastebasket/materials/textures/wastebasket_diffuse.png
[11.155s] -- Installing: /home/irene/examen/examen_ros2/install/ex_recu_24_preg_01/share/ex_recu_24_preg_01//models/wastebasket/meshes
[11.155s] -- Installing: /home/irene/examen/examen_ros2/install/ex_recu_24_preg_01/share/ex_recu_24_preg_01//models/wastebasket/meshes/wastebasket.dae
[11.155s] -- Installing: /home/irene/examen/examen_ros2/install/ex_recu_24_preg_01/share/ex_recu_24_preg_01//models/mini_fridge
[11.155s] -- Installing: /home/irene/examen/examen_ros2/install/ex_recu_24_preg_01/share/ex_recu_24_preg_01//models/mini_fridge/model.sdf
[11.155s] -- Installing: /home/irene/examen/examen_ros2/install/ex_recu_24_preg_01/share/ex_recu_24_preg_01//models/mini_fridge/model.config
[11.155s] -- Installing: /home/irene/examen/examen_ros2/install/ex_recu_24_preg_01/share/ex_recu_24_preg_01//models/mini_fridge/materials
[11.155s] -- Installing: /home/irene/examen/examen_ros2/install/ex_recu_24_preg_01/share/ex_recu_24_preg_01//models/mini_fridge/materials/textures
[11.156s] -- Installing: /home/irene/examen/examen_ros2/install/ex_recu_24_preg_01/share/ex_recu_24_preg_01//models/mini_fridge/materials/textures/mini_fridge.png
[11.156s] -- Installing: /home/irene/examen/examen_ros2/install/ex_recu_24_preg_01/share/ex_recu_24_preg_01//models/mini_fridge/meshes
[11.156s] -- Installing: /home/irene/examen/examen_ros2/install/ex_recu_24_preg_01/share/ex_recu_24_preg_01//models/mini_fridge/meshes/mini_fridge.obj
[11.156s] -- Installing: /home/irene/examen/examen_ros2/install/ex_recu_24_preg_01/share/ex_recu_24_preg_01//models/mini_fridge/meshes/mini_fridge.mtl
[11.156s] -- Installing: /home/irene/examen/examen_ros2/install/ex_recu_24_preg_01/share/ex_recu_24_preg_01//models/door
[11.156s] -- Installing: /home/irene/examen/examen_ros2/install/ex_recu_24_preg_01/share/ex_recu_24_preg_01//models/door/model.sdf
[11.156s] -- Installing: /home/irene/examen/examen_ros2/install/ex_recu_24_preg_01/share/ex_recu_24_preg_01//models/door/model.config
[11.157s] -- Installing: /home/irene/examen/examen_ros2/install/ex_recu_24_preg_01/share/ex_recu_24_preg_01//models/door/materials
[11.157s] -- Installing: /home/irene/examen/examen_ros2/install/ex_recu_24_preg_01/share/ex_recu_24_preg_01//models/door/materials/textures
[11.157s] -- Installing: /home/irene/examen/examen_ros2/install/ex_recu_24_preg_01/share/ex_recu_24_preg_01//models/door/materials/textures/door.png
[11.157s] -- Installing: /home/irene/examen/examen_ros2/install/ex_recu_24_preg_01/share/ex_recu_24_preg_01//models/door/materials/textures/ceiling.png
[11.157s] -- Installing: /home/irene/examen/examen_ros2/install/ex_recu_24_preg_01/share/ex_recu_24_preg_01//models/door/materials/textures/refrigerator.png
[11.157s] -- Installing: /home/irene/examen/examen_ros2/install/ex_recu_24_preg_01/share/ex_recu_24_preg_01//models/door/meshes
[11.158s] -- Installing: /home/irene/examen/examen_ros2/install/ex_recu_24_preg_01/share/ex_recu_24_preg_01//models/door/meshes/door_door.obj
[11.158s] -- Installing: /home/irene/examen/examen_ros2/install/ex_recu_24_preg_01/share/ex_recu_24_preg_01//models/door/meshes/door.obj
[11.158s] -- Installing: /home/irene/examen/examen_ros2/install/ex_recu_24_preg_01/share/ex_recu_24_preg_01//models/door/meshes/door.mtl
[11.158s] -- Installing: /home/irene/examen/examen_ros2/install/ex_recu_24_preg_01/share/ex_recu_24_preg_01//models/door/meshes/door_frame.obj
[11.158s] -- Installing: /home/irene/examen/examen_ros2/install/ex_recu_24_preg_01/share/ex_recu_24_preg_01//models/hangout_chair
[11.158s] -- Installing: /home/irene/examen/examen_ros2/install/ex_recu_24_preg_01/share/ex_recu_24_preg_01//models/hangout_chair/model.sdf
[11.158s] -- Installing: /home/irene/examen/examen_ros2/install/ex_recu_24_preg_01/share/ex_recu_24_preg_01//models/hangout_chair/model.config
[11.158s] -- Installing: /home/irene/examen/examen_ros2/install/ex_recu_24_preg_01/share/ex_recu_24_preg_01//models/hangout_chair/materials
[11.158s] -- Installing: /home/irene/examen/examen_ros2/install/ex_recu_24_preg_01/share/ex_recu_24_preg_01//models/hangout_chair/materials/textures
[11.159s] -- Installing: /home/irene/examen/examen_ros2/install/ex_recu_24_preg_01/share/ex_recu_24_preg_01//models/hangout_chair/materials/textures/hangout_chair.png
[11.161s] -- Installing: /home/irene/examen/examen_ros2/install/ex_recu_24_preg_01/share/ex_recu_24_preg_01//models/hangout_chair/meshes
[11.161s] -- Installing: /home/irene/examen/examen_ros2/install/ex_recu_24_preg_01/share/ex_recu_24_preg_01//models/hangout_chair/meshes/hangout_chair.obj
[11.161s] -- Installing: /home/irene/examen/examen_ros2/install/ex_recu_24_preg_01/share/ex_recu_24_preg_01//models/hangout_chair/meshes/hangout_chair.mtl
[11.161s] -- Installing: /home/irene/examen/examen_ros2/install/ex_recu_24_preg_01/share/ament_index/resource_index/package_run_dependencies/ex_recu_24_preg_01
[11.162s] -- Installing: /home/irene/examen/examen_ros2/install/ex_recu_24_preg_01/share/ament_index/resource_index/parent_prefix_path/ex_recu_24_preg_01
[11.162s] -- Installing: /home/irene/examen/examen_ros2/install/ex_recu_24_preg_01/share/ex_recu_24_preg_01/environment/ament_prefix_path.sh
[11.162s] -- Installing: /home/irene/examen/examen_ros2/install/ex_recu_24_preg_01/share/ex_recu_24_preg_01/environment/ament_prefix_path.dsv
[11.162s] -- Installing: /home/irene/examen/examen_ros2/install/ex_recu_24_preg_01/share/ex_recu_24_preg_01/environment/path.sh
[11.162s] -- Installing: /home/irene/examen/examen_ros2/install/ex_recu_24_preg_01/share/ex_recu_24_preg_01/environment/path.dsv
[11.163s] -- Installing: /home/irene/examen/examen_ros2/install/ex_recu_24_preg_01/share/ex_recu_24_preg_01/local_setup.bash
[11.163s] -- Installing: /home/irene/examen/examen_ros2/install/ex_recu_24_preg_01/share/ex_recu_24_preg_01/local_setup.sh
[11.163s] -- Installing: /home/irene/examen/examen_ros2/install/ex_recu_24_preg_01/share/ex_recu_24_preg_01/local_setup.zsh
[11.163s] -- Installing: /home/irene/examen/examen_ros2/install/ex_recu_24_preg_01/share/ex_recu_24_preg_01/local_setup.dsv
[11.163s] -- Installing: /home/irene/examen/examen_ros2/install/ex_recu_24_preg_01/share/ex_recu_24_preg_01/package.dsv
[11.163s] -- Installing: /home/irene/examen/examen_ros2/install/ex_recu_24_preg_01/share/ament_index/resource_index/packages/ex_recu_24_preg_01
[11.164s] -- Installing: /home/irene/examen/examen_ros2/install/ex_recu_24_preg_01/share/ex_recu_24_preg_01/cmake/ament_cmake_export_include_directories-extras.cmake
[11.164s] -- Installing: /home/irene/examen/examen_ros2/install/ex_recu_24_preg_01/share/ex_recu_24_preg_01/cmake/ament_cmake_export_dependencies-extras.cmake
[11.164s] -- Installing: /home/irene/examen/examen_ros2/install/ex_recu_24_preg_01/share/ex_recu_24_preg_01/cmake/ex_recu_24_preg_01Config.cmake
[11.164s] -- Installing: /home/irene/examen/examen_ros2/install/ex_recu_24_preg_01/share/ex_recu_24_preg_01/cmake/ex_recu_24_preg_01Config-version.cmake
[11.164s] -- Installing: /home/irene/examen/examen_ros2/install/ex_recu_24_preg_01/share/ex_recu_24_preg_01/package.xml
[11.167s] Invoked command in '/home/irene/examen/examen_ros2/build/ex_recu_24_preg_01' returned '0': CMAKE_PREFIX_PATH=/home/irene/turtlebot3_ws/install/web_video_server:/home/irene/turtlebot3_ws/install/turtlebot3_simulations:/home/irene/turtlebot3_ws/install/my_world:/home/irene/turtlebot3_ws/install/turtlebot3_gazebo:/home/irene/turtlebot3_ws/install/turtlebot3_fake_node:/home/irene/turtlebot3_ws/install/package_name:/home/irene/turtlebot3_ws/install/custom_interface:/home/irene/turtlebot3_ws/install/show_msg:/home/irene/turtlebot3_ws/install/my_nav2_system:/home/irene/turtlebot3_ws/install/my_first_subscriber:/home/irene/turtlebot3_ws/install/my_first_service:/home/irene/turtlebot3_ws/install/my_first_publisher:/home/irene/turtlebot3_ws/install/my_first_node:/opt/ros/galactic:/home/irene/turtlebot3_ws/install/async_web_server_cpp /usr/bin/cmake --install /home/irene/examen/examen_ros2/build/ex_recu_24_preg_01
